processing  1/39:------/mnt/wangyh/TCGA_svs/c99e6e41-35cc-4c77-a2de-a427fac8c1a2/TCGA-CF-A9FL-01Z-00-DX1.711B523B-E033-41ED-AE06-6233C89DCC57.svs
extract_patches.py:86: DeprecationWarning: `np.float` is a deprecated alias for the builtin `float`. To silence this warning, use `float` by itself. Doing this will not modify any behavior and is safe. If you specifically wanted the numpy scalar type, use `np.float64` here.
Deprecated in NumPy 1.20; for more details and guidance: https://numpy.org/devdocs/release/1.20.0-notes.html#deprecations
  x = np.float(coord.attrib["X"])
extract_patches.py:87: DeprecationWarning: `np.float` is a deprecated alias for the builtin `float`. To silence this warning, use `float` by itself. Doing this will not modify any behavior and is safe. If you specifically wanted the numpy scalar type, use `np.float64` here.
Deprecated in NumPy 1.20; for more details and guidance: https://numpy.org/devdocs/release/1.20.0-notes.html#deprecations
  y = np.float(coord.attrib["Y"])
extract_patches.py:120: VisibleDeprecationWarning: Creating an ndarray from ragged nested sequences (which is a list-or-tuple of lists-or-tuples-or ndarrays with different lengths or shapes) is deprecated. If you meant to do this, you must specify 'dtype=object' when creating the ndarray.
  contours = np.array(mask_coords[cls])
masks groups includes :['tumor', 'artificial', 'necrosis', 'stroma']
processing ---level 5X,tumor tiles
/mnt/wangyh/TCGA_patches/L/c99e6e41-35cc-4c77-a2de-a427fac8c1a2
Done!
processing ---level 10X,tumor tiles
/mnt/wangyh/TCGA_patches/L/c99e6e41-35cc-4c77-a2de-a427fac8c1a2
Done!
processing ---level 20X,tumor tiles
/mnt/wangyh/TCGA_patches/L/c99e6e41-35cc-4c77-a2de-a427fac8c1a2
Done!
processing ---level 40X,tumor tiles
/mnt/wangyh/TCGA_patches/L/c99e6e41-35cc-4c77-a2de-a427fac8c1a2
Done!
All levels processed!!
processing ---level 5X,non-tumor tiles
/mnt/wangyh/TCGA_patches/L/c99e6e41-35cc-4c77-a2de-a427fac8c1a2
Done!
processing ---level 10X,non-tumor tiles
/mnt/wangyh/TCGA_patches/L/c99e6e41-35cc-4c77-a2de-a427fac8c1a2
Done!
processing ---level 20X,non-tumor tiles
/mnt/wangyh/TCGA_patches/L/c99e6e41-35cc-4c77-a2de-a427fac8c1a2
Done!
processing ---level 40X,non-tumor tiles
/mnt/wangyh/TCGA_patches/L/c99e6e41-35cc-4c77-a2de-a427fac8c1a2
Done!
All levels processed!!
Time consumed : 163.13900320927303 min
******0/39 remain unextract******
processing  2/39:------/mnt/wangyh/TCGA_svs/81c89790-4e48-4314-8b9f-89925a9d51c3/TCGA-CF-A9FM-01Z-00-DX1.F9379708-8E04-435E-BF12-8E3222AE728D.svs
masks groups includes :['tumor', 'artificial', 'necrosis', 'stroma']
processing ---level 5X,tumor tiles
/mnt/wangyh/TCGA_patches/L/81c89790-4e48-4314-8b9f-89925a9d51c3
Done!
processing ---level 10X,tumor tiles
/mnt/wangyh/TCGA_patches/L/81c89790-4e48-4314-8b9f-89925a9d51c3
Done!
processing ---level 20X,tumor tiles
/mnt/wangyh/TCGA_patches/L/81c89790-4e48-4314-8b9f-89925a9d51c3
Done!
processing ---level 40X,tumor tiles
/mnt/wangyh/TCGA_patches/L/81c89790-4e48-4314-8b9f-89925a9d51c3
Done!
All levels processed!!
processing ---level 5X,non-tumor tiles
/mnt/wangyh/TCGA_patches/L/81c89790-4e48-4314-8b9f-89925a9d51c3
Done!
processing ---level 10X,non-tumor tiles
/mnt/wangyh/TCGA_patches/L/81c89790-4e48-4314-8b9f-89925a9d51c3
Done!
processing ---level 20X,non-tumor tiles
/mnt/wangyh/TCGA_patches/L/81c89790-4e48-4314-8b9f-89925a9d51c3
Done!
processing ---level 40X,non-tumor tiles
/mnt/wangyh/TCGA_patches/L/81c89790-4e48-4314-8b9f-89925a9d51c3
Done!
All levels processed!!
Time consumed : 169.27738914489746 min
******0/39 remain unextract******
processing  3/39:------/mnt/wangyh/TCGA_svs/5fdeee52-ae24-4d8c-b35e-436c6dce4d48/TCGA-CU-A0YN-01Z-00-DX1.6C5EAAAF-8F14-49D3-8FFC-9BDAE56CAFD0.svs
masks groups includes :['tumor', 'artificial', 'necrosis', 'stroma']
processing ---level 5X,tumor tiles
/mnt/wangyh/TCGA_patches/L/5fdeee52-ae24-4d8c-b35e-436c6dce4d48
Done!
processing ---level 10X,tumor tiles
/mnt/wangyh/TCGA_patches/L/5fdeee52-ae24-4d8c-b35e-436c6dce4d48
Done!
processing ---level 20X,tumor tiles
/mnt/wangyh/TCGA_patches/L/5fdeee52-ae24-4d8c-b35e-436c6dce4d48
Done!
processing ---level 40X,tumor tiles
/mnt/wangyh/TCGA_patches/L/5fdeee52-ae24-4d8c-b35e-436c6dce4d48
Done!
All levels processed!!
processing ---level 5X,non-tumor tiles
/mnt/wangyh/TCGA_patches/L/5fdeee52-ae24-4d8c-b35e-436c6dce4d48
Done!
processing ---level 10X,non-tumor tiles
/mnt/wangyh/TCGA_patches/L/5fdeee52-ae24-4d8c-b35e-436c6dce4d48
Done!
processing ---level 20X,non-tumor tiles
/mnt/wangyh/TCGA_patches/L/5fdeee52-ae24-4d8c-b35e-436c6dce4d48
Done!
processing ---level 40X,non-tumor tiles
/mnt/wangyh/TCGA_patches/L/5fdeee52-ae24-4d8c-b35e-436c6dce4d48
Done!
All levels processed!!
Time consumed : 80.04524601300558 min
******0/39 remain unextract******
processing  4/39:------/mnt/wangyh/TCGA_svs/480e40d2-2c29-407a-ab7c-bf053a2ca587/TCGA-CU-A0YO-01Z-00-DX1.847097EC-2E17-44BA-9162-6AA298B7CAFD.svs
masks groups includes :['tumor', 'artificial', 'necrosis', 'stroma']
processing ---level 5X,tumor tiles
/mnt/wangyh/TCGA_patches/L/480e40d2-2c29-407a-ab7c-bf053a2ca587
Done!
processing ---level 10X,tumor tiles
/mnt/wangyh/TCGA_patches/L/480e40d2-2c29-407a-ab7c-bf053a2ca587
Done!
processing ---level 20X,tumor tiles
/mnt/wangyh/TCGA_patches/L/480e40d2-2c29-407a-ab7c-bf053a2ca587
Done!
processing ---level 40X,tumor tiles
/mnt/wangyh/TCGA_patches/L/480e40d2-2c29-407a-ab7c-bf053a2ca587
Done!
All levels processed!!
processing ---level 5X,non-tumor tiles
/mnt/wangyh/TCGA_patches/L/480e40d2-2c29-407a-ab7c-bf053a2ca587
Done!
processing ---level 10X,non-tumor tiles
/mnt/wangyh/TCGA_patches/L/480e40d2-2c29-407a-ab7c-bf053a2ca587
Done!
processing ---level 20X,non-tumor tiles
/mnt/wangyh/TCGA_patches/L/480e40d2-2c29-407a-ab7c-bf053a2ca587
Done!
processing ---level 40X,non-tumor tiles
/mnt/wangyh/TCGA_patches/L/480e40d2-2c29-407a-ab7c-bf053a2ca587
Done!
All levels processed!!
Time consumed : 199.50179350773493 min
******0/39 remain unextract******
processing  5/39:------/mnt/wangyh/TCGA_svs/2ab88439-c09e-46bb-8610-9f9234b5dc09/TCGA-CU-A0YR-01Z-00-DX1.B3690B2C-0B90-47D6-8709-D493A74E3F7B.svs
masks groups includes :['tumor', 'artificial', 'necrosis', 'stroma']
processing ---level 5X,tumor tiles
/mnt/wangyh/TCGA_patches/L/2ab88439-c09e-46bb-8610-9f9234b5dc09
Done!
processing ---level 10X,tumor tiles
/mnt/wangyh/TCGA_patches/L/2ab88439-c09e-46bb-8610-9f9234b5dc09
Done!
processing ---level 20X,tumor tiles
/mnt/wangyh/TCGA_patches/L/2ab88439-c09e-46bb-8610-9f9234b5dc09
Done!
processing ---level 40X,tumor tiles
/mnt/wangyh/TCGA_patches/L/2ab88439-c09e-46bb-8610-9f9234b5dc09
Done!
All levels processed!!
processing ---level 5X,non-tumor tiles
/mnt/wangyh/TCGA_patches/L/2ab88439-c09e-46bb-8610-9f9234b5dc09
Done!
processing ---level 10X,non-tumor tiles
/mnt/wangyh/TCGA_patches/L/2ab88439-c09e-46bb-8610-9f9234b5dc09
Done!
processing ---level 20X,non-tumor tiles
/mnt/wangyh/TCGA_patches/L/2ab88439-c09e-46bb-8610-9f9234b5dc09
Done!
processing ---level 40X,non-tumor tiles
/mnt/wangyh/TCGA_patches/L/2ab88439-c09e-46bb-8610-9f9234b5dc09
Done!
All levels processed!!
Time consumed : 99.47147579987843 min
******0/39 remain unextract******
processing  6/39:------/mnt/wangyh/TCGA_svs/3dcec094-521c-4523-ad59-2b6a92df8208/TCGA-CU-A3KJ-01Z-00-DX1.5E6E8B80-4059-4625-AED8-D049F4B63FF7.svs
masks groups includes :['tumor', 'necrosis', 'artificial', 'stroma']
processing ---level 5X,tumor tiles
/mnt/wangyh/TCGA_patches/L/3dcec094-521c-4523-ad59-2b6a92df8208
Done!
processing ---level 10X,tumor tiles
/mnt/wangyh/TCGA_patches/L/3dcec094-521c-4523-ad59-2b6a92df8208
Done!
processing ---level 20X,tumor tiles
/mnt/wangyh/TCGA_patches/L/3dcec094-521c-4523-ad59-2b6a92df8208
Done!
processing ---level 40X,tumor tiles
/mnt/wangyh/TCGA_patches/L/3dcec094-521c-4523-ad59-2b6a92df8208
Done!
All levels processed!!
processing ---level 5X,non-tumor tiles
/mnt/wangyh/TCGA_patches/L/3dcec094-521c-4523-ad59-2b6a92df8208
Done!
processing ---level 10X,non-tumor tiles
/mnt/wangyh/TCGA_patches/L/3dcec094-521c-4523-ad59-2b6a92df8208
Done!
processing ---level 20X,non-tumor tiles
/mnt/wangyh/TCGA_patches/L/3dcec094-521c-4523-ad59-2b6a92df8208
Done!
processing ---level 40X,non-tumor tiles
/mnt/wangyh/TCGA_patches/L/3dcec094-521c-4523-ad59-2b6a92df8208
Done!
All levels processed!!
Time consumed : 112.40148429075877 min
******0/39 remain unextract******
processing  7/39:------/mnt/wangyh/TCGA_svs/944a44c3-567a-43a5-b8e2-257b5bd92cba/TCGA-CU-A3YL-01Z-00-DX1.813C9F59-869C-4B8E-B295-22F67AD83F37.svs
masks groups includes :['tumor', 'artificial', 'necrosis', 'stroma']
processing ---level 5X,tumor tiles
/mnt/wangyh/TCGA_patches/L/944a44c3-567a-43a5-b8e2-257b5bd92cba
Done!
processing ---level 10X,tumor tiles
/mnt/wangyh/TCGA_patches/L/944a44c3-567a-43a5-b8e2-257b5bd92cba
Done!
processing ---level 20X,tumor tiles
/mnt/wangyh/TCGA_patches/L/944a44c3-567a-43a5-b8e2-257b5bd92cba
Done!
processing ---level 40X,tumor tiles
/mnt/wangyh/TCGA_patches/L/944a44c3-567a-43a5-b8e2-257b5bd92cba
Done!
All levels processed!!
processing ---level 5X,non-tumor tiles
/mnt/wangyh/TCGA_patches/L/944a44c3-567a-43a5-b8e2-257b5bd92cba
Done!
processing ---level 10X,non-tumor tiles
/mnt/wangyh/TCGA_patches/L/944a44c3-567a-43a5-b8e2-257b5bd92cba
Done!
processing ---level 20X,non-tumor tiles
/mnt/wangyh/TCGA_patches/L/944a44c3-567a-43a5-b8e2-257b5bd92cba
Done!
processing ---level 40X,non-tumor tiles
/mnt/wangyh/TCGA_patches/L/944a44c3-567a-43a5-b8e2-257b5bd92cba
Done!
All levels processed!!
Time consumed : 240.27550273736318 min
******0/39 remain unextract******
processing  8/39:------/mnt/wangyh/TCGA_svs/69f39d31-135c-43da-a306-0c9bced7da5c/TCGA-CU-A5W6-01Z-00-DX1.11155086-4A71-4207-85B9-CAF7B6D3D60D.svs
masks groups includes :['tumor', 'artificial', 'necrosis', 'stroma']
processing ---level 5X,tumor tiles
/mnt/wangyh/TCGA_patches/L/69f39d31-135c-43da-a306-0c9bced7da5c
Done!
processing ---level 10X,tumor tiles
/mnt/wangyh/TCGA_patches/L/69f39d31-135c-43da-a306-0c9bced7da5c
Done!
processing ---level 20X,tumor tiles
/mnt/wangyh/TCGA_patches/L/69f39d31-135c-43da-a306-0c9bced7da5c
Done!
processing ---level 40X,tumor tiles
/mnt/wangyh/TCGA_patches/L/69f39d31-135c-43da-a306-0c9bced7da5c
Done!
All levels processed!!
processing ---level 5X,non-tumor tiles
/mnt/wangyh/TCGA_patches/L/69f39d31-135c-43da-a306-0c9bced7da5c
Done!
processing ---level 10X,non-tumor tiles
/mnt/wangyh/TCGA_patches/L/69f39d31-135c-43da-a306-0c9bced7da5c
Done!
processing ---level 20X,non-tumor tiles
/mnt/wangyh/TCGA_patches/L/69f39d31-135c-43da-a306-0c9bced7da5c
Done!
processing ---level 40X,non-tumor tiles
/mnt/wangyh/TCGA_patches/L/69f39d31-135c-43da-a306-0c9bced7da5c
Done!
All levels processed!!
Time consumed : 148.6529927333196 min
******0/39 remain unextract******
processing  9/39:------/mnt/wangyh/TCGA_svs/b547c726-249c-41f2-b33f-95efc7634015/TCGA-CU-A72E-01Z-00-DX1.11B1B313-85DB-460B-9B78-398224F63A04.svs
masks groups includes :['tumor', 'artificial', 'necrosis', 'stroma']
processing ---level 5X,tumor tiles
/mnt/wangyh/TCGA_patches/L/b547c726-249c-41f2-b33f-95efc7634015
Done!
processing ---level 10X,tumor tiles
/mnt/wangyh/TCGA_patches/L/b547c726-249c-41f2-b33f-95efc7634015
Done!
processing ---level 20X,tumor tiles
/mnt/wangyh/TCGA_patches/L/b547c726-249c-41f2-b33f-95efc7634015
Done!
processing ---level 40X,tumor tiles
/mnt/wangyh/TCGA_patches/L/b547c726-249c-41f2-b33f-95efc7634015
Done!
All levels processed!!
processing ---level 5X,non-tumor tiles
/mnt/wangyh/TCGA_patches/L/b547c726-249c-41f2-b33f-95efc7634015
Done!
processing ---level 10X,non-tumor tiles
/mnt/wangyh/TCGA_patches/L/b547c726-249c-41f2-b33f-95efc7634015
Done!
processing ---level 20X,non-tumor tiles
/mnt/wangyh/TCGA_patches/L/b547c726-249c-41f2-b33f-95efc7634015
Done!
processing ---level 40X,non-tumor tiles
/mnt/wangyh/TCGA_patches/L/b547c726-249c-41f2-b33f-95efc7634015
Done!
All levels processed!!
Time consumed : 195.28565805753072 min
******0/39 remain unextract******
processing  10/39:------/mnt/wangyh/TCGA_svs/96801e78-2025-415a-ad46-780ae379e31a/TCGA-DK-A1A3-01Z-00-DX1.89FB6586-56D1-4EF7-AE4B-66EED29667CD.svs
masks groups includes :['tumor', 'artificial', 'necrosis', 'stroma']
processing ---level 5X,tumor tiles
/mnt/wangyh/TCGA_patches/H/96801e78-2025-415a-ad46-780ae379e31a
Done!
processing ---level 10X,tumor tiles
/mnt/wangyh/TCGA_patches/H/96801e78-2025-415a-ad46-780ae379e31a
Done!
processing ---level 20X,tumor tiles
/mnt/wangyh/TCGA_patches/H/96801e78-2025-415a-ad46-780ae379e31a
Done!
processing ---level 40X,tumor tiles
/mnt/wangyh/TCGA_patches/H/96801e78-2025-415a-ad46-780ae379e31a
Done!
All levels processed!!
processing ---level 5X,non-tumor tiles
/mnt/wangyh/TCGA_patches/H/96801e78-2025-415a-ad46-780ae379e31a
Done!
processing ---level 10X,non-tumor tiles
/mnt/wangyh/TCGA_patches/H/96801e78-2025-415a-ad46-780ae379e31a
Done!
processing ---level 20X,non-tumor tiles
/mnt/wangyh/TCGA_patches/H/96801e78-2025-415a-ad46-780ae379e31a
Done!
processing ---level 40X,non-tumor tiles
/mnt/wangyh/TCGA_patches/H/96801e78-2025-415a-ad46-780ae379e31a
Done!
All levels processed!!
Time consumed : 152.1711859822273 min
******0/39 remain unextract******
processing  11/39:------/mnt/wangyh/TCGA_svs/f16aaab7-7bac-46c1-a2b0-1451fba208f2/TCGA-DK-A1A5-01Z-00-DX1.463753DB-C4EA-4973-AF04-4BD0FF39C19D.svs
masks groups includes :['tumor', 'artificial', 'necrosis', 'stroma']
processing ---level 5X,tumor tiles
/mnt/wangyh/TCGA_patches/L/f16aaab7-7bac-46c1-a2b0-1451fba208f2
Done!
processing ---level 10X,tumor tiles
/mnt/wangyh/TCGA_patches/L/f16aaab7-7bac-46c1-a2b0-1451fba208f2
Done!
processing ---level 20X,tumor tiles
/mnt/wangyh/TCGA_patches/L/f16aaab7-7bac-46c1-a2b0-1451fba208f2
Done!
processing ---level 40X,tumor tiles
/mnt/wangyh/TCGA_patches/L/f16aaab7-7bac-46c1-a2b0-1451fba208f2
Done!
All levels processed!!
processing ---level 5X,non-tumor tiles
/mnt/wangyh/TCGA_patches/L/f16aaab7-7bac-46c1-a2b0-1451fba208f2
Done!
processing ---level 10X,non-tumor tiles
/mnt/wangyh/TCGA_patches/L/f16aaab7-7bac-46c1-a2b0-1451fba208f2
Done!
processing ---level 20X,non-tumor tiles
/mnt/wangyh/TCGA_patches/L/f16aaab7-7bac-46c1-a2b0-1451fba208f2
Done!
processing ---level 40X,non-tumor tiles
/mnt/wangyh/TCGA_patches/L/f16aaab7-7bac-46c1-a2b0-1451fba208f2
Done!
All levels processed!!
Time consumed : 186.5611603776614 min
******0/39 remain unextract******
processing  12/39:------/mnt/wangyh/TCGA_svs/0b804fd8-70c4-458d-a172-3329118ca6d3/TCGA-DK-A1A7-01Z-00-DX1.57B1442D-8862-447F-98D4-0D52F7B94E62.svs
masks groups includes :['tumor', 'artificial', 'necrosis', 'stroma']
processing ---level 5X,tumor tiles
/mnt/wangyh/TCGA_patches/L/0b804fd8-70c4-458d-a172-3329118ca6d3
Done!
processing ---level 10X,tumor tiles
/mnt/wangyh/TCGA_patches/L/0b804fd8-70c4-458d-a172-3329118ca6d3
Done!
processing ---level 20X,tumor tiles
/mnt/wangyh/TCGA_patches/L/0b804fd8-70c4-458d-a172-3329118ca6d3
Done!
processing ---level 40X,tumor tiles
/mnt/wangyh/TCGA_patches/L/0b804fd8-70c4-458d-a172-3329118ca6d3
Done!
All levels processed!!
processing ---level 5X,non-tumor tiles
/mnt/wangyh/TCGA_patches/L/0b804fd8-70c4-458d-a172-3329118ca6d3
Done!
processing ---level 10X,non-tumor tiles
/mnt/wangyh/TCGA_patches/L/0b804fd8-70c4-458d-a172-3329118ca6d3
Done!
processing ---level 20X,non-tumor tiles
/mnt/wangyh/TCGA_patches/L/0b804fd8-70c4-458d-a172-3329118ca6d3
Done!
processing ---level 40X,non-tumor tiles
/mnt/wangyh/TCGA_patches/L/0b804fd8-70c4-458d-a172-3329118ca6d3
Done!
All levels processed!!
Time consumed : 123.97873860994974 min
******0/39 remain unextract******
processing  13/39:------/mnt/wangyh/TCGA_svs/fda355ff-222a-4f89-89c4-712b9f845975/TCGA-DK-A1AA-01Z-00-DX1.11F015AE-3B8A-4827-93E2-54F8563BE248.svs
masks groups includes :['tumor', 'artificial', 'necrosis', 'stroma']
processing ---level 5X,tumor tiles
/mnt/wangyh/TCGA_patches/L/fda355ff-222a-4f89-89c4-712b9f845975
Done!
processing ---level 10X,tumor tiles
/mnt/wangyh/TCGA_patches/L/fda355ff-222a-4f89-89c4-712b9f845975
Done!
processing ---level 20X,tumor tiles
/mnt/wangyh/TCGA_patches/L/fda355ff-222a-4f89-89c4-712b9f845975
Done!
processing ---level 40X,tumor tiles
/mnt/wangyh/TCGA_patches/L/fda355ff-222a-4f89-89c4-712b9f845975
Done!
All levels processed!!
processing ---level 5X,non-tumor tiles
/mnt/wangyh/TCGA_patches/L/fda355ff-222a-4f89-89c4-712b9f845975
Done!
processing ---level 10X,non-tumor tiles
/mnt/wangyh/TCGA_patches/L/fda355ff-222a-4f89-89c4-712b9f845975
Done!
processing ---level 20X,non-tumor tiles
/mnt/wangyh/TCGA_patches/L/fda355ff-222a-4f89-89c4-712b9f845975
Done!
processing ---level 40X,non-tumor tiles
/mnt/wangyh/TCGA_patches/L/fda355ff-222a-4f89-89c4-712b9f845975
Done!
All levels processed!!
Time consumed : 200.48870366414388 min
******0/39 remain unextract******
processing  14/39:------/mnt/wangyh/TCGA_svs/ba378a22-d8ab-4818-9a27-fa071001d133/TCGA-DK-A1AB-01Z-00-DX1.D6032D7B-43EF-469B-A29D-D6DC41DB46D7.svs
masks groups includes :['tumor', 'stroma', 'artificial', 'necrosis']
processing ---level 5X,tumor tiles
/mnt/wangyh/TCGA_patches/L/ba378a22-d8ab-4818-9a27-fa071001d133
Done!
processing ---level 10X,tumor tiles
/mnt/wangyh/TCGA_patches/L/ba378a22-d8ab-4818-9a27-fa071001d133
Done!
processing ---level 20X,tumor tiles
/mnt/wangyh/TCGA_patches/L/ba378a22-d8ab-4818-9a27-fa071001d133
Done!
processing ---level 40X,tumor tiles
/mnt/wangyh/TCGA_patches/L/ba378a22-d8ab-4818-9a27-fa071001d133
Done!
All levels processed!!
processing ---level 5X,non-tumor tiles
/mnt/wangyh/TCGA_patches/L/ba378a22-d8ab-4818-9a27-fa071001d133
Done!
processing ---level 10X,non-tumor tiles
/mnt/wangyh/TCGA_patches/L/ba378a22-d8ab-4818-9a27-fa071001d133
Done!
processing ---level 20X,non-tumor tiles
/mnt/wangyh/TCGA_patches/L/ba378a22-d8ab-4818-9a27-fa071001d133
Done!
processing ---level 40X,non-tumor tiles
/mnt/wangyh/TCGA_patches/L/ba378a22-d8ab-4818-9a27-fa071001d133
Done!
All levels processed!!
Time consumed : 137.41138679583867 min
******0/39 remain unextract******
processing  15/39:------/mnt/wangyh/TCGA_svs/04a64d2e-43dc-4421-9c96-37e8be1d3d92/TCGA-DK-A1AC-01Z-00-DX1.6F484315-00FC-4D41-86E2-16200DC61A04.svs
masks groups includes :['tumor', 'stroma', 'artificial', 'necrosis']
processing ---level 5X,tumor tiles
/mnt/wangyh/TCGA_patches/H/04a64d2e-43dc-4421-9c96-37e8be1d3d92
Done!
processing ---level 10X,tumor tiles
/mnt/wangyh/TCGA_patches/H/04a64d2e-43dc-4421-9c96-37e8be1d3d92
Done!
processing ---level 20X,tumor tiles
/mnt/wangyh/TCGA_patches/H/04a64d2e-43dc-4421-9c96-37e8be1d3d92
Done!
processing ---level 40X,tumor tiles
/mnt/wangyh/TCGA_patches/H/04a64d2e-43dc-4421-9c96-37e8be1d3d92
Done!
All levels processed!!
processing ---level 5X,non-tumor tiles
/mnt/wangyh/TCGA_patches/H/04a64d2e-43dc-4421-9c96-37e8be1d3d92
Done!
processing ---level 10X,non-tumor tiles
/mnt/wangyh/TCGA_patches/H/04a64d2e-43dc-4421-9c96-37e8be1d3d92
Done!
processing ---level 20X,non-tumor tiles
/mnt/wangyh/TCGA_patches/H/04a64d2e-43dc-4421-9c96-37e8be1d3d92
Done!
processing ---level 40X,non-tumor tiles
/mnt/wangyh/TCGA_patches/H/04a64d2e-43dc-4421-9c96-37e8be1d3d92
Done!
All levels processed!!
Time consumed : 235.94801023801168 min
******0/39 remain unextract******
processing  16/39:------/mnt/wangyh/TCGA_svs/06f32f42-ef83-4cbc-95cb-e8a7afcbf25b/TCGA-DK-A1AD-01Z-00-DX1.1B438E00-C022-4CB8-994D-C4EE8E009F00.svs
masks groups includes :['stroma', 'tumor', 'artificial', 'necrosis']
processing ---level 5X,tumor tiles
/mnt/wangyh/TCGA_patches/L/06f32f42-ef83-4cbc-95cb-e8a7afcbf25b
Done!
processing ---level 10X,tumor tiles
/mnt/wangyh/TCGA_patches/L/06f32f42-ef83-4cbc-95cb-e8a7afcbf25b
Done!
processing ---level 20X,tumor tiles
/mnt/wangyh/TCGA_patches/L/06f32f42-ef83-4cbc-95cb-e8a7afcbf25b
Done!
processing ---level 40X,tumor tiles
/mnt/wangyh/TCGA_patches/L/06f32f42-ef83-4cbc-95cb-e8a7afcbf25b
Done!
All levels processed!!
processing ---level 5X,non-tumor tiles
/mnt/wangyh/TCGA_patches/L/06f32f42-ef83-4cbc-95cb-e8a7afcbf25b
Done!
processing ---level 10X,non-tumor tiles
/mnt/wangyh/TCGA_patches/L/06f32f42-ef83-4cbc-95cb-e8a7afcbf25b
Done!
processing ---level 20X,non-tumor tiles
/mnt/wangyh/TCGA_patches/L/06f32f42-ef83-4cbc-95cb-e8a7afcbf25b
Done!
processing ---level 40X,non-tumor tiles
/mnt/wangyh/TCGA_patches/L/06f32f42-ef83-4cbc-95cb-e8a7afcbf25b
Done!
All levels processed!!
Time consumed : 225.436555035909 min
******0/39 remain unextract******
processing  17/39:------/mnt/wangyh/TCGA_svs/385262a9-80ff-49f3-9936-d3af4bd8d560/TCGA-DK-A1AE-01Z-00-DX1.85F1B791-E0CD-479F-9C2D-E411981E4471.svs
masks groups includes :['tumor', 'artificial', 'necrosis', 'stroma']
processing ---level 5X,tumor tiles
/mnt/wangyh/TCGA_patches/L/385262a9-80ff-49f3-9936-d3af4bd8d560
Done!
processing ---level 10X,tumor tiles
/mnt/wangyh/TCGA_patches/L/385262a9-80ff-49f3-9936-d3af4bd8d560
Done!
processing ---level 20X,tumor tiles
/mnt/wangyh/TCGA_patches/L/385262a9-80ff-49f3-9936-d3af4bd8d560
Done!
processing ---level 40X,tumor tiles
/mnt/wangyh/TCGA_patches/L/385262a9-80ff-49f3-9936-d3af4bd8d560
Done!
All levels processed!!
processing ---level 5X,non-tumor tiles
/mnt/wangyh/TCGA_patches/L/385262a9-80ff-49f3-9936-d3af4bd8d560
Done!
processing ---level 10X,non-tumor tiles
/mnt/wangyh/TCGA_patches/L/385262a9-80ff-49f3-9936-d3af4bd8d560
Done!
processing ---level 20X,non-tumor tiles
/mnt/wangyh/TCGA_patches/L/385262a9-80ff-49f3-9936-d3af4bd8d560
Done!
processing ---level 40X,non-tumor tiles
/mnt/wangyh/TCGA_patches/L/385262a9-80ff-49f3-9936-d3af4bd8d560
Done!
All levels processed!!
Time consumed : 164.71611948808035 min
******0/39 remain unextract******
processing  18/39:------/mnt/wangyh/TCGA_svs/121b0ee0-8a97-4d8e-8cde-f8bb7d6f088b/TCGA-DK-A1AF-01Z-00-DX1.E18DE029-27A6-43A6-9E9D-D0225C7D5324.svs
masks groups includes :['tumor', 'stroma', 'artificial', 'necrosis']
processing ---level 5X,tumor tiles
/mnt/wangyh/TCGA_patches/L/121b0ee0-8a97-4d8e-8cde-f8bb7d6f088b
Done!
processing ---level 10X,tumor tiles
/mnt/wangyh/TCGA_patches/L/121b0ee0-8a97-4d8e-8cde-f8bb7d6f088b
Done!
processing ---level 20X,tumor tiles
/mnt/wangyh/TCGA_patches/L/121b0ee0-8a97-4d8e-8cde-f8bb7d6f088b
Done!
processing ---level 40X,tumor tiles
/mnt/wangyh/TCGA_patches/L/121b0ee0-8a97-4d8e-8cde-f8bb7d6f088b
Done!
All levels processed!!
processing ---level 5X,non-tumor tiles
/mnt/wangyh/TCGA_patches/L/121b0ee0-8a97-4d8e-8cde-f8bb7d6f088b
Done!
processing ---level 10X,non-tumor tiles
/mnt/wangyh/TCGA_patches/L/121b0ee0-8a97-4d8e-8cde-f8bb7d6f088b
Done!
processing ---level 20X,non-tumor tiles
/mnt/wangyh/TCGA_patches/L/121b0ee0-8a97-4d8e-8cde-f8bb7d6f088b
Done!
processing ---level 40X,non-tumor tiles
/mnt/wangyh/TCGA_patches/L/121b0ee0-8a97-4d8e-8cde-f8bb7d6f088b
Done!
All levels processed!!
Time consumed : 221.56066915988922 min
******0/39 remain unextract******
processing  19/39:------/mnt/wangyh/TCGA_svs/e618f67d-ccdc-459a-9a3c-ff4709a2394c/TCGA-DK-A1AG-01Z-00-DX1.1794B149-3C25-4C51-B96F-1EA24BCBBB3C.svs
masks groups includes :['tumor', 'stroma', 'artificial', 'necrosis']
processing ---level 5X,tumor tiles
/mnt/wangyh/TCGA_patches/L/e618f67d-ccdc-459a-9a3c-ff4709a2394c
Done!
processing ---level 10X,tumor tiles
/mnt/wangyh/TCGA_patches/L/e618f67d-ccdc-459a-9a3c-ff4709a2394c
Done!
processing ---level 20X,tumor tiles
/mnt/wangyh/TCGA_patches/L/e618f67d-ccdc-459a-9a3c-ff4709a2394c
Done!
processing ---level 40X,tumor tiles
/mnt/wangyh/TCGA_patches/L/e618f67d-ccdc-459a-9a3c-ff4709a2394c
Done!
All levels processed!!
processing ---level 5X,non-tumor tiles
/mnt/wangyh/TCGA_patches/L/e618f67d-ccdc-459a-9a3c-ff4709a2394c
Done!
processing ---level 10X,non-tumor tiles
/mnt/wangyh/TCGA_patches/L/e618f67d-ccdc-459a-9a3c-ff4709a2394c
Done!
processing ---level 20X,non-tumor tiles
/mnt/wangyh/TCGA_patches/L/e618f67d-ccdc-459a-9a3c-ff4709a2394c
Done!
processing ---level 40X,non-tumor tiles
/mnt/wangyh/TCGA_patches/L/e618f67d-ccdc-459a-9a3c-ff4709a2394c
Done!
All levels processed!!
Time consumed : 220.54510382413864 min
******0/39 remain unextract******
processing  20/39:------/mnt/wangyh/TCGA_svs/4ea54b84-5f0a-4177-b073-b84fca21d160/TCGA-DK-A2HX-01Z-00-DX1.F5D261DF-5A52-4BF6-B892-89B245809F7B.svs
masks groups includes :['stroma', 'tumor', 'artificial', 'necrosis']
processing ---level 5X,tumor tiles
/mnt/wangyh/TCGA_patches/L/4ea54b84-5f0a-4177-b073-b84fca21d160
Done!
processing ---level 10X,tumor tiles
/mnt/wangyh/TCGA_patches/L/4ea54b84-5f0a-4177-b073-b84fca21d160
Done!
processing ---level 20X,tumor tiles
/mnt/wangyh/TCGA_patches/L/4ea54b84-5f0a-4177-b073-b84fca21d160
Done!
processing ---level 40X,tumor tiles
/mnt/wangyh/TCGA_patches/L/4ea54b84-5f0a-4177-b073-b84fca21d160
Done!
All levels processed!!
processing ---level 5X,non-tumor tiles
/mnt/wangyh/TCGA_patches/L/4ea54b84-5f0a-4177-b073-b84fca21d160
Done!
processing ---level 10X,non-tumor tiles
/mnt/wangyh/TCGA_patches/L/4ea54b84-5f0a-4177-b073-b84fca21d160
Done!
processing ---level 20X,non-tumor tiles
/mnt/wangyh/TCGA_patches/L/4ea54b84-5f0a-4177-b073-b84fca21d160
Done!
processing ---level 40X,non-tumor tiles
/mnt/wangyh/TCGA_patches/L/4ea54b84-5f0a-4177-b073-b84fca21d160
Done!
All levels processed!!
Time consumed : 137.57704732020696 min
******0/39 remain unextract******
processing  21/39:------/mnt/wangyh/TCGA_svs/5a6f7a33-3599-4473-ba02-4d97b18ad08d/TCGA-DK-A2I1-01Z-00-DX1.7EBA720C-60F8-4012-95D2-F4B10FB74A18.svs
masks groups includes :['tumor', 'artificial', 'necrosis', 'stroma']
processing ---level 5X,tumor tiles
/mnt/wangyh/TCGA_patches/L/5a6f7a33-3599-4473-ba02-4d97b18ad08d
Done!
processing ---level 10X,tumor tiles
/mnt/wangyh/TCGA_patches/L/5a6f7a33-3599-4473-ba02-4d97b18ad08d
Done!
processing ---level 20X,tumor tiles
/mnt/wangyh/TCGA_patches/L/5a6f7a33-3599-4473-ba02-4d97b18ad08d
Done!
processing ---level 40X,tumor tiles
/mnt/wangyh/TCGA_patches/L/5a6f7a33-3599-4473-ba02-4d97b18ad08d
Done!
All levels processed!!
processing ---level 5X,non-tumor tiles
/mnt/wangyh/TCGA_patches/L/5a6f7a33-3599-4473-ba02-4d97b18ad08d
Done!
processing ---level 10X,non-tumor tiles
/mnt/wangyh/TCGA_patches/L/5a6f7a33-3599-4473-ba02-4d97b18ad08d
Done!
processing ---level 20X,non-tumor tiles
/mnt/wangyh/TCGA_patches/L/5a6f7a33-3599-4473-ba02-4d97b18ad08d
Done!
processing ---level 40X,non-tumor tiles
/mnt/wangyh/TCGA_patches/L/5a6f7a33-3599-4473-ba02-4d97b18ad08d
Done!
All levels processed!!
Time consumed : 114.63508131106694 min
******0/39 remain unextract******
processing  22/39:------/mnt/wangyh/TCGA_svs/6ce1b76f-5450-4774-8d79-3cd327a96039/TCGA-DK-A2I2-01Z-00-DX1.FF39546E-EE64-4287-8CB5-585801A08519.svs
masks groups includes :['tumor', 'artificial', 'necrosis', 'stroma']
processing ---level 5X,tumor tiles
/mnt/wangyh/TCGA_patches/L/6ce1b76f-5450-4774-8d79-3cd327a96039
Done!
processing ---level 10X,tumor tiles
/mnt/wangyh/TCGA_patches/L/6ce1b76f-5450-4774-8d79-3cd327a96039
Done!
processing ---level 20X,tumor tiles
/mnt/wangyh/TCGA_patches/L/6ce1b76f-5450-4774-8d79-3cd327a96039
Done!
processing ---level 40X,tumor tiles
/mnt/wangyh/TCGA_patches/L/6ce1b76f-5450-4774-8d79-3cd327a96039
Done!
All levels processed!!
processing ---level 5X,non-tumor tiles
/mnt/wangyh/TCGA_patches/L/6ce1b76f-5450-4774-8d79-3cd327a96039
Done!
processing ---level 10X,non-tumor tiles
/mnt/wangyh/TCGA_patches/L/6ce1b76f-5450-4774-8d79-3cd327a96039
Done!
processing ---level 20X,non-tumor tiles
/mnt/wangyh/TCGA_patches/L/6ce1b76f-5450-4774-8d79-3cd327a96039
Done!
processing ---level 40X,non-tumor tiles
/mnt/wangyh/TCGA_patches/L/6ce1b76f-5450-4774-8d79-3cd327a96039
Done!
All levels processed!!
Time consumed : 182.0896320939064 min
******0/39 remain unextract******
processing  23/39:------/mnt/wangyh/TCGA_svs/8514fa6d-e28b-4269-997f-2ddefe53905c/TCGA-DK-A2I4-01Z-00-DX1.2DE79A2D-575E-4D5A-A6E3-89D551A5FA46.svs
masks groups includes :['tumor', 'artificial', 'necrosis', 'stroma']
processing ---level 5X,tumor tiles
/mnt/wangyh/TCGA_patches/H/8514fa6d-e28b-4269-997f-2ddefe53905c
Done!
processing ---level 10X,tumor tiles
/mnt/wangyh/TCGA_patches/H/8514fa6d-e28b-4269-997f-2ddefe53905c
Done!
processing ---level 20X,tumor tiles
/mnt/wangyh/TCGA_patches/H/8514fa6d-e28b-4269-997f-2ddefe53905c
Done!
processing ---level 40X,tumor tiles
/mnt/wangyh/TCGA_patches/H/8514fa6d-e28b-4269-997f-2ddefe53905c
Done!
All levels processed!!
processing ---level 5X,non-tumor tiles
/mnt/wangyh/TCGA_patches/H/8514fa6d-e28b-4269-997f-2ddefe53905c
Done!
processing ---level 10X,non-tumor tiles
/mnt/wangyh/TCGA_patches/H/8514fa6d-e28b-4269-997f-2ddefe53905c
Done!
processing ---level 20X,non-tumor tiles
/mnt/wangyh/TCGA_patches/H/8514fa6d-e28b-4269-997f-2ddefe53905c
Done!
processing ---level 40X,non-tumor tiles
/mnt/wangyh/TCGA_patches/H/8514fa6d-e28b-4269-997f-2ddefe53905c
Done!
All levels processed!!
Time consumed : 167.66568474372227 min
******0/39 remain unextract******
processing  24/39:------/mnt/wangyh/TCGA_svs/40146d2a-5f02-4dfe-9e42-e92174d06d21/TCGA-DK-A2I6-01Z-00-DX1.7BF86D3B-D4F7-47F9-B021-7FD6B673A238.svs
masks groups includes :['tumor', 'artificial', 'necrosis', 'stroma']
processing ---level 5X,tumor tiles
/mnt/wangyh/TCGA_patches/L/40146d2a-5f02-4dfe-9e42-e92174d06d21
Done!
processing ---level 10X,tumor tiles
/mnt/wangyh/TCGA_patches/L/40146d2a-5f02-4dfe-9e42-e92174d06d21
Done!
processing ---level 20X,tumor tiles
/mnt/wangyh/TCGA_patches/L/40146d2a-5f02-4dfe-9e42-e92174d06d21
Done!
processing ---level 40X,tumor tiles
/mnt/wangyh/TCGA_patches/L/40146d2a-5f02-4dfe-9e42-e92174d06d21
Done!
All levels processed!!
processing ---level 5X,non-tumor tiles
/mnt/wangyh/TCGA_patches/L/40146d2a-5f02-4dfe-9e42-e92174d06d21
Done!
processing ---level 10X,non-tumor tiles
/mnt/wangyh/TCGA_patches/L/40146d2a-5f02-4dfe-9e42-e92174d06d21
Done!
processing ---level 20X,non-tumor tiles
/mnt/wangyh/TCGA_patches/L/40146d2a-5f02-4dfe-9e42-e92174d06d21
Done!
processing ---level 40X,non-tumor tiles
/mnt/wangyh/TCGA_patches/L/40146d2a-5f02-4dfe-9e42-e92174d06d21
Done!
All levels processed!!
Time consumed : 174.11960709095 min
******0/39 remain unextract******
processing  25/39:------/mnt/wangyh/TCGA_svs/eb56ad4f-0af4-4816-9aa4-9f401b9cc029/TCGA-DK-A3IK-01Z-00-DX1.2C3A7E93-113C-4321-94B1-7A228E4897F0.svs
masks groups includes :['tumor', 'artificial', 'necrosis', 'stroma']
processing ---level 5X,tumor tiles
/mnt/wangyh/TCGA_patches/L/eb56ad4f-0af4-4816-9aa4-9f401b9cc029
Done!
processing ---level 10X,tumor tiles
/mnt/wangyh/TCGA_patches/L/eb56ad4f-0af4-4816-9aa4-9f401b9cc029
Done!
processing ---level 20X,tumor tiles
/mnt/wangyh/TCGA_patches/L/eb56ad4f-0af4-4816-9aa4-9f401b9cc029
Done!
processing ---level 40X,tumor tiles
/mnt/wangyh/TCGA_patches/L/eb56ad4f-0af4-4816-9aa4-9f401b9cc029
Done!
All levels processed!!
processing ---level 5X,non-tumor tiles
/mnt/wangyh/TCGA_patches/L/eb56ad4f-0af4-4816-9aa4-9f401b9cc029
Done!
processing ---level 10X,non-tumor tiles
/mnt/wangyh/TCGA_patches/L/eb56ad4f-0af4-4816-9aa4-9f401b9cc029
Done!
processing ---level 20X,non-tumor tiles
/mnt/wangyh/TCGA_patches/L/eb56ad4f-0af4-4816-9aa4-9f401b9cc029
Done!
processing ---level 40X,non-tumor tiles
/mnt/wangyh/TCGA_patches/L/eb56ad4f-0af4-4816-9aa4-9f401b9cc029
Done!
All levels processed!!
Time consumed : 128.434448325634 min
******0/39 remain unextract******
processing  26/39:------/mnt/wangyh/TCGA_svs/bc09ee8e-ff24-4635-852f-84cabce80c0f/TCGA-DK-A3IL-01Z-00-DX1.B3F0006E-CB53-4475-9576-3411C835B25A.svs
masks groups includes :['tumor', 'stroma', 'artificial', 'necrosis']
processing ---level 5X,tumor tiles
/mnt/wangyh/TCGA_patches/L/bc09ee8e-ff24-4635-852f-84cabce80c0f
Done!
processing ---level 10X,tumor tiles
/mnt/wangyh/TCGA_patches/L/bc09ee8e-ff24-4635-852f-84cabce80c0f
Done!
processing ---level 20X,tumor tiles
/mnt/wangyh/TCGA_patches/L/bc09ee8e-ff24-4635-852f-84cabce80c0f
Done!
processing ---level 40X,tumor tiles
/mnt/wangyh/TCGA_patches/L/bc09ee8e-ff24-4635-852f-84cabce80c0f
Done!
All levels processed!!
processing ---level 5X,non-tumor tiles
/mnt/wangyh/TCGA_patches/L/bc09ee8e-ff24-4635-852f-84cabce80c0f
Done!
processing ---level 10X,non-tumor tiles
/mnt/wangyh/TCGA_patches/L/bc09ee8e-ff24-4635-852f-84cabce80c0f
Done!
processing ---level 20X,non-tumor tiles
/mnt/wangyh/TCGA_patches/L/bc09ee8e-ff24-4635-852f-84cabce80c0f
Done!
processing ---level 40X,non-tumor tiles
/mnt/wangyh/TCGA_patches/L/bc09ee8e-ff24-4635-852f-84cabce80c0f
Done!
All levels processed!!
Time consumed : 143.4444958249728 min
******0/39 remain unextract******
processing  27/39:------/mnt/wangyh/TCGA_svs/1a985a2b-c025-4336-a0f5-8b13fbbbba91/TCGA-DK-A3IM-01Z-00-DX1.ED1A8B22-566E-4A95-AF6D-7C9E536BE2B7.svs
masks groups includes :['tumor', 'stroma', 'artificial', 'necrosis']
processing ---level 5X,tumor tiles
/mnt/wangyh/TCGA_patches/L/1a985a2b-c025-4336-a0f5-8b13fbbbba91
Done!
processing ---level 10X,tumor tiles
/mnt/wangyh/TCGA_patches/L/1a985a2b-c025-4336-a0f5-8b13fbbbba91
Done!
processing ---level 20X,tumor tiles
/mnt/wangyh/TCGA_patches/L/1a985a2b-c025-4336-a0f5-8b13fbbbba91
Done!
processing ---level 40X,tumor tiles
/mnt/wangyh/TCGA_patches/L/1a985a2b-c025-4336-a0f5-8b13fbbbba91
Done!
All levels processed!!
processing ---level 5X,non-tumor tiles
/mnt/wangyh/TCGA_patches/L/1a985a2b-c025-4336-a0f5-8b13fbbbba91
Done!
processing ---level 10X,non-tumor tiles
/mnt/wangyh/TCGA_patches/L/1a985a2b-c025-4336-a0f5-8b13fbbbba91
Done!
processing ---level 20X,non-tumor tiles
/mnt/wangyh/TCGA_patches/L/1a985a2b-c025-4336-a0f5-8b13fbbbba91
Done!
processing ---level 40X,non-tumor tiles
/mnt/wangyh/TCGA_patches/L/1a985a2b-c025-4336-a0f5-8b13fbbbba91
Done!
All levels processed!!
Time consumed : 228.66517615318298 min
******0/39 remain unextract******
processing  28/39:------/mnt/wangyh/TCGA_svs/4c35d2a3-cddc-4180-b173-22807ebda8d9/TCGA-DK-A3IN-01Z-00-DX1.2AB0F8FC-CC41-4277-A8AF-8AE709D98DA0.svs
masks groups includes :['tumor', 'artificial', 'necrosis', 'stroma']
processing ---level 5X,tumor tiles
/mnt/wangyh/TCGA_patches/L/4c35d2a3-cddc-4180-b173-22807ebda8d9
Done!
processing ---level 10X,tumor tiles
/mnt/wangyh/TCGA_patches/L/4c35d2a3-cddc-4180-b173-22807ebda8d9
Done!
processing ---level 20X,tumor tiles
/mnt/wangyh/TCGA_patches/L/4c35d2a3-cddc-4180-b173-22807ebda8d9
Done!
processing ---level 40X,tumor tiles
/mnt/wangyh/TCGA_patches/L/4c35d2a3-cddc-4180-b173-22807ebda8d9
Done!
All levels processed!!
processing ---level 5X,non-tumor tiles
/mnt/wangyh/TCGA_patches/L/4c35d2a3-cddc-4180-b173-22807ebda8d9
Done!
processing ---level 10X,non-tumor tiles
/mnt/wangyh/TCGA_patches/L/4c35d2a3-cddc-4180-b173-22807ebda8d9
Done!
processing ---level 20X,non-tumor tiles
/mnt/wangyh/TCGA_patches/L/4c35d2a3-cddc-4180-b173-22807ebda8d9
Done!
processing ---level 40X,non-tumor tiles
/mnt/wangyh/TCGA_patches/L/4c35d2a3-cddc-4180-b173-22807ebda8d9
Done!
All levels processed!!
Time consumed : 124.59973105589549 min
******0/39 remain unextract******
processing  29/39:------/mnt/wangyh/TCGA_svs/623a2751-bade-4d91-9b8e-addd485d0cf9/TCGA-DK-A3IQ-01Z-00-DX1.D68A6FD8-6E48-4FC1-BAF3-B80D6198EFAE.svs
masks groups includes :['tumor', 'stroma', 'artificial', 'necrosis']
processing ---level 5X,tumor tiles
/mnt/wangyh/TCGA_patches/L/623a2751-bade-4d91-9b8e-addd485d0cf9
Done!
processing ---level 10X,tumor tiles
/mnt/wangyh/TCGA_patches/L/623a2751-bade-4d91-9b8e-addd485d0cf9
Done!
processing ---level 20X,tumor tiles
/mnt/wangyh/TCGA_patches/L/623a2751-bade-4d91-9b8e-addd485d0cf9
Done!
processing ---level 40X,tumor tiles
/mnt/wangyh/TCGA_patches/L/623a2751-bade-4d91-9b8e-addd485d0cf9
Done!
All levels processed!!
processing ---level 5X,non-tumor tiles
/mnt/wangyh/TCGA_patches/L/623a2751-bade-4d91-9b8e-addd485d0cf9
Done!
processing ---level 10X,non-tumor tiles
/mnt/wangyh/TCGA_patches/L/623a2751-bade-4d91-9b8e-addd485d0cf9
Done!
processing ---level 20X,non-tumor tiles
/mnt/wangyh/TCGA_patches/L/623a2751-bade-4d91-9b8e-addd485d0cf9
Done!
processing ---level 40X,non-tumor tiles
/mnt/wangyh/TCGA_patches/L/623a2751-bade-4d91-9b8e-addd485d0cf9
Done!
All levels processed!!
Time consumed : 164.472609158357 min
******0/39 remain unextract******
processing  30/39:------/mnt/wangyh/TCGA_svs/8ecf5ffc-7698-40d9-bb6f-0bbba2e22de6/TCGA-DK-A3IS-01Z-00-DX1.31CABE32-36D7-4920-BF5A-9C9D8B54320F.svs
masks groups includes :['tumor', 'stroma', 'artificial', 'necrosis']
processing ---level 5X,tumor tiles
/mnt/wangyh/TCGA_patches/L/8ecf5ffc-7698-40d9-bb6f-0bbba2e22de6
Done!
processing ---level 10X,tumor tiles
/mnt/wangyh/TCGA_patches/L/8ecf5ffc-7698-40d9-bb6f-0bbba2e22de6
Done!
processing ---level 20X,tumor tiles
/mnt/wangyh/TCGA_patches/L/8ecf5ffc-7698-40d9-bb6f-0bbba2e22de6
Done!
processing ---level 40X,tumor tiles
/mnt/wangyh/TCGA_patches/L/8ecf5ffc-7698-40d9-bb6f-0bbba2e22de6
Done!
All levels processed!!
processing ---level 5X,non-tumor tiles
/mnt/wangyh/TCGA_patches/L/8ecf5ffc-7698-40d9-bb6f-0bbba2e22de6
Done!
processing ---level 10X,non-tumor tiles
/mnt/wangyh/TCGA_patches/L/8ecf5ffc-7698-40d9-bb6f-0bbba2e22de6
Done!
processing ---level 20X,non-tumor tiles
/mnt/wangyh/TCGA_patches/L/8ecf5ffc-7698-40d9-bb6f-0bbba2e22de6
Done!
processing ---level 40X,non-tumor tiles
/mnt/wangyh/TCGA_patches/L/8ecf5ffc-7698-40d9-bb6f-0bbba2e22de6
Done!
All levels processed!!
Time consumed : 162.0184977332751 min
******0/39 remain unextract******
processing  31/39:------/mnt/wangyh/TCGA_svs/373dbe78-4e23-4d18-a852-883a55a6f53f/TCGA-DK-A3IT-01Z-00-DX1.819410F8-5E45-484B-8D98-0A3DAB314C6E.svs
masks groups includes :['tumor', 'stroma', 'artificial', 'necrosis']
processing ---level 5X,tumor tiles
/mnt/wangyh/TCGA_patches/H/373dbe78-4e23-4d18-a852-883a55a6f53f
Done!
processing ---level 10X,tumor tiles
/mnt/wangyh/TCGA_patches/H/373dbe78-4e23-4d18-a852-883a55a6f53f
Done!
processing ---level 20X,tumor tiles
/mnt/wangyh/TCGA_patches/H/373dbe78-4e23-4d18-a852-883a55a6f53f
Done!
processing ---level 40X,tumor tiles
/mnt/wangyh/TCGA_patches/H/373dbe78-4e23-4d18-a852-883a55a6f53f
Done!
All levels processed!!
processing ---level 5X,non-tumor tiles
/mnt/wangyh/TCGA_patches/H/373dbe78-4e23-4d18-a852-883a55a6f53f
Done!
processing ---level 10X,non-tumor tiles
/mnt/wangyh/TCGA_patches/H/373dbe78-4e23-4d18-a852-883a55a6f53f
Done!
processing ---level 20X,non-tumor tiles
/mnt/wangyh/TCGA_patches/H/373dbe78-4e23-4d18-a852-883a55a6f53f
Done!
processing ---level 40X,non-tumor tiles
/mnt/wangyh/TCGA_patches/H/373dbe78-4e23-4d18-a852-883a55a6f53f
Done!
All levels processed!!
Time consumed : 180.77684092521667 min
******0/39 remain unextract******
processing  32/39:------/mnt/wangyh/TCGA_svs/1e62759a-5ae0-45e7-9b79-12f450aa7a4c/TCGA-DK-A3IU-01Z-00-DX1.A624F891-20E8-48F6-8FAE-D046F30E257C.svs
masks groups includes :['tumor', 'artificial', 'necrosis', 'stroma']
processing ---level 5X,tumor tiles
/mnt/wangyh/TCGA_patches/L/1e62759a-5ae0-45e7-9b79-12f450aa7a4c
Done!
processing ---level 10X,tumor tiles
/mnt/wangyh/TCGA_patches/L/1e62759a-5ae0-45e7-9b79-12f450aa7a4c
Done!
processing ---level 20X,tumor tiles
/mnt/wangyh/TCGA_patches/L/1e62759a-5ae0-45e7-9b79-12f450aa7a4c
Done!
processing ---level 40X,tumor tiles
/mnt/wangyh/TCGA_patches/L/1e62759a-5ae0-45e7-9b79-12f450aa7a4c
Done!
All levels processed!!
processing ---level 5X,non-tumor tiles
/mnt/wangyh/TCGA_patches/L/1e62759a-5ae0-45e7-9b79-12f450aa7a4c
Done!
processing ---level 10X,non-tumor tiles
/mnt/wangyh/TCGA_patches/L/1e62759a-5ae0-45e7-9b79-12f450aa7a4c
Done!
processing ---level 20X,non-tumor tiles
/mnt/wangyh/TCGA_patches/L/1e62759a-5ae0-45e7-9b79-12f450aa7a4c
Done!
processing ---level 40X,non-tumor tiles
/mnt/wangyh/TCGA_patches/L/1e62759a-5ae0-45e7-9b79-12f450aa7a4c
Done!
All levels processed!!
Time consumed : 275.80526259342827 min
******0/39 remain unextract******
processing  33/39:------/mnt/wangyh/TCGA_svs/a5a995d5-ec47-40a9-9f9d-0d2018da5b77/TCGA-DK-A3IV-01Z-00-DX1.3E7EDFE4-61F6-4EA8-9A29-D70C2785E408.svs
masks groups includes :['tumor', 'stroma', 'artificial', 'necrosis']
processing ---level 5X,tumor tiles
/mnt/wangyh/TCGA_patches/L/a5a995d5-ec47-40a9-9f9d-0d2018da5b77
Done!
processing ---level 10X,tumor tiles
/mnt/wangyh/TCGA_patches/L/a5a995d5-ec47-40a9-9f9d-0d2018da5b77
Done!
processing ---level 20X,tumor tiles
/mnt/wangyh/TCGA_patches/L/a5a995d5-ec47-40a9-9f9d-0d2018da5b77
Done!
processing ---level 40X,tumor tiles
/mnt/wangyh/TCGA_patches/L/a5a995d5-ec47-40a9-9f9d-0d2018da5b77
Done!
All levels processed!!
processing ---level 5X,non-tumor tiles
/mnt/wangyh/TCGA_patches/L/a5a995d5-ec47-40a9-9f9d-0d2018da5b77
Done!
processing ---level 10X,non-tumor tiles
/mnt/wangyh/TCGA_patches/L/a5a995d5-ec47-40a9-9f9d-0d2018da5b77
Done!
processing ---level 20X,non-tumor tiles
/mnt/wangyh/TCGA_patches/L/a5a995d5-ec47-40a9-9f9d-0d2018da5b77
Done!
processing ---level 40X,non-tumor tiles
/mnt/wangyh/TCGA_patches/L/a5a995d5-ec47-40a9-9f9d-0d2018da5b77
Done!
All levels processed!!
Time consumed : 236.59694415330887 min
******0/39 remain unextract******
processing  34/39:------/mnt/wangyh/TCGA_svs/99b11413-0af0-4541-95a0-76fe6a1f4017/TCGA-DK-A3WW-01Z-00-DX1.4C3751B5-BD3E-4902-A092-B5877B67851F.svs
masks groups includes :['tumor', 'artificial', 'necrosis', 'stroma']
processing ---level 5X,tumor tiles
/mnt/wangyh/TCGA_patches/H/99b11413-0af0-4541-95a0-76fe6a1f4017
Done!
processing ---level 10X,tumor tiles
/mnt/wangyh/TCGA_patches/H/99b11413-0af0-4541-95a0-76fe6a1f4017
Done!
processing ---level 20X,tumor tiles
/mnt/wangyh/TCGA_patches/H/99b11413-0af0-4541-95a0-76fe6a1f4017
Done!
processing ---level 40X,tumor tiles
/mnt/wangyh/TCGA_patches/H/99b11413-0af0-4541-95a0-76fe6a1f4017
Done!
All levels processed!!
processing ---level 5X,non-tumor tiles
/mnt/wangyh/TCGA_patches/H/99b11413-0af0-4541-95a0-76fe6a1f4017
Done!
processing ---level 10X,non-tumor tiles
/mnt/wangyh/TCGA_patches/H/99b11413-0af0-4541-95a0-76fe6a1f4017
Done!
processing ---level 20X,non-tumor tiles
/mnt/wangyh/TCGA_patches/H/99b11413-0af0-4541-95a0-76fe6a1f4017
Done!
processing ---level 40X,non-tumor tiles
/mnt/wangyh/TCGA_patches/H/99b11413-0af0-4541-95a0-76fe6a1f4017
Done!
All levels processed!!
Time consumed : 142.49811232884724 min
******0/39 remain unextract******
processing  35/39:------/mnt/wangyh/TCGA_svs/fcfa9fc6-a71d-409f-a436-31f5a721c431/TCGA-DK-A3WY-01Z-00-DX1.B2B8F28A-A9A4-4C6E-8C7F-3008DF2DE498.svs
masks groups includes :['tumor', 'artificial', 'necrosis', 'stroma']
processing ---level 5X,tumor tiles
/mnt/wangyh/TCGA_patches/L/fcfa9fc6-a71d-409f-a436-31f5a721c431
Done!
processing ---level 10X,tumor tiles
/mnt/wangyh/TCGA_patches/L/fcfa9fc6-a71d-409f-a436-31f5a721c431
Done!
processing ---level 20X,tumor tiles
/mnt/wangyh/TCGA_patches/L/fcfa9fc6-a71d-409f-a436-31f5a721c431
Done!
processing ---level 40X,tumor tiles
/mnt/wangyh/TCGA_patches/L/fcfa9fc6-a71d-409f-a436-31f5a721c431
Done!
All levels processed!!
processing ---level 5X,non-tumor tiles
/mnt/wangyh/TCGA_patches/L/fcfa9fc6-a71d-409f-a436-31f5a721c431
Done!
processing ---level 10X,non-tumor tiles
/mnt/wangyh/TCGA_patches/L/fcfa9fc6-a71d-409f-a436-31f5a721c431
Done!
processing ---level 20X,non-tumor tiles
/mnt/wangyh/TCGA_patches/L/fcfa9fc6-a71d-409f-a436-31f5a721c431
Done!
processing ---level 40X,non-tumor tiles
/mnt/wangyh/TCGA_patches/L/fcfa9fc6-a71d-409f-a436-31f5a721c431
Done!
All levels processed!!
Time consumed : 188.84168600241344 min
******0/39 remain unextract******
processing  36/39:------/mnt/wangyh/TCGA_svs/39226d80-e929-422b-8f41-7b4f87417c52/TCGA-DK-A3X1-01Z-00-DX1.DE470E1B-1DB4-4985-B11D-ECB02A65CA6C.svs
masks groups includes :['tumor', 'artificial', 'necrosis', 'stroma']
processing ---level 5X,tumor tiles
/mnt/wangyh/TCGA_patches/H/39226d80-e929-422b-8f41-7b4f87417c52
Done!
processing ---level 10X,tumor tiles
/mnt/wangyh/TCGA_patches/H/39226d80-e929-422b-8f41-7b4f87417c52
Done!
processing ---level 20X,tumor tiles
/mnt/wangyh/TCGA_patches/H/39226d80-e929-422b-8f41-7b4f87417c52
Done!
processing ---level 40X,tumor tiles
/mnt/wangyh/TCGA_patches/H/39226d80-e929-422b-8f41-7b4f87417c52
Done!
All levels processed!!
processing ---level 5X,non-tumor tiles
/mnt/wangyh/TCGA_patches/H/39226d80-e929-422b-8f41-7b4f87417c52
Done!
processing ---level 10X,non-tumor tiles
/mnt/wangyh/TCGA_patches/H/39226d80-e929-422b-8f41-7b4f87417c52
Done!
processing ---level 20X,non-tumor tiles
/mnt/wangyh/TCGA_patches/H/39226d80-e929-422b-8f41-7b4f87417c52
Done!
processing ---level 40X,non-tumor tiles
/mnt/wangyh/TCGA_patches/H/39226d80-e929-422b-8f41-7b4f87417c52
Done!
All levels processed!!
Time consumed : 217.28615789810817 min
******0/39 remain unextract******
processing  37/39:------/mnt/wangyh/TCGA_svs/f496fd92-599f-42a8-a5ef-816bb8791b23/TCGA-DK-A3X2-01Z-00-DX1.CB507611-E3AE-43A2-B5F8-EEAE59423E2E.svs
masks groups includes :['tumor', 'stroma', 'artificial', 'necrosis']
processing ---level 5X,tumor tiles
/mnt/wangyh/TCGA_patches/L/f496fd92-599f-42a8-a5ef-816bb8791b23
Done!
processing ---level 10X,tumor tiles
/mnt/wangyh/TCGA_patches/L/f496fd92-599f-42a8-a5ef-816bb8791b23
Done!
processing ---level 20X,tumor tiles
/mnt/wangyh/TCGA_patches/L/f496fd92-599f-42a8-a5ef-816bb8791b23
Done!
processing ---level 40X,tumor tiles
/mnt/wangyh/TCGA_patches/L/f496fd92-599f-42a8-a5ef-816bb8791b23
Done!
All levels processed!!
processing ---level 5X,non-tumor tiles
/mnt/wangyh/TCGA_patches/L/f496fd92-599f-42a8-a5ef-816bb8791b23
Done!
processing ---level 10X,non-tumor tiles
/mnt/wangyh/TCGA_patches/L/f496fd92-599f-42a8-a5ef-816bb8791b23
Done!
processing ---level 20X,non-tumor tiles
/mnt/wangyh/TCGA_patches/L/f496fd92-599f-42a8-a5ef-816bb8791b23
Done!
processing ---level 40X,non-tumor tiles
/mnt/wangyh/TCGA_patches/L/f496fd92-599f-42a8-a5ef-816bb8791b23
Done!
All levels processed!!
Time consumed : 190.02257890701293 min
******0/39 remain unextract******
processing  38/39:------/mnt/wangyh/TCGA_svs/300fb12c-08d8-4053-95c4-08449c1f8966/TCGA-DK-A6AV-01Z-00-DX1.FC632EEE-668B-4757-B2FB-139D869812E0.svs
masks groups includes :['tumor', 'artificial', 'necrosis', 'stroma']
processing ---level 5X,tumor tiles
/mnt/wangyh/TCGA_patches/L/300fb12c-08d8-4053-95c4-08449c1f8966
Done!
processing ---level 10X,tumor tiles
/mnt/wangyh/TCGA_patches/L/300fb12c-08d8-4053-95c4-08449c1f8966
Done!
processing ---level 20X,tumor tiles
/mnt/wangyh/TCGA_patches/L/300fb12c-08d8-4053-95c4-08449c1f8966
Done!
processing ---level 40X,tumor tiles
/mnt/wangyh/TCGA_patches/L/300fb12c-08d8-4053-95c4-08449c1f8966
Done!
All levels processed!!
processing ---level 5X,non-tumor tiles
/mnt/wangyh/TCGA_patches/L/300fb12c-08d8-4053-95c4-08449c1f8966
Done!
processing ---level 10X,non-tumor tiles
/mnt/wangyh/TCGA_patches/L/300fb12c-08d8-4053-95c4-08449c1f8966
Done!
processing ---level 20X,non-tumor tiles
/mnt/wangyh/TCGA_patches/L/300fb12c-08d8-4053-95c4-08449c1f8966
Done!
processing ---level 40X,non-tumor tiles
/mnt/wangyh/TCGA_patches/L/300fb12c-08d8-4053-95c4-08449c1f8966
Done!
All levels processed!!
Time consumed : 215.443974173069 min
******0/39 remain unextract******
processing  39/39:------/mnt/wangyh/TCGA_svs/d0949d37-b6d3-458f-8062-00f029a8cc70/TCGA-DK-A6AW-01Z-00-DX1.C2453A8C-8282-443C-9E76-5B6CAD2FE69B.svs
masks groups includes :['tumor', 'artificial', 'necrosis', 'stroma']
processing ---level 5X,tumor tiles
/mnt/wangyh/TCGA_patches/H/d0949d37-b6d3-458f-8062-00f029a8cc70
Done!
processing ---level 10X,tumor tiles
/mnt/wangyh/TCGA_patches/H/d0949d37-b6d3-458f-8062-00f029a8cc70
Done!
processing ---level 20X,tumor tiles
/mnt/wangyh/TCGA_patches/H/d0949d37-b6d3-458f-8062-00f029a8cc70
Done!
processing ---level 40X,tumor tiles
/mnt/wangyh/TCGA_patches/H/d0949d37-b6d3-458f-8062-00f029a8cc70
Done!
All levels processed!!
processing ---level 5X,non-tumor tiles
/mnt/wangyh/TCGA_patches/H/d0949d37-b6d3-458f-8062-00f029a8cc70
Done!
processing ---level 10X,non-tumor tiles
/mnt/wangyh/TCGA_patches/H/d0949d37-b6d3-458f-8062-00f029a8cc70
Done!
processing ---level 20X,non-tumor tiles
/mnt/wangyh/TCGA_patches/H/d0949d37-b6d3-458f-8062-00f029a8cc70
Done!
processing ---level 40X,non-tumor tiles
/mnt/wangyh/TCGA_patches/H/d0949d37-b6d3-458f-8062-00f029a8cc70
Done!
All levels processed!!
Time consumed : 132.2526035984357 min
******0/39 remain unextract******
