processing  1/30:------/mnt/wangyh/TCGA_svs/c7bcb827-9da0-4b07-8065-3ce01befec13/TCGA-YC-A89H-01Z-00-DX1.ACE5AFD4-274B-4579-9B0E-EDD8D9251A8C.svs
extract_patches.py:86: DeprecationWarning: `np.float` is a deprecated alias for the builtin `float`. To silence this warning, use `float` by itself. Doing this will not modify any behavior and is safe. If you specifically wanted the numpy scalar type, use `np.float64` here.
Deprecated in NumPy 1.20; for more details and guidance: https://numpy.org/devdocs/release/1.20.0-notes.html#deprecations
  x = np.float(coord.attrib["X"])
extract_patches.py:87: DeprecationWarning: `np.float` is a deprecated alias for the builtin `float`. To silence this warning, use `float` by itself. Doing this will not modify any behavior and is safe. If you specifically wanted the numpy scalar type, use `np.float64` here.
Deprecated in NumPy 1.20; for more details and guidance: https://numpy.org/devdocs/release/1.20.0-notes.html#deprecations
  y = np.float(coord.attrib["Y"])
extract_patches.py:120: VisibleDeprecationWarning: Creating an ndarray from ragged nested sequences (which is a list-or-tuple of lists-or-tuples-or ndarrays with different lengths or shapes) is deprecated. If you meant to do this, you must specify 'dtype=object' when creating the ndarray.
  contours = np.array(mask_coords[cls])
masks groups includes :['tumor', 'artificial', 'necrosis', 'stroma']
processing ---level 5X,tumor tiles
/mnt/wangyh/TCGA_patches/H/d2e43ec6-5027-4f2c-932b-28a681da7cd9
Done!
processing ---level 10X,tumor tiles
/mnt/wangyh/TCGA_patches/H/d2e43ec6-5027-4f2c-932b-28a681da7cd9
Done!
processing ---level 20X,tumor tiles
/mnt/wangyh/TCGA_patches/H/d2e43ec6-5027-4f2c-932b-28a681da7cd9
Done!
processing ---level 40X,tumor tiles
/mnt/wangyh/TCGA_patches/H/d2e43ec6-5027-4f2c-932b-28a681da7cd9
Done!
All levels processed!!
processing ---level 5X,non-tumor tiles
/mnt/wangyh/TCGA_patches/H/d2e43ec6-5027-4f2c-932b-28a681da7cd9
Done!
processing ---level 10X,non-tumor tiles
/mnt/wangyh/TCGA_patches/H/d2e43ec6-5027-4f2c-932b-28a681da7cd9
Done!
processing ---level 20X,non-tumor tiles
/mnt/wangyh/TCGA_patches/H/d2e43ec6-5027-4f2c-932b-28a681da7cd9
Done!
processing ---level 40X,non-tumor tiles
/mnt/wangyh/TCGA_patches/H/d2e43ec6-5027-4f2c-932b-28a681da7cd9
Done!
All levels processed!!
Time consumed : 89.14887812137604 min
******0/30 remain unextract******
processing  2/30:------/mnt/wangyh/TCGA_svs/a99cc9d2-0fb1-4e10-8bd3-ca4474333729/TCGA-YC-A8S6-01Z-00-DX1.6B92FB17-2000-48B0-B7AE-6C8766D958E2.svs
masks groups includes :['tumor', 'artificial', 'necrosis', 'stroma']
processing ---level 5X,tumor tiles
/mnt/wangyh/TCGA_patches/L/bff29d20-3a8f-4a5d-a2de-0e142390551d
Done!
processing ---level 10X,tumor tiles
/mnt/wangyh/TCGA_patches/L/bff29d20-3a8f-4a5d-a2de-0e142390551d
Done!
processing ---level 20X,tumor tiles
/mnt/wangyh/TCGA_patches/L/bff29d20-3a8f-4a5d-a2de-0e142390551d
Done!
processing ---level 40X,tumor tiles
/mnt/wangyh/TCGA_patches/L/bff29d20-3a8f-4a5d-a2de-0e142390551d
Done!
All levels processed!!
processing ---level 5X,non-tumor tiles
/mnt/wangyh/TCGA_patches/L/bff29d20-3a8f-4a5d-a2de-0e142390551d
Done!
processing ---level 10X,non-tumor tiles
/mnt/wangyh/TCGA_patches/L/bff29d20-3a8f-4a5d-a2de-0e142390551d
Done!
processing ---level 20X,non-tumor tiles
/mnt/wangyh/TCGA_patches/L/bff29d20-3a8f-4a5d-a2de-0e142390551d
Done!
processing ---level 40X,non-tumor tiles
/mnt/wangyh/TCGA_patches/L/bff29d20-3a8f-4a5d-a2de-0e142390551d
Done!
All levels processed!!
Time consumed : 20.12604361375173 min
******0/30 remain unextract******
processing  3/30:------/mnt/wangyh/TCGA_svs/ca905581-20aa-40a9-a176-54608922d878/TCGA-YF-AA3L-01Z-00-DX1.56C211C1-20C7-4000-9C39-F76919ADA592.svs
masks groups includes :['tumor', 'stroma', 'artificial', 'necrosis']
processing ---level 5X,tumor tiles
/mnt/wangyh/TCGA_patches/L/edcf4ae6-c985-40ad-aff4-a0ce31b46aeb
Done!
processing ---level 10X,tumor tiles
/mnt/wangyh/TCGA_patches/L/edcf4ae6-c985-40ad-aff4-a0ce31b46aeb
Done!
processing ---level 20X,tumor tiles
/mnt/wangyh/TCGA_patches/L/edcf4ae6-c985-40ad-aff4-a0ce31b46aeb
Done!
processing ---level 40X,tumor tiles
/mnt/wangyh/TCGA_patches/L/edcf4ae6-c985-40ad-aff4-a0ce31b46aeb
Done!
All levels processed!!
processing ---level 5X,non-tumor tiles
/mnt/wangyh/TCGA_patches/L/edcf4ae6-c985-40ad-aff4-a0ce31b46aeb
Done!
processing ---level 10X,non-tumor tiles
/mnt/wangyh/TCGA_patches/L/edcf4ae6-c985-40ad-aff4-a0ce31b46aeb
Done!
processing ---level 20X,non-tumor tiles
/mnt/wangyh/TCGA_patches/L/edcf4ae6-c985-40ad-aff4-a0ce31b46aeb
Done!
processing ---level 40X,non-tumor tiles
/mnt/wangyh/TCGA_patches/L/edcf4ae6-c985-40ad-aff4-a0ce31b46aeb
Done!
All levels processed!!
Time consumed : 38.21719711621602 min
******0/30 remain unextract******
processing  4/30:------/mnt/wangyh/TCGA_svs/e90ce1a5-c6e3-48b2-87f2-90ae8666569d/TCGA-YF-AA3M-01Z-00-DX1.28587CDB-1FDF-4FD0-B809-86C7EA64562A.svs
masks groups includes :['tumor', 'artificial', 'necrosis', 'stroma']
processing ---level 5X,tumor tiles
/mnt/wangyh/TCGA_patches/L/e20c2176-2b57-4cc9-a68a-eb6933bf60b1
Done!
processing ---level 10X,tumor tiles
/mnt/wangyh/TCGA_patches/L/e20c2176-2b57-4cc9-a68a-eb6933bf60b1
Done!
processing ---level 20X,tumor tiles
/mnt/wangyh/TCGA_patches/L/e20c2176-2b57-4cc9-a68a-eb6933bf60b1
Done!
processing ---level 40X,tumor tiles
/mnt/wangyh/TCGA_patches/L/e20c2176-2b57-4cc9-a68a-eb6933bf60b1
Done!
All levels processed!!
processing ---level 5X,non-tumor tiles
/mnt/wangyh/TCGA_patches/L/e20c2176-2b57-4cc9-a68a-eb6933bf60b1
Done!
processing ---level 10X,non-tumor tiles
/mnt/wangyh/TCGA_patches/L/e20c2176-2b57-4cc9-a68a-eb6933bf60b1
Done!
processing ---level 20X,non-tumor tiles
/mnt/wangyh/TCGA_patches/L/e20c2176-2b57-4cc9-a68a-eb6933bf60b1
Done!
processing ---level 40X,non-tumor tiles
/mnt/wangyh/TCGA_patches/L/e20c2176-2b57-4cc9-a68a-eb6933bf60b1
Done!
All levels processed!!
Time consumed : 103.97852284113566 min
******0/30 remain unextract******
processing  5/30:------/mnt/wangyh/TCGA_svs/3bf7b663-beae-41ed-a6d7-4535df083fe5/TCGA-ZF-A9R0-01Z-00-DX1.B9FD30D2-807E-49F7-A9E0-C58226EDEF13.svs
masks groups includes :['tumor', 'artificial', 'necrosis', 'stroma']
processing ---level 5X,tumor tiles
/mnt/wangyh/TCGA_patches/L/a085fe18-1709-417a-a779-fe69f5964766
Done!
processing ---level 10X,tumor tiles
/mnt/wangyh/TCGA_patches/L/a085fe18-1709-417a-a779-fe69f5964766
Done!
processing ---level 20X,tumor tiles
/mnt/wangyh/TCGA_patches/L/a085fe18-1709-417a-a779-fe69f5964766
Done!
processing ---level 40X,tumor tiles
/mnt/wangyh/TCGA_patches/L/a085fe18-1709-417a-a779-fe69f5964766
Done!
All levels processed!!
processing ---level 5X,non-tumor tiles
/mnt/wangyh/TCGA_patches/L/a085fe18-1709-417a-a779-fe69f5964766
Done!
processing ---level 10X,non-tumor tiles
/mnt/wangyh/TCGA_patches/L/a085fe18-1709-417a-a779-fe69f5964766
Done!
processing ---level 20X,non-tumor tiles
/mnt/wangyh/TCGA_patches/L/a085fe18-1709-417a-a779-fe69f5964766
Done!
processing ---level 40X,non-tumor tiles
/mnt/wangyh/TCGA_patches/L/a085fe18-1709-417a-a779-fe69f5964766
Done!
All levels processed!!
Time consumed : 45.386589006582895 min
******0/30 remain unextract******
processing  6/30:------/mnt/wangyh/TCGA_svs/7ff35ca7-1a4e-4201-802a-e364ab33e53b/TCGA-ZF-A9R1-01Z-00-DX1.74520759-D448-45B5-B8AD-45502C99A519.svs
masks groups includes :['tumor', 'necrosis', 'artificial', 'stroma']
processing ---level 5X,tumor tiles
/mnt/wangyh/TCGA_patches/L/70e383bf-91cb-4a65-b12a-950f365c4d62
Done!
processing ---level 10X,tumor tiles
/mnt/wangyh/TCGA_patches/L/70e383bf-91cb-4a65-b12a-950f365c4d62
Done!
processing ---level 20X,tumor tiles
/mnt/wangyh/TCGA_patches/L/70e383bf-91cb-4a65-b12a-950f365c4d62
Done!
processing ---level 40X,tumor tiles
/mnt/wangyh/TCGA_patches/L/70e383bf-91cb-4a65-b12a-950f365c4d62
Done!
All levels processed!!
processing ---level 5X,non-tumor tiles
/mnt/wangyh/TCGA_patches/L/70e383bf-91cb-4a65-b12a-950f365c4d62
Done!
processing ---level 10X,non-tumor tiles
/mnt/wangyh/TCGA_patches/L/70e383bf-91cb-4a65-b12a-950f365c4d62
Done!
processing ---level 20X,non-tumor tiles
/mnt/wangyh/TCGA_patches/L/70e383bf-91cb-4a65-b12a-950f365c4d62
Done!
processing ---level 40X,non-tumor tiles
/mnt/wangyh/TCGA_patches/L/70e383bf-91cb-4a65-b12a-950f365c4d62
Done!
All levels processed!!
Time consumed : 45.00891934633255 min
******0/30 remain unextract******
processing  7/30:------/mnt/wangyh/TCGA_svs/bb6b40fe-670e-4fac-8c46-ded3a5f63d75/TCGA-ZF-A9R2-01Z-00-DX1.D5BC88BD-594B-4EAA-988E-2577E48FEE15.svs
masks groups includes :['tumor', 'artificial', 'necrosis', 'stroma']
processing ---level 5X,tumor tiles
/mnt/wangyh/TCGA_patches/L/790d96d7-1191-4cf7-9c78-3e879723afd8
Done!
processing ---level 10X,tumor tiles
/mnt/wangyh/TCGA_patches/L/790d96d7-1191-4cf7-9c78-3e879723afd8
Done!
processing ---level 20X,tumor tiles
/mnt/wangyh/TCGA_patches/L/790d96d7-1191-4cf7-9c78-3e879723afd8
Done!
processing ---level 40X,tumor tiles
/mnt/wangyh/TCGA_patches/L/790d96d7-1191-4cf7-9c78-3e879723afd8
Done!
All levels processed!!
processing ---level 5X,non-tumor tiles
/mnt/wangyh/TCGA_patches/L/790d96d7-1191-4cf7-9c78-3e879723afd8
Done!
processing ---level 10X,non-tumor tiles
/mnt/wangyh/TCGA_patches/L/790d96d7-1191-4cf7-9c78-3e879723afd8
Done!
processing ---level 20X,non-tumor tiles
/mnt/wangyh/TCGA_patches/L/790d96d7-1191-4cf7-9c78-3e879723afd8
Done!
processing ---level 40X,non-tumor tiles
/mnt/wangyh/TCGA_patches/L/790d96d7-1191-4cf7-9c78-3e879723afd8
Done!
All levels processed!!
Time consumed : 50.169248855113985 min
******0/30 remain unextract******
processing  8/30:------/mnt/wangyh/TCGA_svs/70136876-5d08-4952-8c38-c3db67c65cc7/TCGA-ZF-A9R3-01Z-00-DX1.AF828281-A45C-47D1-9FE3-CE7B9E105914.svs
masks groups includes :['tumor', 'artificial', 'necrosis', 'stroma']
processing ---level 5X,tumor tiles
/mnt/wangyh/TCGA_patches/L/741d4359-8615-4783-98ab-0f04bb10c52c
Done!
processing ---level 10X,tumor tiles
/mnt/wangyh/TCGA_patches/L/741d4359-8615-4783-98ab-0f04bb10c52c
Done!
processing ---level 20X,tumor tiles
/mnt/wangyh/TCGA_patches/L/741d4359-8615-4783-98ab-0f04bb10c52c
Done!
processing ---level 40X,tumor tiles
/mnt/wangyh/TCGA_patches/L/741d4359-8615-4783-98ab-0f04bb10c52c
Done!
All levels processed!!
processing ---level 5X,non-tumor tiles
/mnt/wangyh/TCGA_patches/L/741d4359-8615-4783-98ab-0f04bb10c52c
Done!
processing ---level 10X,non-tumor tiles
/mnt/wangyh/TCGA_patches/L/741d4359-8615-4783-98ab-0f04bb10c52c
Done!
processing ---level 20X,non-tumor tiles
/mnt/wangyh/TCGA_patches/L/741d4359-8615-4783-98ab-0f04bb10c52c
Done!
processing ---level 40X,non-tumor tiles
/mnt/wangyh/TCGA_patches/L/741d4359-8615-4783-98ab-0f04bb10c52c
Done!
All levels processed!!
Time consumed : 101.81976291735967 min
******0/30 remain unextract******
processing  9/30:------/mnt/wangyh/TCGA_svs/a99acd7d-0e83-482f-97e1-e5ef356ded5f/TCGA-ZF-A9R9-01Z-00-DX1.8E68A35C-F2B7-410E-A1DE-3C460D67DB85.svs
masks groups includes :['tumor', 'artificial', 'necrosis', 'stroma']
processing ---level 5X,tumor tiles
/mnt/wangyh/TCGA_patches/L/cf1884cf-8262-45b4-841a-e1ef212c0a3a
Done!
processing ---level 10X,tumor tiles
/mnt/wangyh/TCGA_patches/L/cf1884cf-8262-45b4-841a-e1ef212c0a3a
Done!
processing ---level 20X,tumor tiles
/mnt/wangyh/TCGA_patches/L/cf1884cf-8262-45b4-841a-e1ef212c0a3a
Done!
processing ---level 40X,tumor tiles
/mnt/wangyh/TCGA_patches/L/cf1884cf-8262-45b4-841a-e1ef212c0a3a
Done!
All levels processed!!
processing ---level 5X,non-tumor tiles
/mnt/wangyh/TCGA_patches/L/cf1884cf-8262-45b4-841a-e1ef212c0a3a
Done!
processing ---level 10X,non-tumor tiles
/mnt/wangyh/TCGA_patches/L/cf1884cf-8262-45b4-841a-e1ef212c0a3a
Done!
processing ---level 20X,non-tumor tiles
/mnt/wangyh/TCGA_patches/L/cf1884cf-8262-45b4-841a-e1ef212c0a3a
Done!
processing ---level 40X,non-tumor tiles
/mnt/wangyh/TCGA_patches/L/cf1884cf-8262-45b4-841a-e1ef212c0a3a
Done!
All levels processed!!
Time consumed : 42.63030750354131 min
******0/30 remain unextract******
processing  10/30:------/mnt/wangyh/TCGA_svs/1993e456-516d-4b90-b17d-40d454529a1d/TCGA-ZF-A9RC-01Z-00-DX1.A3F3826E-2BDE-48C3-9854-1061273AF9DC.svs
masks groups includes :['tumor', 'artificial', 'necrosis', 'stroma']
processing ---level 5X,tumor tiles
/mnt/wangyh/TCGA_patches/H/a29135be-c1a9-4402-b7a5-47cc8172a5ad
Done!
processing ---level 10X,tumor tiles
/mnt/wangyh/TCGA_patches/H/a29135be-c1a9-4402-b7a5-47cc8172a5ad
Done!
processing ---level 20X,tumor tiles
/mnt/wangyh/TCGA_patches/H/a29135be-c1a9-4402-b7a5-47cc8172a5ad
Done!
processing ---level 40X,tumor tiles
/mnt/wangyh/TCGA_patches/H/a29135be-c1a9-4402-b7a5-47cc8172a5ad
Done!
All levels processed!!
processing ---level 5X,non-tumor tiles
/mnt/wangyh/TCGA_patches/H/a29135be-c1a9-4402-b7a5-47cc8172a5ad
Done!
processing ---level 10X,non-tumor tiles
/mnt/wangyh/TCGA_patches/H/a29135be-c1a9-4402-b7a5-47cc8172a5ad
Done!
processing ---level 20X,non-tumor tiles
/mnt/wangyh/TCGA_patches/H/a29135be-c1a9-4402-b7a5-47cc8172a5ad
Done!
processing ---level 40X,non-tumor tiles
/mnt/wangyh/TCGA_patches/H/a29135be-c1a9-4402-b7a5-47cc8172a5ad
Done!
All levels processed!!
Time consumed : 50.86098212003708 min
******0/30 remain unextract******
processing  11/30:------/mnt/wangyh/TCGA_svs/17f2e1a9-1bde-4a80-8f98-dc3dcb767344/TCGA-ZF-A9RD-01Z-00-DX1.84823027-AA0A-412A-9DEA-EFBB8406FD9C.svs
masks groups includes :['tumor', 'artificial', 'necrosis', 'stroma']
processing ---level 5X,tumor tiles
/mnt/wangyh/TCGA_patches/L/0f5b4de3-f7ed-4439-bf2d-621d0af6a2a3
Done!
processing ---level 10X,tumor tiles
/mnt/wangyh/TCGA_patches/L/0f5b4de3-f7ed-4439-bf2d-621d0af6a2a3
Done!
processing ---level 20X,tumor tiles
/mnt/wangyh/TCGA_patches/L/0f5b4de3-f7ed-4439-bf2d-621d0af6a2a3
Done!
processing ---level 40X,tumor tiles
/mnt/wangyh/TCGA_patches/L/0f5b4de3-f7ed-4439-bf2d-621d0af6a2a3
Done!
All levels processed!!
processing ---level 5X,non-tumor tiles
/mnt/wangyh/TCGA_patches/L/0f5b4de3-f7ed-4439-bf2d-621d0af6a2a3
Done!
processing ---level 10X,non-tumor tiles
/mnt/wangyh/TCGA_patches/L/0f5b4de3-f7ed-4439-bf2d-621d0af6a2a3
Done!
processing ---level 20X,non-tumor tiles
/mnt/wangyh/TCGA_patches/L/0f5b4de3-f7ed-4439-bf2d-621d0af6a2a3
Done!
processing ---level 40X,non-tumor tiles
/mnt/wangyh/TCGA_patches/L/0f5b4de3-f7ed-4439-bf2d-621d0af6a2a3
Done!
All levels processed!!
Time consumed : 38.884254876772566 min
******0/30 remain unextract******
processing  12/30:------/mnt/wangyh/TCGA_svs/b18e0d07-7f52-4610-9dd1-8afd50dd4217/TCGA-ZF-A9RF-01Z-00-DX1.948A32F2-EF55-44E8-BC52-6FCF4A3411BF.svs
masks groups includes :['tumor', 'artificial', 'necrosis', 'stroma']
processing ---level 5X,tumor tiles
/mnt/wangyh/TCGA_patches/L/fe9ee61c-f3cb-4d98-8bd4-dde12859a181
Done!
processing ---level 10X,tumor tiles
/mnt/wangyh/TCGA_patches/L/fe9ee61c-f3cb-4d98-8bd4-dde12859a181
Done!
processing ---level 20X,tumor tiles
/mnt/wangyh/TCGA_patches/L/fe9ee61c-f3cb-4d98-8bd4-dde12859a181
Done!
processing ---level 40X,tumor tiles
/mnt/wangyh/TCGA_patches/L/fe9ee61c-f3cb-4d98-8bd4-dde12859a181
Done!
All levels processed!!
processing ---level 5X,non-tumor tiles
/mnt/wangyh/TCGA_patches/L/fe9ee61c-f3cb-4d98-8bd4-dde12859a181
Done!
processing ---level 10X,non-tumor tiles
/mnt/wangyh/TCGA_patches/L/fe9ee61c-f3cb-4d98-8bd4-dde12859a181
Done!
processing ---level 20X,non-tumor tiles
/mnt/wangyh/TCGA_patches/L/fe9ee61c-f3cb-4d98-8bd4-dde12859a181
Done!
processing ---level 40X,non-tumor tiles
/mnt/wangyh/TCGA_patches/L/fe9ee61c-f3cb-4d98-8bd4-dde12859a181
Done!
All levels processed!!
Time consumed : 109.25278006394704 min
******0/30 remain unextract******
processing  13/30:------/mnt/wangyh/TCGA_svs/1b23bd8b-45c6-4819-8363-09ff3282290f/TCGA-ZF-A9RG-01Z-00-DX1.E9C92201-31AD-4D7E-87C0-64842D705380.svs
masks groups includes :['tumor', 'artificial', 'necrosis', 'stroma']
processing ---level 5X,tumor tiles
/mnt/wangyh/TCGA_patches/L/636589bf-d553-44b0-bebc-d75c308fb351
Done!
processing ---level 10X,tumor tiles
/mnt/wangyh/TCGA_patches/L/636589bf-d553-44b0-bebc-d75c308fb351
Done!
processing ---level 20X,tumor tiles
/mnt/wangyh/TCGA_patches/L/636589bf-d553-44b0-bebc-d75c308fb351
Done!
processing ---level 40X,tumor tiles
/mnt/wangyh/TCGA_patches/L/636589bf-d553-44b0-bebc-d75c308fb351
Done!
All levels processed!!
processing ---level 5X,non-tumor tiles
/mnt/wangyh/TCGA_patches/L/636589bf-d553-44b0-bebc-d75c308fb351
Done!
processing ---level 10X,non-tumor tiles
/mnt/wangyh/TCGA_patches/L/636589bf-d553-44b0-bebc-d75c308fb351
Done!
processing ---level 20X,non-tumor tiles
/mnt/wangyh/TCGA_patches/L/636589bf-d553-44b0-bebc-d75c308fb351
Done!
processing ---level 40X,non-tumor tiles
/mnt/wangyh/TCGA_patches/L/636589bf-d553-44b0-bebc-d75c308fb351
Done!
All levels processed!!
Time consumed : 38.040294512112936 min
******0/30 remain unextract******
processing  14/30:------/mnt/wangyh/TCGA_svs/0191fe38-21c0-4e46-8af8-d37bc71a7c1f/TCGA-ZF-A9RL-01Z-00-DX1.6A6B23B8-78D2-4468-8B25-A2D94130722C.svs
masks groups includes :['tumor', 'artificial', 'necrosis', 'stroma']
processing ---level 5X,tumor tiles
/mnt/wangyh/TCGA_patches/L/1fa739c1-75f2-433b-91c7-f743bdf0fce0
Done!
processing ---level 10X,tumor tiles
/mnt/wangyh/TCGA_patches/L/1fa739c1-75f2-433b-91c7-f743bdf0fce0
Done!
processing ---level 20X,tumor tiles
/mnt/wangyh/TCGA_patches/L/1fa739c1-75f2-433b-91c7-f743bdf0fce0
Done!
processing ---level 40X,tumor tiles
/mnt/wangyh/TCGA_patches/L/1fa739c1-75f2-433b-91c7-f743bdf0fce0
Done!
All levels processed!!
processing ---level 5X,non-tumor tiles
/mnt/wangyh/TCGA_patches/L/1fa739c1-75f2-433b-91c7-f743bdf0fce0
Done!
processing ---level 10X,non-tumor tiles
/mnt/wangyh/TCGA_patches/L/1fa739c1-75f2-433b-91c7-f743bdf0fce0
Done!
processing ---level 20X,non-tumor tiles
/mnt/wangyh/TCGA_patches/L/1fa739c1-75f2-433b-91c7-f743bdf0fce0
Done!
processing ---level 40X,non-tumor tiles
/mnt/wangyh/TCGA_patches/L/1fa739c1-75f2-433b-91c7-f743bdf0fce0
Done!
All levels processed!!
Time consumed : 77.06696590185166 min
******0/30 remain unextract******
processing  15/30:------/mnt/wangyh/TCGA_svs/350cb3f7-a92b-412f-b285-22bf818c5156/TCGA-ZF-A9RM-01Z-00-DX1.68758A74-2409-48F4-811A-EA42B4F8F942.svs
masks groups includes :['tumor', 'artificial', 'necrosis', 'stroma']
processing ---level 5X,tumor tiles
/mnt/wangyh/TCGA_patches/L/d1becbe5-78d6-46f1-952f-f66796856883
Done!
processing ---level 10X,tumor tiles
/mnt/wangyh/TCGA_patches/L/d1becbe5-78d6-46f1-952f-f66796856883
Done!
processing ---level 20X,tumor tiles
/mnt/wangyh/TCGA_patches/L/d1becbe5-78d6-46f1-952f-f66796856883
Done!
processing ---level 40X,tumor tiles
/mnt/wangyh/TCGA_patches/L/d1becbe5-78d6-46f1-952f-f66796856883
Done!
All levels processed!!
processing ---level 5X,non-tumor tiles
/mnt/wangyh/TCGA_patches/L/d1becbe5-78d6-46f1-952f-f66796856883
Done!
processing ---level 10X,non-tumor tiles
/mnt/wangyh/TCGA_patches/L/d1becbe5-78d6-46f1-952f-f66796856883
Done!
processing ---level 20X,non-tumor tiles
/mnt/wangyh/TCGA_patches/L/d1becbe5-78d6-46f1-952f-f66796856883
Done!
processing ---level 40X,non-tumor tiles
/mnt/wangyh/TCGA_patches/L/d1becbe5-78d6-46f1-952f-f66796856883
Done!
All levels processed!!
Time consumed : 158.6356441060702 min
******0/30 remain unextract******
processing  16/30:------/mnt/wangyh/TCGA_svs/c757ab00-6efa-4a12-9f07-14e5967999f0/TCGA-ZF-A9RN-01Z-00-DX1.262DCE43-154D-492E-80C3-6F8C8D4058D0.svs
masks groups includes :['tumor', 'stroma', 'artificial', 'necrosis']
processing ---level 5X,tumor tiles
/mnt/wangyh/TCGA_patches/L/57e5981d-94c6-4a4c-bb93-b3fff877b495
Done!
processing ---level 10X,tumor tiles
/mnt/wangyh/TCGA_patches/L/57e5981d-94c6-4a4c-bb93-b3fff877b495
Done!
processing ---level 20X,tumor tiles
/mnt/wangyh/TCGA_patches/L/57e5981d-94c6-4a4c-bb93-b3fff877b495
Done!
processing ---level 40X,tumor tiles
/mnt/wangyh/TCGA_patches/L/57e5981d-94c6-4a4c-bb93-b3fff877b495
Done!
All levels processed!!
processing ---level 5X,non-tumor tiles
/mnt/wangyh/TCGA_patches/L/57e5981d-94c6-4a4c-bb93-b3fff877b495
Done!
processing ---level 10X,non-tumor tiles
/mnt/wangyh/TCGA_patches/L/57e5981d-94c6-4a4c-bb93-b3fff877b495
Done!
processing ---level 20X,non-tumor tiles
/mnt/wangyh/TCGA_patches/L/57e5981d-94c6-4a4c-bb93-b3fff877b495
Done!
processing ---level 40X,non-tumor tiles
/mnt/wangyh/TCGA_patches/L/57e5981d-94c6-4a4c-bb93-b3fff877b495
Done!
All levels processed!!
Time consumed : 74.84824706713358 min
******0/30 remain unextract******
processing  17/30:------/mnt/wangyh/TCGA_svs/5dd71f48-ba3e-46e4-b1d6-164722a3e06a/TCGA-ZF-AA4R-01Z-00-DX1.2CDCECED-FC91-48D4-AAAC-4452B7C2F218.svs
masks groups includes :['tumor', 'artificial', 'necrosis', 'stroma']
processing ---level 5X,tumor tiles
/mnt/wangyh/TCGA_patches/L/a6679cb9-b463-49b3-a5b5-7e46a79d4b85
Done!
processing ---level 10X,tumor tiles
/mnt/wangyh/TCGA_patches/L/a6679cb9-b463-49b3-a5b5-7e46a79d4b85
Done!
processing ---level 20X,tumor tiles
/mnt/wangyh/TCGA_patches/L/a6679cb9-b463-49b3-a5b5-7e46a79d4b85
Done!
processing ---level 40X,tumor tiles
/mnt/wangyh/TCGA_patches/L/a6679cb9-b463-49b3-a5b5-7e46a79d4b85
Done!
All levels processed!!
processing ---level 5X,non-tumor tiles
/mnt/wangyh/TCGA_patches/L/a6679cb9-b463-49b3-a5b5-7e46a79d4b85
Done!
processing ---level 10X,non-tumor tiles
/mnt/wangyh/TCGA_patches/L/a6679cb9-b463-49b3-a5b5-7e46a79d4b85
Done!
processing ---level 20X,non-tumor tiles
/mnt/wangyh/TCGA_patches/L/a6679cb9-b463-49b3-a5b5-7e46a79d4b85
Done!
processing ---level 40X,non-tumor tiles
/mnt/wangyh/TCGA_patches/L/a6679cb9-b463-49b3-a5b5-7e46a79d4b85
Done!
All levels processed!!
Time consumed : 82.37445533672968 min
******0/30 remain unextract******
processing  18/30:------/mnt/wangyh/TCGA_svs/31d99116-e4a6-4b7a-99dc-ae212c508555/TCGA-ZF-AA4T-01Z-00-DX1.3AC48F6E-01E2-4C20-BEFE-3B4A150DFF67.svs
masks groups includes :['tumor', 'artificial', 'necrosis', 'stroma']
processing ---level 5X,tumor tiles
/mnt/wangyh/TCGA_patches/L/49839b8d-742a-41da-81fe-bb0f610b6316
Done!
processing ---level 10X,tumor tiles
/mnt/wangyh/TCGA_patches/L/49839b8d-742a-41da-81fe-bb0f610b6316
Done!
processing ---level 20X,tumor tiles
/mnt/wangyh/TCGA_patches/L/49839b8d-742a-41da-81fe-bb0f610b6316
Done!
processing ---level 40X,tumor tiles
/mnt/wangyh/TCGA_patches/L/49839b8d-742a-41da-81fe-bb0f610b6316
Done!
All levels processed!!
processing ---level 5X,non-tumor tiles
/mnt/wangyh/TCGA_patches/L/49839b8d-742a-41da-81fe-bb0f610b6316
Done!
processing ---level 10X,non-tumor tiles
/mnt/wangyh/TCGA_patches/L/49839b8d-742a-41da-81fe-bb0f610b6316
Done!
processing ---level 20X,non-tumor tiles
/mnt/wangyh/TCGA_patches/L/49839b8d-742a-41da-81fe-bb0f610b6316
Done!
processing ---level 40X,non-tumor tiles
/mnt/wangyh/TCGA_patches/L/49839b8d-742a-41da-81fe-bb0f610b6316
Done!
All levels processed!!
Time consumed : 28.754096786181133 min
******0/30 remain unextract******
processing  19/30:------/mnt/wangyh/TCGA_svs/38941c21-f75c-4af2-9a11-2d159c246eab/TCGA-ZF-AA4U-01Z-00-DX1.E7FBFD1C-E974-4B9C-8DA8-D14FEC22D117.svs
masks groups includes :['tumor', 'artificial', 'necrosis', 'stroma']
processing ---level 5X,tumor tiles
/mnt/wangyh/TCGA_patches/L/66119642-bd0f-4108-b80a-08a14de5a7d4
Done!
processing ---level 10X,tumor tiles
/mnt/wangyh/TCGA_patches/L/66119642-bd0f-4108-b80a-08a14de5a7d4
Done!
processing ---level 20X,tumor tiles
/mnt/wangyh/TCGA_patches/L/66119642-bd0f-4108-b80a-08a14de5a7d4
Done!
processing ---level 40X,tumor tiles
/mnt/wangyh/TCGA_patches/L/66119642-bd0f-4108-b80a-08a14de5a7d4
Done!
All levels processed!!
processing ---level 5X,non-tumor tiles
/mnt/wangyh/TCGA_patches/L/66119642-bd0f-4108-b80a-08a14de5a7d4
Done!
processing ---level 10X,non-tumor tiles
/mnt/wangyh/TCGA_patches/L/66119642-bd0f-4108-b80a-08a14de5a7d4
Done!
processing ---level 20X,non-tumor tiles
/mnt/wangyh/TCGA_patches/L/66119642-bd0f-4108-b80a-08a14de5a7d4
Done!
processing ---level 40X,non-tumor tiles
/mnt/wangyh/TCGA_patches/L/66119642-bd0f-4108-b80a-08a14de5a7d4
Done!
All levels processed!!
Time consumed : 88.15514000256856 min
******0/30 remain unextract******
processing  20/30:------/mnt/wangyh/TCGA_svs/e264ee04-8c93-4468-a599-a5aae30738c9/TCGA-ZF-AA4V-01Z-00-DX1.04E4C701-9AA4-41DC-A615-4EB695CE8E3C.svs
masks groups includes :['tumor', 'artificial', 'necrosis', 'stroma']
processing ---level 5X,tumor tiles
/mnt/wangyh/TCGA_patches/H/702ab1dd-5bf0-4cc9-b6ff-147d093d8d1c
Done!
processing ---level 10X,tumor tiles
/mnt/wangyh/TCGA_patches/H/702ab1dd-5bf0-4cc9-b6ff-147d093d8d1c
Done!
processing ---level 20X,tumor tiles
/mnt/wangyh/TCGA_patches/H/702ab1dd-5bf0-4cc9-b6ff-147d093d8d1c
Done!
processing ---level 40X,tumor tiles
/mnt/wangyh/TCGA_patches/H/702ab1dd-5bf0-4cc9-b6ff-147d093d8d1c
Done!
All levels processed!!
processing ---level 5X,non-tumor tiles
/mnt/wangyh/TCGA_patches/H/702ab1dd-5bf0-4cc9-b6ff-147d093d8d1c
Done!
processing ---level 10X,non-tumor tiles
/mnt/wangyh/TCGA_patches/H/702ab1dd-5bf0-4cc9-b6ff-147d093d8d1c
Done!
processing ---level 20X,non-tumor tiles
/mnt/wangyh/TCGA_patches/H/702ab1dd-5bf0-4cc9-b6ff-147d093d8d1c
Done!
processing ---level 40X,non-tumor tiles
/mnt/wangyh/TCGA_patches/H/702ab1dd-5bf0-4cc9-b6ff-147d093d8d1c
Done!
All levels processed!!
Time consumed : 245.93835205634434 min
******0/30 remain unextract******
processing  21/30:------/mnt/wangyh/TCGA_svs/278e745d-72e3-4538-8b07-0b9157e605d3/TCGA-ZF-AA4W-01Z-00-DX1.1B35CC2D-3115-4BCF-8BAD-164806CAA7D3.svs
masks groups includes :['tumor', 'artificial', 'necrosis', 'stroma']
processing ---level 5X,tumor tiles
/mnt/wangyh/TCGA_patches/H/e73a1081-4a74-483e-84ab-9b4a614a86fb
Done!
processing ---level 10X,tumor tiles
/mnt/wangyh/TCGA_patches/H/e73a1081-4a74-483e-84ab-9b4a614a86fb
Done!
processing ---level 20X,tumor tiles
/mnt/wangyh/TCGA_patches/H/e73a1081-4a74-483e-84ab-9b4a614a86fb
Done!
processing ---level 40X,tumor tiles
/mnt/wangyh/TCGA_patches/H/e73a1081-4a74-483e-84ab-9b4a614a86fb
Done!
All levels processed!!
processing ---level 5X,non-tumor tiles
/mnt/wangyh/TCGA_patches/H/e73a1081-4a74-483e-84ab-9b4a614a86fb
Done!
processing ---level 10X,non-tumor tiles
/mnt/wangyh/TCGA_patches/H/e73a1081-4a74-483e-84ab-9b4a614a86fb
Done!
processing ---level 20X,non-tumor tiles
/mnt/wangyh/TCGA_patches/H/e73a1081-4a74-483e-84ab-9b4a614a86fb
Done!
processing ---level 40X,non-tumor tiles
/mnt/wangyh/TCGA_patches/H/e73a1081-4a74-483e-84ab-9b4a614a86fb
Done!
All levels processed!!
Time consumed : 39.858940247694655 min
******0/30 remain unextract******
processing  22/30:------/mnt/wangyh/TCGA_svs/613f9ee2-07d2-4ec7-98b5-335e3eb164cd/TCGA-ZF-AA4X-01Z-00-DX1.925D02DA-FAFF-4F2B-A3CE-BF884E5C4C03.svs
masks groups includes :['tumor', 'artificial', 'necrosis', 'stroma']
processing ---level 5X,tumor tiles
/mnt/wangyh/TCGA_patches/H/2d3b8809-ce5d-4843-ab97-4f5d40b8ec12
Done!
processing ---level 10X,tumor tiles
/mnt/wangyh/TCGA_patches/H/2d3b8809-ce5d-4843-ab97-4f5d40b8ec12
Done!
processing ---level 20X,tumor tiles
/mnt/wangyh/TCGA_patches/H/2d3b8809-ce5d-4843-ab97-4f5d40b8ec12
Done!
processing ---level 40X,tumor tiles
/mnt/wangyh/TCGA_patches/H/2d3b8809-ce5d-4843-ab97-4f5d40b8ec12
Done!
All levels processed!!
processing ---level 5X,non-tumor tiles
/mnt/wangyh/TCGA_patches/H/2d3b8809-ce5d-4843-ab97-4f5d40b8ec12
Done!
processing ---level 10X,non-tumor tiles
/mnt/wangyh/TCGA_patches/H/2d3b8809-ce5d-4843-ab97-4f5d40b8ec12
Done!
processing ---level 20X,non-tumor tiles
/mnt/wangyh/TCGA_patches/H/2d3b8809-ce5d-4843-ab97-4f5d40b8ec12
Done!
processing ---level 40X,non-tumor tiles
/mnt/wangyh/TCGA_patches/H/2d3b8809-ce5d-4843-ab97-4f5d40b8ec12
Done!
All levels processed!!
Time consumed : 197.92662698030472 min
******0/30 remain unextract******
processing  23/30:------/mnt/wangyh/TCGA_svs/4d2d1928-abac-4604-becc-d73dac15bfed/TCGA-ZF-AA51-01Z-00-DX1.128C9731-C206-4E71-9A64-864FA9FD7E96.svs
masks groups includes :['tumor', 'artificial', 'necrosis', 'stroma']
processing ---level 5X,tumor tiles
/mnt/wangyh/TCGA_patches/H/8261c7c7-972b-4ad6-bdda-0762ee5c4907
Done!
processing ---level 10X,tumor tiles
/mnt/wangyh/TCGA_patches/H/8261c7c7-972b-4ad6-bdda-0762ee5c4907
Done!
processing ---level 20X,tumor tiles
/mnt/wangyh/TCGA_patches/H/8261c7c7-972b-4ad6-bdda-0762ee5c4907
Done!
processing ---level 40X,tumor tiles
/mnt/wangyh/TCGA_patches/H/8261c7c7-972b-4ad6-bdda-0762ee5c4907
Done!
All levels processed!!
processing ---level 5X,non-tumor tiles
/mnt/wangyh/TCGA_patches/H/8261c7c7-972b-4ad6-bdda-0762ee5c4907
Done!
processing ---level 10X,non-tumor tiles
/mnt/wangyh/TCGA_patches/H/8261c7c7-972b-4ad6-bdda-0762ee5c4907
Done!
processing ---level 20X,non-tumor tiles
/mnt/wangyh/TCGA_patches/H/8261c7c7-972b-4ad6-bdda-0762ee5c4907
Done!
processing ---level 40X,non-tumor tiles
/mnt/wangyh/TCGA_patches/H/8261c7c7-972b-4ad6-bdda-0762ee5c4907
Done!
All levels processed!!
Time consumed : 156.99302035967509 min
******0/30 remain unextract******
processing  24/30:------/mnt/wangyh/TCGA_svs/05e99737-1738-432d-bf0e-7ca0bbb11c31/TCGA-ZF-AA52-01Z-00-DX1.BABC9074-8AF5-42E7-B3F8-39590121B620.svs
masks groups includes :['tumor', 'artificial', 'necrosis', 'stroma']
processing ---level 5X,tumor tiles
/mnt/wangyh/TCGA_patches/L/80797b10-10fc-4b97-8eae-71de50f315e9
Done!
processing ---level 10X,tumor tiles
/mnt/wangyh/TCGA_patches/L/80797b10-10fc-4b97-8eae-71de50f315e9
Done!
processing ---level 20X,tumor tiles
/mnt/wangyh/TCGA_patches/L/80797b10-10fc-4b97-8eae-71de50f315e9
Done!
processing ---level 40X,tumor tiles
/mnt/wangyh/TCGA_patches/L/80797b10-10fc-4b97-8eae-71de50f315e9
Done!
All levels processed!!
processing ---level 5X,non-tumor tiles
/mnt/wangyh/TCGA_patches/L/80797b10-10fc-4b97-8eae-71de50f315e9
Done!
processing ---level 10X,non-tumor tiles
/mnt/wangyh/TCGA_patches/L/80797b10-10fc-4b97-8eae-71de50f315e9
Done!
processing ---level 20X,non-tumor tiles
/mnt/wangyh/TCGA_patches/L/80797b10-10fc-4b97-8eae-71de50f315e9
Done!
processing ---level 40X,non-tumor tiles
/mnt/wangyh/TCGA_patches/L/80797b10-10fc-4b97-8eae-71de50f315e9
Done!
All levels processed!!
Time consumed : 55.22599330743154 min
******0/30 remain unextract******
processing  25/30:------/mnt/wangyh/TCGA_svs/f6f1c724-96f3-45ac-ab48-446fca061d23/TCGA-ZF-AA53-01Z-00-DX1.04E05AAC-DAE2-428F-98DD-37F2B414E818.svs
masks groups includes :['tumor', 'artificial', 'necrosis', 'stroma']
processing ---level 5X,tumor tiles
/mnt/wangyh/TCGA_patches/L/a70f2fd4-7516-4c3f-9683-5eb88bf794f7
Done!
processing ---level 10X,tumor tiles
/mnt/wangyh/TCGA_patches/L/a70f2fd4-7516-4c3f-9683-5eb88bf794f7
Done!
processing ---level 20X,tumor tiles
/mnt/wangyh/TCGA_patches/L/a70f2fd4-7516-4c3f-9683-5eb88bf794f7
Done!
processing ---level 40X,tumor tiles
/mnt/wangyh/TCGA_patches/L/a70f2fd4-7516-4c3f-9683-5eb88bf794f7
Done!
All levels processed!!
processing ---level 5X,non-tumor tiles
/mnt/wangyh/TCGA_patches/L/a70f2fd4-7516-4c3f-9683-5eb88bf794f7
Done!
processing ---level 10X,non-tumor tiles
/mnt/wangyh/TCGA_patches/L/a70f2fd4-7516-4c3f-9683-5eb88bf794f7
Done!
processing ---level 20X,non-tumor tiles
/mnt/wangyh/TCGA_patches/L/a70f2fd4-7516-4c3f-9683-5eb88bf794f7
Done!
processing ---level 40X,non-tumor tiles
/mnt/wangyh/TCGA_patches/L/a70f2fd4-7516-4c3f-9683-5eb88bf794f7
Done!
All levels processed!!
Time consumed : 70.93879776795706 min
******0/30 remain unextract******
processing  26/30:------/mnt/wangyh/TCGA_svs/6d94e519-6dea-42d0-a505-f36ab27f2f3f/TCGA-ZF-AA54-01Z-00-DX1.9118BB51-333A-4257-A797-75620F1E7AD6.svs
masks groups includes :['tumor', 'artificial', 'necrosis', 'stroma']
processing ---level 5X,tumor tiles
/mnt/wangyh/TCGA_patches/L/dcb80bf2-320b-4f9f-8905-9272dbf8a889
Done!
processing ---level 10X,tumor tiles
/mnt/wangyh/TCGA_patches/L/dcb80bf2-320b-4f9f-8905-9272dbf8a889
Done!
processing ---level 20X,tumor tiles
/mnt/wangyh/TCGA_patches/L/dcb80bf2-320b-4f9f-8905-9272dbf8a889
Done!
processing ---level 40X,tumor tiles
/mnt/wangyh/TCGA_patches/L/dcb80bf2-320b-4f9f-8905-9272dbf8a889
Done!
All levels processed!!
processing ---level 5X,non-tumor tiles
/mnt/wangyh/TCGA_patches/L/dcb80bf2-320b-4f9f-8905-9272dbf8a889
Done!
processing ---level 10X,non-tumor tiles
/mnt/wangyh/TCGA_patches/L/dcb80bf2-320b-4f9f-8905-9272dbf8a889
Done!
processing ---level 20X,non-tumor tiles
/mnt/wangyh/TCGA_patches/L/dcb80bf2-320b-4f9f-8905-9272dbf8a889
Done!
processing ---level 40X,non-tumor tiles
/mnt/wangyh/TCGA_patches/L/dcb80bf2-320b-4f9f-8905-9272dbf8a889
Done!
All levels processed!!
Time consumed : 36.599253328641254 min
******0/30 remain unextract******
processing  27/30:------/mnt/wangyh/TCGA_svs/16c68e40-fc90-495a-b856-fe1f11f82143/TCGA-ZF-AA58-01Z-00-DX1.85C3611E-11FA-4AAE-B880-C67C8CC7383B.svs
masks groups includes :['tumor', 'necrosis', 'artificial', 'stroma']
processing ---level 5X,tumor tiles
/mnt/wangyh/TCGA_patches/L/383812ea-a509-45a8-959d-782c45bac5b8
Done!
processing ---level 10X,tumor tiles
/mnt/wangyh/TCGA_patches/L/383812ea-a509-45a8-959d-782c45bac5b8
Done!
processing ---level 20X,tumor tiles
/mnt/wangyh/TCGA_patches/L/383812ea-a509-45a8-959d-782c45bac5b8
Done!
processing ---level 40X,tumor tiles
/mnt/wangyh/TCGA_patches/L/383812ea-a509-45a8-959d-782c45bac5b8
Done!
All levels processed!!
processing ---level 5X,non-tumor tiles
/mnt/wangyh/TCGA_patches/L/383812ea-a509-45a8-959d-782c45bac5b8
Done!
processing ---level 10X,non-tumor tiles
/mnt/wangyh/TCGA_patches/L/383812ea-a509-45a8-959d-782c45bac5b8
Done!
processing ---level 20X,non-tumor tiles
/mnt/wangyh/TCGA_patches/L/383812ea-a509-45a8-959d-782c45bac5b8
Done!
processing ---level 40X,non-tumor tiles
/mnt/wangyh/TCGA_patches/L/383812ea-a509-45a8-959d-782c45bac5b8
Done!
All levels processed!!
Time consumed : 58.69428153435389 min
******0/30 remain unextract******
processing  28/30:------/mnt/wangyh/TCGA_svs/ff7d6bdf-b564-41e0-b3e5-2a649423796b/TCGA-ZF-AA5H-01Z-00-DX1.2B5DF00E-E0FD-4C58-A82C-3107A27F99D6.svs
masks groups includes :['tumor', 'artificial', 'necrosis', 'stroma']
processing ---level 5X,tumor tiles
/mnt/wangyh/TCGA_patches/L/4f4fb3ea-56bb-4dcf-bd16-72833b9a18c8
Done!
processing ---level 10X,tumor tiles
/mnt/wangyh/TCGA_patches/L/4f4fb3ea-56bb-4dcf-bd16-72833b9a18c8
Done!
processing ---level 20X,tumor tiles
/mnt/wangyh/TCGA_patches/L/4f4fb3ea-56bb-4dcf-bd16-72833b9a18c8
Done!
processing ---level 40X,tumor tiles
/mnt/wangyh/TCGA_patches/L/4f4fb3ea-56bb-4dcf-bd16-72833b9a18c8
Done!
All levels processed!!
processing ---level 5X,non-tumor tiles
/mnt/wangyh/TCGA_patches/L/4f4fb3ea-56bb-4dcf-bd16-72833b9a18c8
Done!
processing ---level 10X,non-tumor tiles
/mnt/wangyh/TCGA_patches/L/4f4fb3ea-56bb-4dcf-bd16-72833b9a18c8
Done!
processing ---level 20X,non-tumor tiles
/mnt/wangyh/TCGA_patches/L/4f4fb3ea-56bb-4dcf-bd16-72833b9a18c8
Done!
processing ---level 40X,non-tumor tiles
/mnt/wangyh/TCGA_patches/L/4f4fb3ea-56bb-4dcf-bd16-72833b9a18c8
Done!
All levels processed!!
Time consumed : 74.53982805013656 min
******0/30 remain unextract******
processing  29/30:------/mnt/wangyh/TCGA_svs/f7db97bf-bcb4-4383-afe2-36f549a0bdf0/TCGA-ZF-AA5N-01Z-00-DX1.A207E3EE-CC7D-4267-A77E-71BBD15B95A8.svs
masks groups includes :['tumor', 'artificial', 'necrosis', 'stroma']
processing ---level 5X,tumor tiles
/mnt/wangyh/TCGA_patches/L/638e30db-305d-45e1-a8ec-05d125f72c0b
Done!
processing ---level 10X,tumor tiles
/mnt/wangyh/TCGA_patches/L/638e30db-305d-45e1-a8ec-05d125f72c0b
Done!
processing ---level 20X,tumor tiles
/mnt/wangyh/TCGA_patches/L/638e30db-305d-45e1-a8ec-05d125f72c0b
Done!
processing ---level 40X,tumor tiles
/mnt/wangyh/TCGA_patches/L/638e30db-305d-45e1-a8ec-05d125f72c0b
Done!
All levels processed!!
processing ---level 5X,non-tumor tiles
/mnt/wangyh/TCGA_patches/L/638e30db-305d-45e1-a8ec-05d125f72c0b
Done!
processing ---level 10X,non-tumor tiles
/mnt/wangyh/TCGA_patches/L/638e30db-305d-45e1-a8ec-05d125f72c0b
Done!
processing ---level 20X,non-tumor tiles
/mnt/wangyh/TCGA_patches/L/638e30db-305d-45e1-a8ec-05d125f72c0b
Done!
processing ---level 40X,non-tumor tiles
/mnt/wangyh/TCGA_patches/L/638e30db-305d-45e1-a8ec-05d125f72c0b
Done!
All levels processed!!
Time consumed : 84.86564989089966 min
******0/30 remain unextract******
processing  30/30:------/mnt/wangyh/TCGA_svs/fa95d06a-b753-4bfd-b890-82bd9ddfd974/TCGA-ZF-AA5P-01Z-00-DX1.B91697A2-A186-4E67-A818-56271D2009A9.svs
masks groups includes :['tumor', 'artificial', 'necrosis', 'stroma']
processing ---level 5X,tumor tiles
/mnt/wangyh/TCGA_patches/L/a8e44f7c-85a0-43af-882c-16b148c6dc1e
Done!
processing ---level 10X,tumor tiles
/mnt/wangyh/TCGA_patches/L/a8e44f7c-85a0-43af-882c-16b148c6dc1e
Done!
processing ---level 20X,tumor tiles
/mnt/wangyh/TCGA_patches/L/a8e44f7c-85a0-43af-882c-16b148c6dc1e
Done!
processing ---level 40X,tumor tiles
/mnt/wangyh/TCGA_patches/L/a8e44f7c-85a0-43af-882c-16b148c6dc1e
Done!
All levels processed!!
processing ---level 5X,non-tumor tiles
/mnt/wangyh/TCGA_patches/L/a8e44f7c-85a0-43af-882c-16b148c6dc1e
Done!
processing ---level 10X,non-tumor tiles
/mnt/wangyh/TCGA_patches/L/a8e44f7c-85a0-43af-882c-16b148c6dc1e
Done!
processing ---level 20X,non-tumor tiles
/mnt/wangyh/TCGA_patches/L/a8e44f7c-85a0-43af-882c-16b148c6dc1e
Done!
processing ---level 40X,non-tumor tiles
/mnt/wangyh/TCGA_patches/L/a8e44f7c-85a0-43af-882c-16b148c6dc1e
Done!
All levels processed!!
Time consumed : 49.714443874359134 min
******0/30 remain unextract******
