processing  1/39:------/mnt/wangyh/TCGA_svs/2958a689-1403-4ff2-9bbd-60d5239bf72c/TCGA-BT-A20R-01Z-00-DX1.38320FC0-F1E5-401B-9336-D77796456B30.svs
extract_patches.py:86: DeprecationWarning: `np.float` is a deprecated alias for the builtin `float`. To silence this warning, use `float` by itself. Doing this will not modify any behavior and is safe. If you specifically wanted the numpy scalar type, use `np.float64` here.
Deprecated in NumPy 1.20; for more details and guidance: https://numpy.org/devdocs/release/1.20.0-notes.html#deprecations
  x = np.float(coord.attrib["X"])
extract_patches.py:87: DeprecationWarning: `np.float` is a deprecated alias for the builtin `float`. To silence this warning, use `float` by itself. Doing this will not modify any behavior and is safe. If you specifically wanted the numpy scalar type, use `np.float64` here.
Deprecated in NumPy 1.20; for more details and guidance: https://numpy.org/devdocs/release/1.20.0-notes.html#deprecations
  y = np.float(coord.attrib["Y"])
extract_patches.py:120: VisibleDeprecationWarning: Creating an ndarray from ragged nested sequences (which is a list-or-tuple of lists-or-tuples-or ndarrays with different lengths or shapes) is deprecated. If you meant to do this, you must specify 'dtype=object' when creating the ndarray.
  contours = np.array(mask_coords[cls])
masks groups includes :['tumor', 'artificial', 'necrosis', 'stroma']
processing ---level 5X,tumor tiles
/mnt/wangyh/TCGA_patches/L/d2e43ec6-5027-4f2c-932b-28a681da7cd9
Done!
processing ---level 10X,tumor tiles
/mnt/wangyh/TCGA_patches/L/d2e43ec6-5027-4f2c-932b-28a681da7cd9
Done!
processing ---level 20X,tumor tiles
/mnt/wangyh/TCGA_patches/L/d2e43ec6-5027-4f2c-932b-28a681da7cd9
Done!
processing ---level 40X,tumor tiles
/mnt/wangyh/TCGA_patches/L/d2e43ec6-5027-4f2c-932b-28a681da7cd9
Done!
All levels processed!!
processing ---level 5X,non-tumor tiles
/mnt/wangyh/TCGA_patches/L/d2e43ec6-5027-4f2c-932b-28a681da7cd9
Done!
processing ---level 10X,non-tumor tiles
/mnt/wangyh/TCGA_patches/L/d2e43ec6-5027-4f2c-932b-28a681da7cd9
Done!
processing ---level 20X,non-tumor tiles
/mnt/wangyh/TCGA_patches/L/d2e43ec6-5027-4f2c-932b-28a681da7cd9
Done!
processing ---level 40X,non-tumor tiles
/mnt/wangyh/TCGA_patches/L/d2e43ec6-5027-4f2c-932b-28a681da7cd9
Done!
All levels processed!!
Time consumed : 26.339171981811525 min
******0/39 remain unextract******
processing  2/39:------/mnt/wangyh/TCGA_svs/ebc78de4-6e37-4669-80ed-45fb182b0e51/TCGA-BT-A20T-01Z-00-DX1.96460E53-65E0-425F-B079-939D7AA537BE.svs
masks groups includes :['tumor', 'artificial', 'necrosis', 'stroma']
processing ---level 5X,tumor tiles
/mnt/wangyh/TCGA_patches/L/bff29d20-3a8f-4a5d-a2de-0e142390551d
Done!
processing ---level 10X,tumor tiles
/mnt/wangyh/TCGA_patches/L/bff29d20-3a8f-4a5d-a2de-0e142390551d
Done!
processing ---level 20X,tumor tiles
/mnt/wangyh/TCGA_patches/L/bff29d20-3a8f-4a5d-a2de-0e142390551d
Done!
processing ---level 40X,tumor tiles
/mnt/wangyh/TCGA_patches/L/bff29d20-3a8f-4a5d-a2de-0e142390551d
Done!
All levels processed!!
processing ---level 5X,non-tumor tiles
/mnt/wangyh/TCGA_patches/L/bff29d20-3a8f-4a5d-a2de-0e142390551d
Done!
processing ---level 10X,non-tumor tiles
/mnt/wangyh/TCGA_patches/L/bff29d20-3a8f-4a5d-a2de-0e142390551d
Done!
processing ---level 20X,non-tumor tiles
/mnt/wangyh/TCGA_patches/L/bff29d20-3a8f-4a5d-a2de-0e142390551d
Done!
processing ---level 40X,non-tumor tiles
/mnt/wangyh/TCGA_patches/L/bff29d20-3a8f-4a5d-a2de-0e142390551d
Done!
All levels processed!!
Time consumed : 26.718588626384737 min
******0/39 remain unextract******
processing  3/39:------/mnt/wangyh/TCGA_svs/f2230394-f47d-4d8f-8966-b6a8dd20b20e/TCGA-BT-A20U-01Z-00-DX1.C2FDF7E9-3391-44E8-9E84-C5EA8EB4AB4C.svs
masks groups includes :['tumor', 'artificial', 'necrosis', 'stroma']
processing ---level 5X,tumor tiles
/mnt/wangyh/TCGA_patches/L/edcf4ae6-c985-40ad-aff4-a0ce31b46aeb
Done!
processing ---level 10X,tumor tiles
/mnt/wangyh/TCGA_patches/L/edcf4ae6-c985-40ad-aff4-a0ce31b46aeb
Done!
processing ---level 20X,tumor tiles
/mnt/wangyh/TCGA_patches/L/edcf4ae6-c985-40ad-aff4-a0ce31b46aeb
Done!
processing ---level 40X,tumor tiles
/mnt/wangyh/TCGA_patches/L/edcf4ae6-c985-40ad-aff4-a0ce31b46aeb
Done!
All levels processed!!
processing ---level 5X,non-tumor tiles
/mnt/wangyh/TCGA_patches/L/edcf4ae6-c985-40ad-aff4-a0ce31b46aeb
Done!
processing ---level 10X,non-tumor tiles
/mnt/wangyh/TCGA_patches/L/edcf4ae6-c985-40ad-aff4-a0ce31b46aeb
Done!
processing ---level 20X,non-tumor tiles
/mnt/wangyh/TCGA_patches/L/edcf4ae6-c985-40ad-aff4-a0ce31b46aeb
Done!
processing ---level 40X,non-tumor tiles
/mnt/wangyh/TCGA_patches/L/edcf4ae6-c985-40ad-aff4-a0ce31b46aeb
Done!
All levels processed!!
Time consumed : 100.06991441249848 min
******0/39 remain unextract******
processing  4/39:------/mnt/wangyh/TCGA_svs/2ed29989-3495-4251-987d-e7a151bd56b6/TCGA-BT-A20W-01Z-00-DX1.26F73765-704B-4D81-923D-F20860A3EFFC.svs
masks groups includes :['tumor', 'artificial', 'necrosis', 'stroma']
processing ---level 5X,tumor tiles
/mnt/wangyh/TCGA_patches/L/e20c2176-2b57-4cc9-a68a-eb6933bf60b1
Done!
processing ---level 10X,tumor tiles
/mnt/wangyh/TCGA_patches/L/e20c2176-2b57-4cc9-a68a-eb6933bf60b1
Done!
processing ---level 20X,tumor tiles
/mnt/wangyh/TCGA_patches/L/e20c2176-2b57-4cc9-a68a-eb6933bf60b1
Done!
processing ---level 40X,tumor tiles
/mnt/wangyh/TCGA_patches/L/e20c2176-2b57-4cc9-a68a-eb6933bf60b1
Done!
All levels processed!!
processing ---level 5X,non-tumor tiles
/mnt/wangyh/TCGA_patches/L/e20c2176-2b57-4cc9-a68a-eb6933bf60b1
Done!
processing ---level 10X,non-tumor tiles
/mnt/wangyh/TCGA_patches/L/e20c2176-2b57-4cc9-a68a-eb6933bf60b1
Done!
processing ---level 20X,non-tumor tiles
/mnt/wangyh/TCGA_patches/L/e20c2176-2b57-4cc9-a68a-eb6933bf60b1
Done!
processing ---level 40X,non-tumor tiles
/mnt/wangyh/TCGA_patches/L/e20c2176-2b57-4cc9-a68a-eb6933bf60b1
Done!
All levels processed!!
Time consumed : 67.61231759389241 min
******0/39 remain unextract******
processing  5/39:------/mnt/wangyh/TCGA_svs/c0797cd0-a5aa-4533-8f19-3d5afb1c817e/TCGA-BT-A2LA-01Z-00-DX1.B76379CE-99AB-4598-B55B-0FA800B8DB74.svs
masks groups includes :['tumor', 'artificial', 'necrosis', 'stroma']
processing ---level 5X,tumor tiles
/mnt/wangyh/TCGA_patches/L/a085fe18-1709-417a-a779-fe69f5964766
Done!
processing ---level 10X,tumor tiles
/mnt/wangyh/TCGA_patches/L/a085fe18-1709-417a-a779-fe69f5964766
Done!
processing ---level 20X,tumor tiles
/mnt/wangyh/TCGA_patches/L/a085fe18-1709-417a-a779-fe69f5964766
Done!
processing ---level 40X,tumor tiles
/mnt/wangyh/TCGA_patches/L/a085fe18-1709-417a-a779-fe69f5964766
Done!
All levels processed!!
processing ---level 5X,non-tumor tiles
/mnt/wangyh/TCGA_patches/L/a085fe18-1709-417a-a779-fe69f5964766
Done!
processing ---level 10X,non-tumor tiles
/mnt/wangyh/TCGA_patches/L/a085fe18-1709-417a-a779-fe69f5964766
Done!
processing ---level 20X,non-tumor tiles
/mnt/wangyh/TCGA_patches/L/a085fe18-1709-417a-a779-fe69f5964766
Done!
processing ---level 40X,non-tumor tiles
/mnt/wangyh/TCGA_patches/L/a085fe18-1709-417a-a779-fe69f5964766
Done!
All levels processed!!
Time consumed : 49.23127349615097 min
******0/39 remain unextract******
processing  6/39:------/mnt/wangyh/TCGA_svs/eed110f5-f05c-444f-a7bc-6305ef1f9a53/TCGA-BT-A2LB-01Z-00-DX1.046294E0-4665-41B8-9B95-1A166163EC99.svs
masks groups includes :['tumor', 'artificial', 'necrosis', 'stroma']
processing ---level 5X,tumor tiles
/mnt/wangyh/TCGA_patches/H/70e383bf-91cb-4a65-b12a-950f365c4d62
Done!
processing ---level 10X,tumor tiles
/mnt/wangyh/TCGA_patches/H/70e383bf-91cb-4a65-b12a-950f365c4d62
Done!
processing ---level 20X,tumor tiles
/mnt/wangyh/TCGA_patches/H/70e383bf-91cb-4a65-b12a-950f365c4d62
Done!
processing ---level 40X,tumor tiles
/mnt/wangyh/TCGA_patches/H/70e383bf-91cb-4a65-b12a-950f365c4d62
Done!
All levels processed!!
processing ---level 5X,non-tumor tiles
/mnt/wangyh/TCGA_patches/H/70e383bf-91cb-4a65-b12a-950f365c4d62
Done!
processing ---level 10X,non-tumor tiles
/mnt/wangyh/TCGA_patches/H/70e383bf-91cb-4a65-b12a-950f365c4d62
Done!
processing ---level 20X,non-tumor tiles
/mnt/wangyh/TCGA_patches/H/70e383bf-91cb-4a65-b12a-950f365c4d62
Done!
processing ---level 40X,non-tumor tiles
/mnt/wangyh/TCGA_patches/H/70e383bf-91cb-4a65-b12a-950f365c4d62
Done!
All levels processed!!
Time consumed : 65.89125486214955 min
******0/39 remain unextract******
processing  7/39:------/mnt/wangyh/TCGA_svs/8854f318-6e03-4ca9-8bbf-2a97e574e2fd/TCGA-BT-A2LD-01Z-00-DX1.A2AEDD2E-481A-401B-BDD7-5D680B5E36E9.svs
masks groups includes :['tumor', 'artificial', 'necrosis', 'stroma']
processing ---level 5X,tumor tiles
/mnt/wangyh/TCGA_patches/L/790d96d7-1191-4cf7-9c78-3e879723afd8
Done!
processing ---level 10X,tumor tiles
/mnt/wangyh/TCGA_patches/L/790d96d7-1191-4cf7-9c78-3e879723afd8
Done!
processing ---level 20X,tumor tiles
/mnt/wangyh/TCGA_patches/L/790d96d7-1191-4cf7-9c78-3e879723afd8
Done!
processing ---level 40X,tumor tiles
/mnt/wangyh/TCGA_patches/L/790d96d7-1191-4cf7-9c78-3e879723afd8
Done!
All levels processed!!
processing ---level 5X,non-tumor tiles
/mnt/wangyh/TCGA_patches/L/790d96d7-1191-4cf7-9c78-3e879723afd8
Done!
processing ---level 10X,non-tumor tiles
/mnt/wangyh/TCGA_patches/L/790d96d7-1191-4cf7-9c78-3e879723afd8
Done!
processing ---level 20X,non-tumor tiles
/mnt/wangyh/TCGA_patches/L/790d96d7-1191-4cf7-9c78-3e879723afd8
Done!
processing ---level 40X,non-tumor tiles
/mnt/wangyh/TCGA_patches/L/790d96d7-1191-4cf7-9c78-3e879723afd8
Done!
All levels processed!!
Time consumed : 29.05191244681676 min
******0/39 remain unextract******
processing  8/39:------/mnt/wangyh/TCGA_svs/4311c81b-9c1e-4d86-934d-cdc003444da7/TCGA-BT-A3PH-01Z-00-DX1.18FB196C-9F66-4676-81DC-F58A0A5577D8.svs
masks groups includes :['artificial', 'tumor', 'necrosis', 'stroma']
processing ---level 5X,tumor tiles
/mnt/wangyh/TCGA_patches/H/741d4359-8615-4783-98ab-0f04bb10c52c
Done!
processing ---level 10X,tumor tiles
/mnt/wangyh/TCGA_patches/H/741d4359-8615-4783-98ab-0f04bb10c52c
Done!
processing ---level 20X,tumor tiles
/mnt/wangyh/TCGA_patches/H/741d4359-8615-4783-98ab-0f04bb10c52c
Done!
processing ---level 40X,tumor tiles
/mnt/wangyh/TCGA_patches/H/741d4359-8615-4783-98ab-0f04bb10c52c
Done!
All levels processed!!
processing ---level 5X,non-tumor tiles
/mnt/wangyh/TCGA_patches/H/741d4359-8615-4783-98ab-0f04bb10c52c
Done!
processing ---level 10X,non-tumor tiles
/mnt/wangyh/TCGA_patches/H/741d4359-8615-4783-98ab-0f04bb10c52c
Done!
processing ---level 20X,non-tumor tiles
/mnt/wangyh/TCGA_patches/H/741d4359-8615-4783-98ab-0f04bb10c52c
Done!
processing ---level 40X,non-tumor tiles
/mnt/wangyh/TCGA_patches/H/741d4359-8615-4783-98ab-0f04bb10c52c
Done!
All levels processed!!
Time consumed : 45.75231753985087 min
******0/39 remain unextract******
processing  9/39:------/mnt/wangyh/TCGA_svs/b5da05da-dd9c-424b-a48c-30656548485b/TCGA-BT-A3PJ-01Z-00-DX1.C730AD35-81DF-4758-97B5-1E9F58E67A2B.svs
masks groups includes :['tumor', 'artificial', 'necrosis', 'stroma']
processing ---level 5X,tumor tiles
/mnt/wangyh/TCGA_patches/H/cf1884cf-8262-45b4-841a-e1ef212c0a3a
Done!
processing ---level 10X,tumor tiles
/mnt/wangyh/TCGA_patches/H/cf1884cf-8262-45b4-841a-e1ef212c0a3a
Done!
processing ---level 20X,tumor tiles
/mnt/wangyh/TCGA_patches/H/cf1884cf-8262-45b4-841a-e1ef212c0a3a
Done!
processing ---level 40X,tumor tiles
/mnt/wangyh/TCGA_patches/H/cf1884cf-8262-45b4-841a-e1ef212c0a3a
Done!
All levels processed!!
processing ---level 5X,non-tumor tiles
/mnt/wangyh/TCGA_patches/H/cf1884cf-8262-45b4-841a-e1ef212c0a3a
Done!
processing ---level 10X,non-tumor tiles
/mnt/wangyh/TCGA_patches/H/cf1884cf-8262-45b4-841a-e1ef212c0a3a
Done!
processing ---level 20X,non-tumor tiles
/mnt/wangyh/TCGA_patches/H/cf1884cf-8262-45b4-841a-e1ef212c0a3a
Done!
processing ---level 40X,non-tumor tiles
/mnt/wangyh/TCGA_patches/H/cf1884cf-8262-45b4-841a-e1ef212c0a3a
Done!
All levels processed!!
Time consumed : 54.13081216414769 min
******0/39 remain unextract******
processing  10/39:------/mnt/wangyh/TCGA_svs/f48a737e-7b25-4194-9eee-de8da98a82a0/TCGA-BT-A3PK-01Z-00-DX1.0C10EB75-B766-47DB-8BD0-853F81074355.svs
masks groups includes :['tumor', 'artificial', 'necrosis', 'stroma']
processing ---level 5X,tumor tiles
/mnt/wangyh/TCGA_patches/L/a29135be-c1a9-4402-b7a5-47cc8172a5ad
Done!
processing ---level 10X,tumor tiles
/mnt/wangyh/TCGA_patches/L/a29135be-c1a9-4402-b7a5-47cc8172a5ad
Done!
processing ---level 20X,tumor tiles
/mnt/wangyh/TCGA_patches/L/a29135be-c1a9-4402-b7a5-47cc8172a5ad
Done!
processing ---level 40X,tumor tiles
/mnt/wangyh/TCGA_patches/L/a29135be-c1a9-4402-b7a5-47cc8172a5ad
Done!
All levels processed!!
processing ---level 5X,non-tumor tiles
/mnt/wangyh/TCGA_patches/L/a29135be-c1a9-4402-b7a5-47cc8172a5ad
Done!
processing ---level 10X,non-tumor tiles
/mnt/wangyh/TCGA_patches/L/a29135be-c1a9-4402-b7a5-47cc8172a5ad
Done!
processing ---level 20X,non-tumor tiles
/mnt/wangyh/TCGA_patches/L/a29135be-c1a9-4402-b7a5-47cc8172a5ad
Done!
processing ---level 40X,non-tumor tiles
/mnt/wangyh/TCGA_patches/L/a29135be-c1a9-4402-b7a5-47cc8172a5ad
Done!
All levels processed!!
Time consumed : 68.12131747404734 min
******0/39 remain unextract******
processing  11/39:------/mnt/wangyh/TCGA_svs/37d487ae-74c6-4ccf-9ebe-c8fe0b9e4dcf/TCGA-BT-A42B-01Z-00-DX1.00FCBDE2-728B-4024-A515-64A366DAB307.svs
masks groups includes :['tumor', 'artificial', 'stroma', 'necrosis']
processing ---level 5X,tumor tiles
/mnt/wangyh/TCGA_patches/L/0f5b4de3-f7ed-4439-bf2d-621d0af6a2a3
Done!
processing ---level 10X,tumor tiles
/mnt/wangyh/TCGA_patches/L/0f5b4de3-f7ed-4439-bf2d-621d0af6a2a3
Done!
processing ---level 20X,tumor tiles
/mnt/wangyh/TCGA_patches/L/0f5b4de3-f7ed-4439-bf2d-621d0af6a2a3
Done!
processing ---level 40X,tumor tiles
/mnt/wangyh/TCGA_patches/L/0f5b4de3-f7ed-4439-bf2d-621d0af6a2a3
Done!
All levels processed!!
processing ---level 5X,non-tumor tiles
/mnt/wangyh/TCGA_patches/L/0f5b4de3-f7ed-4439-bf2d-621d0af6a2a3
Done!
processing ---level 10X,non-tumor tiles
/mnt/wangyh/TCGA_patches/L/0f5b4de3-f7ed-4439-bf2d-621d0af6a2a3
Done!
processing ---level 20X,non-tumor tiles
/mnt/wangyh/TCGA_patches/L/0f5b4de3-f7ed-4439-bf2d-621d0af6a2a3
Done!
processing ---level 40X,non-tumor tiles
/mnt/wangyh/TCGA_patches/L/0f5b4de3-f7ed-4439-bf2d-621d0af6a2a3
Done!
All levels processed!!
Time consumed : 51.18961968024572 min
******0/39 remain unextract******
processing  12/39:------/mnt/wangyh/TCGA_svs/44199673-452b-4ba9-a626-28ea51454eff/TCGA-BT-A42C-01Z-00-DX1.49949E15-B218-4E43-947C-5D73B87B1CA9.svs
masks groups includes :['tumor', 'artificial', 'necrosis', 'stroma']
processing ---level 5X,tumor tiles
/mnt/wangyh/TCGA_patches/L/fe9ee61c-f3cb-4d98-8bd4-dde12859a181
Done!
processing ---level 10X,tumor tiles
/mnt/wangyh/TCGA_patches/L/fe9ee61c-f3cb-4d98-8bd4-dde12859a181
Done!
processing ---level 20X,tumor tiles
/mnt/wangyh/TCGA_patches/L/fe9ee61c-f3cb-4d98-8bd4-dde12859a181
Done!
processing ---level 40X,tumor tiles
/mnt/wangyh/TCGA_patches/L/fe9ee61c-f3cb-4d98-8bd4-dde12859a181
Done!
All levels processed!!
processing ---level 5X,non-tumor tiles
/mnt/wangyh/TCGA_patches/L/fe9ee61c-f3cb-4d98-8bd4-dde12859a181
Done!
processing ---level 10X,non-tumor tiles
/mnt/wangyh/TCGA_patches/L/fe9ee61c-f3cb-4d98-8bd4-dde12859a181
Done!
processing ---level 20X,non-tumor tiles
/mnt/wangyh/TCGA_patches/L/fe9ee61c-f3cb-4d98-8bd4-dde12859a181
Done!
processing ---level 40X,non-tumor tiles
/mnt/wangyh/TCGA_patches/L/fe9ee61c-f3cb-4d98-8bd4-dde12859a181
Done!
All levels processed!!
Time consumed : 33.6680287361145 min
******0/39 remain unextract******
processing  13/39:------/mnt/wangyh/TCGA_svs/bd498605-3c8a-48cf-a47f-ec98b4c606d7/TCGA-BT-A42E-01Z-00-DX1.7DAF02FF-70D0-412D-8EE3-03AC04E83300.svs
masks groups includes :['tumor', 'artificial', 'necrosis', 'stroma']
processing ---level 5X,tumor tiles
/mnt/wangyh/TCGA_patches/L/636589bf-d553-44b0-bebc-d75c308fb351
Done!
processing ---level 10X,tumor tiles
/mnt/wangyh/TCGA_patches/L/636589bf-d553-44b0-bebc-d75c308fb351
Done!
processing ---level 20X,tumor tiles
/mnt/wangyh/TCGA_patches/L/636589bf-d553-44b0-bebc-d75c308fb351
Done!
processing ---level 40X,tumor tiles
/mnt/wangyh/TCGA_patches/L/636589bf-d553-44b0-bebc-d75c308fb351
Done!
All levels processed!!
processing ---level 5X,non-tumor tiles
/mnt/wangyh/TCGA_patches/L/636589bf-d553-44b0-bebc-d75c308fb351
Done!
processing ---level 10X,non-tumor tiles
/mnt/wangyh/TCGA_patches/L/636589bf-d553-44b0-bebc-d75c308fb351
Done!
processing ---level 20X,non-tumor tiles
/mnt/wangyh/TCGA_patches/L/636589bf-d553-44b0-bebc-d75c308fb351
Done!
processing ---level 40X,non-tumor tiles
/mnt/wangyh/TCGA_patches/L/636589bf-d553-44b0-bebc-d75c308fb351
Done!
All levels processed!!
Time consumed : 14.579772345225017 min
******0/39 remain unextract******
processing  14/39:------/mnt/wangyh/TCGA_svs/8abcf902-098e-436a-b119-c160087f8c92/TCGA-BT-A42F-01Z-00-DX1.B934B6A1-C16E-4796-A297-9E92DD74763F.svs
masks groups includes :['tumor', 'artificial', 'necrosis', 'stroma']
processing ---level 5X,tumor tiles
/mnt/wangyh/TCGA_patches/L/1fa739c1-75f2-433b-91c7-f743bdf0fce0
Done!
processing ---level 10X,tumor tiles
/mnt/wangyh/TCGA_patches/L/1fa739c1-75f2-433b-91c7-f743bdf0fce0
Done!
processing ---level 20X,tumor tiles
/mnt/wangyh/TCGA_patches/L/1fa739c1-75f2-433b-91c7-f743bdf0fce0
Done!
processing ---level 40X,tumor tiles
/mnt/wangyh/TCGA_patches/L/1fa739c1-75f2-433b-91c7-f743bdf0fce0
Done!
All levels processed!!
processing ---level 5X,non-tumor tiles
/mnt/wangyh/TCGA_patches/L/1fa739c1-75f2-433b-91c7-f743bdf0fce0
Done!
processing ---level 10X,non-tumor tiles
/mnt/wangyh/TCGA_patches/L/1fa739c1-75f2-433b-91c7-f743bdf0fce0
Done!
processing ---level 20X,non-tumor tiles
/mnt/wangyh/TCGA_patches/L/1fa739c1-75f2-433b-91c7-f743bdf0fce0
Done!
processing ---level 40X,non-tumor tiles
/mnt/wangyh/TCGA_patches/L/1fa739c1-75f2-433b-91c7-f743bdf0fce0
Done!
All levels processed!!
Time consumed : 87.71298998594284 min
******0/39 remain unextract******
processing  15/39:------/mnt/wangyh/TCGA_svs/2171af63-ac14-4e4c-845d-4e044fd82b98/TCGA-C4-A0EZ-01Z-00-DX1.993A12F0-9687-4E56-B887-13C9453A7E63.svs
masks groups includes :['tumor', 'artificial', 'stroma', 'necrosis']
processing ---level 5X,tumor tiles
/mnt/wangyh/TCGA_patches/L/d1becbe5-78d6-46f1-952f-f66796856883
Done!
processing ---level 10X,tumor tiles
/mnt/wangyh/TCGA_patches/L/d1becbe5-78d6-46f1-952f-f66796856883
Done!
processing ---level 20X,tumor tiles
/mnt/wangyh/TCGA_patches/L/d1becbe5-78d6-46f1-952f-f66796856883
Done!
processing ---level 40X,tumor tiles
/mnt/wangyh/TCGA_patches/L/d1becbe5-78d6-46f1-952f-f66796856883
Done!
All levels processed!!
processing ---level 5X,non-tumor tiles
/mnt/wangyh/TCGA_patches/L/d1becbe5-78d6-46f1-952f-f66796856883
Done!
processing ---level 10X,non-tumor tiles
/mnt/wangyh/TCGA_patches/L/d1becbe5-78d6-46f1-952f-f66796856883
Done!
processing ---level 20X,non-tumor tiles
/mnt/wangyh/TCGA_patches/L/d1becbe5-78d6-46f1-952f-f66796856883
Done!
processing ---level 40X,non-tumor tiles
/mnt/wangyh/TCGA_patches/L/d1becbe5-78d6-46f1-952f-f66796856883
Done!
All levels processed!!
Time consumed : 33.796519998709364 min
******0/39 remain unextract******
processing  16/39:------/mnt/wangyh/TCGA_svs/0564ad3d-feb1-4281-8086-342c6b2d28ab/TCGA-C4-A0F0-01Z-00-DX1.8EBBC2EF-DA6F-4901-838D-C1AC80E83E92.svs
masks groups includes :['tumor', 'artificial', 'necrosis', 'stroma']
processing ---level 5X,tumor tiles
/mnt/wangyh/TCGA_patches/L/57e5981d-94c6-4a4c-bb93-b3fff877b495
Done!
processing ---level 10X,tumor tiles
/mnt/wangyh/TCGA_patches/L/57e5981d-94c6-4a4c-bb93-b3fff877b495
Done!
processing ---level 20X,tumor tiles
/mnt/wangyh/TCGA_patches/L/57e5981d-94c6-4a4c-bb93-b3fff877b495
Done!
processing ---level 40X,tumor tiles
/mnt/wangyh/TCGA_patches/L/57e5981d-94c6-4a4c-bb93-b3fff877b495
Done!
All levels processed!!
processing ---level 5X,non-tumor tiles
/mnt/wangyh/TCGA_patches/L/57e5981d-94c6-4a4c-bb93-b3fff877b495
Done!
processing ---level 10X,non-tumor tiles
/mnt/wangyh/TCGA_patches/L/57e5981d-94c6-4a4c-bb93-b3fff877b495
Done!
processing ---level 20X,non-tumor tiles
/mnt/wangyh/TCGA_patches/L/57e5981d-94c6-4a4c-bb93-b3fff877b495
Done!
processing ---level 40X,non-tumor tiles
/mnt/wangyh/TCGA_patches/L/57e5981d-94c6-4a4c-bb93-b3fff877b495
Done!
All levels processed!!
Time consumed : 49.48882141510646 min
******0/39 remain unextract******
processing  17/39:------/mnt/wangyh/TCGA_svs/07ee6a38-1ee9-475e-a59f-0b9d00c1a173/TCGA-C4-A0F1-01Z-00-DX1.C29436CC-B584-4898-8168-97B5552B1B24.svs
masks groups includes :['tumor', 'artificial', 'necrosis', 'stroma']
processing ---level 5X,tumor tiles
/mnt/wangyh/TCGA_patches/L/a6679cb9-b463-49b3-a5b5-7e46a79d4b85
Done!
processing ---level 10X,tumor tiles
/mnt/wangyh/TCGA_patches/L/a6679cb9-b463-49b3-a5b5-7e46a79d4b85
Done!
processing ---level 20X,tumor tiles
/mnt/wangyh/TCGA_patches/L/a6679cb9-b463-49b3-a5b5-7e46a79d4b85
Done!
processing ---level 40X,tumor tiles
/mnt/wangyh/TCGA_patches/L/a6679cb9-b463-49b3-a5b5-7e46a79d4b85
Done!
All levels processed!!
processing ---level 5X,non-tumor tiles
/mnt/wangyh/TCGA_patches/L/a6679cb9-b463-49b3-a5b5-7e46a79d4b85
Done!
processing ---level 10X,non-tumor tiles
/mnt/wangyh/TCGA_patches/L/a6679cb9-b463-49b3-a5b5-7e46a79d4b85
Done!
processing ---level 20X,non-tumor tiles
/mnt/wangyh/TCGA_patches/L/a6679cb9-b463-49b3-a5b5-7e46a79d4b85
Done!
processing ---level 40X,non-tumor tiles
/mnt/wangyh/TCGA_patches/L/a6679cb9-b463-49b3-a5b5-7e46a79d4b85
Done!
All levels processed!!
Time consumed : 111.82523949146271 min
******0/39 remain unextract******
processing  18/39:------/mnt/wangyh/TCGA_svs/4e0859ed-94a0-4e14-ab35-2fa7534073c5/TCGA-C4-A0F6-01Z-00-DX1.05FAB26A-4BE9-42B4-95F0-6BD15EBE8792.svs
masks groups includes :['tumor', 'artificial', 'necrosis', 'stroma']
processing ---level 5X,tumor tiles
/mnt/wangyh/TCGA_patches/L/49839b8d-742a-41da-81fe-bb0f610b6316
Done!
processing ---level 10X,tumor tiles
/mnt/wangyh/TCGA_patches/L/49839b8d-742a-41da-81fe-bb0f610b6316
Done!
processing ---level 20X,tumor tiles
/mnt/wangyh/TCGA_patches/L/49839b8d-742a-41da-81fe-bb0f610b6316
Done!
processing ---level 40X,tumor tiles
/mnt/wangyh/TCGA_patches/L/49839b8d-742a-41da-81fe-bb0f610b6316
Done!
All levels processed!!
processing ---level 5X,non-tumor tiles
/mnt/wangyh/TCGA_patches/L/49839b8d-742a-41da-81fe-bb0f610b6316
Done!
processing ---level 10X,non-tumor tiles
/mnt/wangyh/TCGA_patches/L/49839b8d-742a-41da-81fe-bb0f610b6316
Done!
processing ---level 20X,non-tumor tiles
/mnt/wangyh/TCGA_patches/L/49839b8d-742a-41da-81fe-bb0f610b6316
Done!
processing ---level 40X,non-tumor tiles
/mnt/wangyh/TCGA_patches/L/49839b8d-742a-41da-81fe-bb0f610b6316
Done!
All levels processed!!
Time consumed : 26.779590133825938 min
******0/39 remain unextract******
processing  19/39:------/mnt/wangyh/TCGA_svs/fa0e040b-092e-4b0c-a28f-6547fe4123fd/TCGA-C4-A0F7-01Z-00-DX1.606C3AFA-F93D-4226-AA49-41B5916F9018.svs
masks groups includes :['tumor', 'artificial', 'necrosis', 'stroma']
processing ---level 5X,tumor tiles
/mnt/wangyh/TCGA_patches/L/66119642-bd0f-4108-b80a-08a14de5a7d4
Done!
processing ---level 10X,tumor tiles
/mnt/wangyh/TCGA_patches/L/66119642-bd0f-4108-b80a-08a14de5a7d4
Done!
processing ---level 20X,tumor tiles
/mnt/wangyh/TCGA_patches/L/66119642-bd0f-4108-b80a-08a14de5a7d4
Done!
processing ---level 40X,tumor tiles
/mnt/wangyh/TCGA_patches/L/66119642-bd0f-4108-b80a-08a14de5a7d4
Done!
All levels processed!!
processing ---level 5X,non-tumor tiles
/mnt/wangyh/TCGA_patches/L/66119642-bd0f-4108-b80a-08a14de5a7d4
Done!
processing ---level 10X,non-tumor tiles
/mnt/wangyh/TCGA_patches/L/66119642-bd0f-4108-b80a-08a14de5a7d4
Done!
processing ---level 20X,non-tumor tiles
/mnt/wangyh/TCGA_patches/L/66119642-bd0f-4108-b80a-08a14de5a7d4
Done!
processing ---level 40X,non-tumor tiles
/mnt/wangyh/TCGA_patches/L/66119642-bd0f-4108-b80a-08a14de5a7d4
Done!
All levels processed!!
Time consumed : 31.743020629882814 min
******0/39 remain unextract******
processing  20/39:------/mnt/wangyh/TCGA_svs/a8346031-8c7c-48ce-935a-201407ff1b34/TCGA-CF-A1HR-01Z-00-DX1.C56E4296-EB85-4DBA-B0A0-9D6FA097A74F.svs
masks groups includes :['tumor', 'artificial', 'necrosis', 'stroma']
processing ---level 5X,tumor tiles
/mnt/wangyh/TCGA_patches/L/702ab1dd-5bf0-4cc9-b6ff-147d093d8d1c
Done!
processing ---level 10X,tumor tiles
/mnt/wangyh/TCGA_patches/L/702ab1dd-5bf0-4cc9-b6ff-147d093d8d1c
Done!
processing ---level 20X,tumor tiles
/mnt/wangyh/TCGA_patches/L/702ab1dd-5bf0-4cc9-b6ff-147d093d8d1c
Done!
processing ---level 40X,tumor tiles
/mnt/wangyh/TCGA_patches/L/702ab1dd-5bf0-4cc9-b6ff-147d093d8d1c
Done!
All levels processed!!
processing ---level 5X,non-tumor tiles
/mnt/wangyh/TCGA_patches/L/702ab1dd-5bf0-4cc9-b6ff-147d093d8d1c
Done!
processing ---level 10X,non-tumor tiles
/mnt/wangyh/TCGA_patches/L/702ab1dd-5bf0-4cc9-b6ff-147d093d8d1c
Done!
processing ---level 20X,non-tumor tiles
/mnt/wangyh/TCGA_patches/L/702ab1dd-5bf0-4cc9-b6ff-147d093d8d1c
Done!
processing ---level 40X,non-tumor tiles
/mnt/wangyh/TCGA_patches/L/702ab1dd-5bf0-4cc9-b6ff-147d093d8d1c
Done!
All levels processed!!
Time consumed : 100.75461930036545 min
******0/39 remain unextract******
processing  21/39:------/mnt/wangyh/TCGA_svs/c1fe25ca-2794-4f22-b462-534312e18905/TCGA-CF-A1HS-01Z-00-DX1.CA67D874-12C9-49AB-ACA1-92C202E27083.svs
masks groups includes :['tumor', 'artificial', 'necrosis', 'stroma']
processing ---level 5X,tumor tiles
/mnt/wangyh/TCGA_patches/L/e73a1081-4a74-483e-84ab-9b4a614a86fb
Done!
processing ---level 10X,tumor tiles
/mnt/wangyh/TCGA_patches/L/e73a1081-4a74-483e-84ab-9b4a614a86fb
Done!
processing ---level 20X,tumor tiles
/mnt/wangyh/TCGA_patches/L/e73a1081-4a74-483e-84ab-9b4a614a86fb
Done!
processing ---level 40X,tumor tiles
/mnt/wangyh/TCGA_patches/L/e73a1081-4a74-483e-84ab-9b4a614a86fb
Done!
All levels processed!!
processing ---level 5X,non-tumor tiles
/mnt/wangyh/TCGA_patches/L/e73a1081-4a74-483e-84ab-9b4a614a86fb
Done!
processing ---level 10X,non-tumor tiles
/mnt/wangyh/TCGA_patches/L/e73a1081-4a74-483e-84ab-9b4a614a86fb
Done!
processing ---level 20X,non-tumor tiles
/mnt/wangyh/TCGA_patches/L/e73a1081-4a74-483e-84ab-9b4a614a86fb
Done!
processing ---level 40X,non-tumor tiles
/mnt/wangyh/TCGA_patches/L/e73a1081-4a74-483e-84ab-9b4a614a86fb
Done!
All levels processed!!
Time consumed : 99.73934362332027 min
******0/39 remain unextract******
processing  22/39:------/mnt/wangyh/TCGA_svs/defa18ac-ed19-4a04-84c4-0bf618882153/TCGA-CF-A27C-01Z-00-DX1.0FDBC44E-EC0D-4C6F-8B77-177CB1516CF1.svs
masks groups includes :['tumor', 'artificial', 'necrosis', 'stroma']
processing ---level 5X,tumor tiles
/mnt/wangyh/TCGA_patches/L/2d3b8809-ce5d-4843-ab97-4f5d40b8ec12
Done!
processing ---level 10X,tumor tiles
/mnt/wangyh/TCGA_patches/L/2d3b8809-ce5d-4843-ab97-4f5d40b8ec12
Done!
processing ---level 20X,tumor tiles
/mnt/wangyh/TCGA_patches/L/2d3b8809-ce5d-4843-ab97-4f5d40b8ec12
Done!
processing ---level 40X,tumor tiles
/mnt/wangyh/TCGA_patches/L/2d3b8809-ce5d-4843-ab97-4f5d40b8ec12
Done!
All levels processed!!
processing ---level 5X,non-tumor tiles
/mnt/wangyh/TCGA_patches/L/2d3b8809-ce5d-4843-ab97-4f5d40b8ec12
Done!
processing ---level 10X,non-tumor tiles
/mnt/wangyh/TCGA_patches/L/2d3b8809-ce5d-4843-ab97-4f5d40b8ec12
Done!
processing ---level 20X,non-tumor tiles
/mnt/wangyh/TCGA_patches/L/2d3b8809-ce5d-4843-ab97-4f5d40b8ec12
Done!
processing ---level 40X,non-tumor tiles
/mnt/wangyh/TCGA_patches/L/2d3b8809-ce5d-4843-ab97-4f5d40b8ec12
Done!
All levels processed!!
Time consumed : 85.59824534257253 min
******0/39 remain unextract******
processing  23/39:------/mnt/wangyh/TCGA_svs/90a6bf6f-d9a0-46b4-a2f2-1e59f641ab15/TCGA-CF-A3MF-01Z-00-DX1.91768C26-5BB1-4DE6-9737-AA26BD687A75.svs
masks groups includes :['tumor', 'artificial', 'necrosis', 'stroma']
processing ---level 5X,tumor tiles
/mnt/wangyh/TCGA_patches/L/8261c7c7-972b-4ad6-bdda-0762ee5c4907
Done!
processing ---level 10X,tumor tiles
/mnt/wangyh/TCGA_patches/L/8261c7c7-972b-4ad6-bdda-0762ee5c4907
Done!
processing ---level 20X,tumor tiles
/mnt/wangyh/TCGA_patches/L/8261c7c7-972b-4ad6-bdda-0762ee5c4907
Done!
processing ---level 40X,tumor tiles
/mnt/wangyh/TCGA_patches/L/8261c7c7-972b-4ad6-bdda-0762ee5c4907
Done!
All levels processed!!
processing ---level 5X,non-tumor tiles
/mnt/wangyh/TCGA_patches/L/8261c7c7-972b-4ad6-bdda-0762ee5c4907
Done!
processing ---level 10X,non-tumor tiles
/mnt/wangyh/TCGA_patches/L/8261c7c7-972b-4ad6-bdda-0762ee5c4907
Done!
processing ---level 20X,non-tumor tiles
/mnt/wangyh/TCGA_patches/L/8261c7c7-972b-4ad6-bdda-0762ee5c4907
Done!
processing ---level 40X,non-tumor tiles
/mnt/wangyh/TCGA_patches/L/8261c7c7-972b-4ad6-bdda-0762ee5c4907
Done!
All levels processed!!
Time consumed : 204.14801393349964 min
******0/39 remain unextract******
processing  24/39:------/mnt/wangyh/TCGA_svs/7a0697d9-18db-4e52-b243-be06879a9944/TCGA-CF-A3MG-01Z-00-DX1.49D55C73-735B-496E-82DA-1F6BFE88D607.svs
something is wrong when parsing
ERROR! This annotation file does not exist.
processing  25/39:------/mnt/wangyh/TCGA_svs/0f9da70b-afb3-4177-8888-da8866861375/TCGA-CF-A3MH-01Z-00-DX1.4A6F7BDC-B7D2-4203-AA8E-7BA5DB8BF3AC.svs
masks groups includes :['tumor', 'artificial', 'necrosis', 'stroma']
processing ---level 5X,tumor tiles
/mnt/wangyh/TCGA_patches/L/a70f2fd4-7516-4c3f-9683-5eb88bf794f7
Done!
processing ---level 10X,tumor tiles
/mnt/wangyh/TCGA_patches/L/a70f2fd4-7516-4c3f-9683-5eb88bf794f7
Done!
processing ---level 20X,tumor tiles
/mnt/wangyh/TCGA_patches/L/a70f2fd4-7516-4c3f-9683-5eb88bf794f7
Done!
processing ---level 40X,tumor tiles
/mnt/wangyh/TCGA_patches/L/a70f2fd4-7516-4c3f-9683-5eb88bf794f7
Done!
All levels processed!!
processing ---level 5X,non-tumor tiles
/mnt/wangyh/TCGA_patches/L/a70f2fd4-7516-4c3f-9683-5eb88bf794f7
Done!
processing ---level 10X,non-tumor tiles
/mnt/wangyh/TCGA_patches/L/a70f2fd4-7516-4c3f-9683-5eb88bf794f7
Done!
processing ---level 20X,non-tumor tiles
/mnt/wangyh/TCGA_patches/L/a70f2fd4-7516-4c3f-9683-5eb88bf794f7
Done!
processing ---level 40X,non-tumor tiles
/mnt/wangyh/TCGA_patches/L/a70f2fd4-7516-4c3f-9683-5eb88bf794f7
Done!
All levels processed!!
Time consumed : 101.95480299393336 min
******0/39 remain unextract******
processing  26/39:------/mnt/wangyh/TCGA_svs/2d4094a1-c7f7-4709-83f3-8d74d5476bad/TCGA-CF-A3MI-01Z-00-DX1.5619CA1A-F772-44CC-BBE2-F2C365E2699D.svs
masks groups includes :['tumor', 'artificial', 'necrosis', 'stroma']
processing ---level 5X,tumor tiles
/mnt/wangyh/TCGA_patches/L/dcb80bf2-320b-4f9f-8905-9272dbf8a889
Done!
processing ---level 10X,tumor tiles
/mnt/wangyh/TCGA_patches/L/dcb80bf2-320b-4f9f-8905-9272dbf8a889
Done!
processing ---level 20X,tumor tiles
/mnt/wangyh/TCGA_patches/L/dcb80bf2-320b-4f9f-8905-9272dbf8a889
Done!
processing ---level 40X,tumor tiles
/mnt/wangyh/TCGA_patches/L/dcb80bf2-320b-4f9f-8905-9272dbf8a889
Done!
All levels processed!!
processing ---level 5X,non-tumor tiles
/mnt/wangyh/TCGA_patches/L/dcb80bf2-320b-4f9f-8905-9272dbf8a889
Done!
processing ---level 10X,non-tumor tiles
/mnt/wangyh/TCGA_patches/L/dcb80bf2-320b-4f9f-8905-9272dbf8a889
Done!
processing ---level 20X,non-tumor tiles
/mnt/wangyh/TCGA_patches/L/dcb80bf2-320b-4f9f-8905-9272dbf8a889
Done!
processing ---level 40X,non-tumor tiles
/mnt/wangyh/TCGA_patches/L/dcb80bf2-320b-4f9f-8905-9272dbf8a889
Done!
All levels processed!!
Time consumed : 218.93117853005728 min
******0/39 remain unextract******
processing  27/39:------/mnt/wangyh/TCGA_svs/4421e178-6798-4604-9900-6b4c643c3b75/TCGA-CF-A47S-01Z-00-DX1.1397F7C0-1098-4C42-B158-28A37723F5F6.svs
masks groups includes :['tumor', 'artificial', 'necrosis', 'stroma']
processing ---level 5X,tumor tiles
/mnt/wangyh/TCGA_patches/L/383812ea-a509-45a8-959d-782c45bac5b8
Done!
processing ---level 10X,tumor tiles
/mnt/wangyh/TCGA_patches/L/383812ea-a509-45a8-959d-782c45bac5b8
Done!
processing ---level 20X,tumor tiles
/mnt/wangyh/TCGA_patches/L/383812ea-a509-45a8-959d-782c45bac5b8
Done!
processing ---level 40X,tumor tiles
/mnt/wangyh/TCGA_patches/L/383812ea-a509-45a8-959d-782c45bac5b8
Done!
All levels processed!!
processing ---level 5X,non-tumor tiles
/mnt/wangyh/TCGA_patches/L/383812ea-a509-45a8-959d-782c45bac5b8
Done!
processing ---level 10X,non-tumor tiles
/mnt/wangyh/TCGA_patches/L/383812ea-a509-45a8-959d-782c45bac5b8
Done!
processing ---level 20X,non-tumor tiles
/mnt/wangyh/TCGA_patches/L/383812ea-a509-45a8-959d-782c45bac5b8
Done!
processing ---level 40X,non-tumor tiles
/mnt/wangyh/TCGA_patches/L/383812ea-a509-45a8-959d-782c45bac5b8
Done!
All levels processed!!
Time consumed : 151.96993775765102 min
******0/39 remain unextract******
processing  28/39:------/mnt/wangyh/TCGA_svs/f62d76a0-8694-401b-97a6-187ef55ac835/TCGA-CF-A47T-01Z-00-DX1.2AFA4BB3-B97C-4C0D-86F4-53A5F3317129.svs
masks groups includes :['tumor', 'artificial', 'necrosis', 'stroma']
processing ---level 5X,tumor tiles
/mnt/wangyh/TCGA_patches/L/4f4fb3ea-56bb-4dcf-bd16-72833b9a18c8
Done!
processing ---level 10X,tumor tiles
/mnt/wangyh/TCGA_patches/L/4f4fb3ea-56bb-4dcf-bd16-72833b9a18c8
Done!
processing ---level 20X,tumor tiles
/mnt/wangyh/TCGA_patches/L/4f4fb3ea-56bb-4dcf-bd16-72833b9a18c8
Done!
processing ---level 40X,tumor tiles
/mnt/wangyh/TCGA_patches/L/4f4fb3ea-56bb-4dcf-bd16-72833b9a18c8
Done!
All levels processed!!
processing ---level 5X,non-tumor tiles
/mnt/wangyh/TCGA_patches/L/4f4fb3ea-56bb-4dcf-bd16-72833b9a18c8
Done!
processing ---level 10X,non-tumor tiles
/mnt/wangyh/TCGA_patches/L/4f4fb3ea-56bb-4dcf-bd16-72833b9a18c8
Done!
processing ---level 20X,non-tumor tiles
/mnt/wangyh/TCGA_patches/L/4f4fb3ea-56bb-4dcf-bd16-72833b9a18c8
Done!
processing ---level 40X,non-tumor tiles
/mnt/wangyh/TCGA_patches/L/4f4fb3ea-56bb-4dcf-bd16-72833b9a18c8
Done!
All levels processed!!
Time consumed : 169.90090188980102 min
******0/39 remain unextract******
processing  29/39:------/mnt/wangyh/TCGA_svs/41e3c23e-bae0-42f9-9b9f-771717a87bb2/TCGA-CF-A47V-01Z-00-DX1.DCDFBB74-48BC-434A-ABD3-55367C56F2FD.svs
masks groups includes :['tumor', 'artificial', 'necrosis', 'stroma']
processing ---level 5X,tumor tiles
/mnt/wangyh/TCGA_patches/L/638e30db-305d-45e1-a8ec-05d125f72c0b
Done!
processing ---level 10X,tumor tiles
/mnt/wangyh/TCGA_patches/L/638e30db-305d-45e1-a8ec-05d125f72c0b
Done!
processing ---level 20X,tumor tiles
/mnt/wangyh/TCGA_patches/L/638e30db-305d-45e1-a8ec-05d125f72c0b
Done!
processing ---level 40X,tumor tiles
/mnt/wangyh/TCGA_patches/L/638e30db-305d-45e1-a8ec-05d125f72c0b
Done!
All levels processed!!
processing ---level 5X,non-tumor tiles
/mnt/wangyh/TCGA_patches/L/638e30db-305d-45e1-a8ec-05d125f72c0b
Done!
processing ---level 10X,non-tumor tiles
/mnt/wangyh/TCGA_patches/L/638e30db-305d-45e1-a8ec-05d125f72c0b
Done!
processing ---level 20X,non-tumor tiles
/mnt/wangyh/TCGA_patches/L/638e30db-305d-45e1-a8ec-05d125f72c0b
Done!
processing ---level 40X,non-tumor tiles
/mnt/wangyh/TCGA_patches/L/638e30db-305d-45e1-a8ec-05d125f72c0b
Done!
All levels processed!!
Time consumed : 121.87521575291952 min
******0/39 remain unextract******
processing  30/39:------/mnt/wangyh/TCGA_svs/e4149c3c-7d5c-459d-9383-0989a70a7a36/TCGA-CF-A47W-01Z-00-DX1.D14F1F9A-E684-4140-9714-3197A4325568.svs
masks groups includes :['tumor', 'stroma', 'artificial', 'necrosis']
processing ---level 5X,tumor tiles
/mnt/wangyh/TCGA_patches/L/a8e44f7c-85a0-43af-882c-16b148c6dc1e
Done!
processing ---level 10X,tumor tiles
/mnt/wangyh/TCGA_patches/L/a8e44f7c-85a0-43af-882c-16b148c6dc1e
Done!
processing ---level 20X,tumor tiles
/mnt/wangyh/TCGA_patches/L/a8e44f7c-85a0-43af-882c-16b148c6dc1e
Done!
processing ---level 40X,tumor tiles
/mnt/wangyh/TCGA_patches/L/a8e44f7c-85a0-43af-882c-16b148c6dc1e
Done!
All levels processed!!
processing ---level 5X,non-tumor tiles
/mnt/wangyh/TCGA_patches/L/a8e44f7c-85a0-43af-882c-16b148c6dc1e
Done!
processing ---level 10X,non-tumor tiles
/mnt/wangyh/TCGA_patches/L/a8e44f7c-85a0-43af-882c-16b148c6dc1e
Done!
processing ---level 20X,non-tumor tiles
/mnt/wangyh/TCGA_patches/L/a8e44f7c-85a0-43af-882c-16b148c6dc1e
Done!
processing ---level 40X,non-tumor tiles
/mnt/wangyh/TCGA_patches/L/a8e44f7c-85a0-43af-882c-16b148c6dc1e
Done!
All levels processed!!
Time consumed : 103.39119655291239 min
******0/39 remain unextract******
processing  31/39:------/mnt/wangyh/TCGA_svs/76811504-1751-46f4-bfea-496a54d5f045/TCGA-CF-A47X-01Z-00-DX1.1FA2C95C-CFB9-47AA-9BA8-2C2D391BA5D7.svs
masks groups includes :['tumor', 'artficial', 'artificial', 'necrosis', 'stroma']
processing ---level 5X,tumor tiles
/mnt/wangyh/TCGA_patches/L/f7006cc5-8462-4c5b-ba2d-7a5593547c8d
Done!
processing ---level 10X,tumor tiles
/mnt/wangyh/TCGA_patches/L/f7006cc5-8462-4c5b-ba2d-7a5593547c8d
Done!
processing ---level 20X,tumor tiles
/mnt/wangyh/TCGA_patches/L/f7006cc5-8462-4c5b-ba2d-7a5593547c8d
Done!
processing ---level 40X,tumor tiles
/mnt/wangyh/TCGA_patches/L/f7006cc5-8462-4c5b-ba2d-7a5593547c8d
Done!
All levels processed!!
processing ---level 5X,non-tumor tiles
/mnt/wangyh/TCGA_patches/L/f7006cc5-8462-4c5b-ba2d-7a5593547c8d
Done!
processing ---level 10X,non-tumor tiles
/mnt/wangyh/TCGA_patches/L/f7006cc5-8462-4c5b-ba2d-7a5593547c8d
Done!
processing ---level 20X,non-tumor tiles
/mnt/wangyh/TCGA_patches/L/f7006cc5-8462-4c5b-ba2d-7a5593547c8d
Done!
processing ---level 40X,non-tumor tiles
/mnt/wangyh/TCGA_patches/L/f7006cc5-8462-4c5b-ba2d-7a5593547c8d
Done!
All levels processed!!
Time consumed : 107.3289515455564 min
******0/39 remain unextract******
processing  32/39:------/mnt/wangyh/TCGA_svs/60b3ea08-bd22-47dc-8c48-ca9fced5a131/TCGA-CF-A47Y-01Z-00-DX1.1D4B8964-E7AB-4C6F-80AC-AF84B80B80C2.svs
masks groups includes :['tumor', 'artificial', 'necrosis', 'stroma']
processing ---level 5X,tumor tiles
/mnt/wangyh/TCGA_patches/L/e133ed95-c177-41ab-a71f-ad5460ea52b8
Done!
processing ---level 10X,tumor tiles
/mnt/wangyh/TCGA_patches/L/e133ed95-c177-41ab-a71f-ad5460ea52b8
Done!
processing ---level 20X,tumor tiles
/mnt/wangyh/TCGA_patches/L/e133ed95-c177-41ab-a71f-ad5460ea52b8
Done!
processing ---level 40X,tumor tiles
/mnt/wangyh/TCGA_patches/L/e133ed95-c177-41ab-a71f-ad5460ea52b8
Done!
All levels processed!!
processing ---level 5X,non-tumor tiles
/mnt/wangyh/TCGA_patches/L/e133ed95-c177-41ab-a71f-ad5460ea52b8
Done!
processing ---level 10X,non-tumor tiles
/mnt/wangyh/TCGA_patches/L/e133ed95-c177-41ab-a71f-ad5460ea52b8
Done!
processing ---level 20X,non-tumor tiles
/mnt/wangyh/TCGA_patches/L/e133ed95-c177-41ab-a71f-ad5460ea52b8
Done!
processing ---level 40X,non-tumor tiles
/mnt/wangyh/TCGA_patches/L/e133ed95-c177-41ab-a71f-ad5460ea52b8
Done!
All levels processed!!
Time consumed : 123.59712825218837 min
******0/39 remain unextract******
processing  33/39:------/mnt/wangyh/TCGA_svs/a4aab327-6238-4354-a469-9d485503683f/TCGA-CF-A5U8-01Z-00-DX1.D0385BD3-3128-41C6-889D-4EC916B2B228.svs
masks groups includes :['tumor', 'artificial', 'necrosis', 'stroma']
processing ---level 5X,tumor tiles
/mnt/wangyh/TCGA_patches/L/bb1acd98-e82a-42be-93d0-99bfb95d1c8d
Done!
processing ---level 10X,tumor tiles
/mnt/wangyh/TCGA_patches/L/bb1acd98-e82a-42be-93d0-99bfb95d1c8d
Done!
processing ---level 20X,tumor tiles
/mnt/wangyh/TCGA_patches/L/bb1acd98-e82a-42be-93d0-99bfb95d1c8d
Done!
processing ---level 40X,tumor tiles
/mnt/wangyh/TCGA_patches/L/bb1acd98-e82a-42be-93d0-99bfb95d1c8d
Done!
All levels processed!!
processing ---level 5X,non-tumor tiles
/mnt/wangyh/TCGA_patches/L/bb1acd98-e82a-42be-93d0-99bfb95d1c8d
Done!
processing ---level 10X,non-tumor tiles
/mnt/wangyh/TCGA_patches/L/bb1acd98-e82a-42be-93d0-99bfb95d1c8d
Done!
processing ---level 20X,non-tumor tiles
/mnt/wangyh/TCGA_patches/L/bb1acd98-e82a-42be-93d0-99bfb95d1c8d
Done!
processing ---level 40X,non-tumor tiles
/mnt/wangyh/TCGA_patches/L/bb1acd98-e82a-42be-93d0-99bfb95d1c8d
Done!
All levels processed!!
Time consumed : 56.11611584027608 min
******0/39 remain unextract******
processing  34/39:------/mnt/wangyh/TCGA_svs/c88736ab-9111-4233-b917-f9429565efa9/TCGA-CF-A5UA-01Z-00-DX1.7352D4EB-46F5-4EAA-95B9-1D869E8291C3.svs
masks groups includes :['tumor', 'stroma', 'artificial', 'necrosis']
processing ---level 5X,tumor tiles
/mnt/wangyh/TCGA_patches/L/76715a6d-d1e1-4780-9d52-a79625b00217
Done!
processing ---level 10X,tumor tiles
/mnt/wangyh/TCGA_patches/L/76715a6d-d1e1-4780-9d52-a79625b00217
Done!
processing ---level 20X,tumor tiles
/mnt/wangyh/TCGA_patches/L/76715a6d-d1e1-4780-9d52-a79625b00217
Done!
processing ---level 40X,tumor tiles
/mnt/wangyh/TCGA_patches/L/76715a6d-d1e1-4780-9d52-a79625b00217
Done!
All levels processed!!
processing ---level 5X,non-tumor tiles
/mnt/wangyh/TCGA_patches/L/76715a6d-d1e1-4780-9d52-a79625b00217
Done!
processing ---level 10X,non-tumor tiles
/mnt/wangyh/TCGA_patches/L/76715a6d-d1e1-4780-9d52-a79625b00217
Done!
processing ---level 20X,non-tumor tiles
/mnt/wangyh/TCGA_patches/L/76715a6d-d1e1-4780-9d52-a79625b00217
Done!
processing ---level 40X,non-tumor tiles
/mnt/wangyh/TCGA_patches/L/76715a6d-d1e1-4780-9d52-a79625b00217
Done!
All levels processed!!
Time consumed : 66.89912741184234 min
******0/39 remain unextract******
processing  35/39:------/mnt/wangyh/TCGA_svs/246e980c-c657-4f0f-9245-ae5737b67caf/TCGA-CF-A7I0-01Z-00-DX1.9920A024-B523-4CB6-992F-0BD80D9E11C9.svs
masks groups includes :['tumor', 'stroma', 'artificial', 'necrosis']
processing ---level 5X,tumor tiles
/mnt/wangyh/TCGA_patches/L/2ad01582-9313-4252-9cc8-1fcd0195e11f
Done!
processing ---level 10X,tumor tiles
/mnt/wangyh/TCGA_patches/L/2ad01582-9313-4252-9cc8-1fcd0195e11f
Done!
processing ---level 20X,tumor tiles
/mnt/wangyh/TCGA_patches/L/2ad01582-9313-4252-9cc8-1fcd0195e11f
Done!
processing ---level 40X,tumor tiles
/mnt/wangyh/TCGA_patches/L/2ad01582-9313-4252-9cc8-1fcd0195e11f
Done!
All levels processed!!
processing ---level 5X,non-tumor tiles
/mnt/wangyh/TCGA_patches/L/2ad01582-9313-4252-9cc8-1fcd0195e11f
Done!
processing ---level 10X,non-tumor tiles
/mnt/wangyh/TCGA_patches/L/2ad01582-9313-4252-9cc8-1fcd0195e11f
Done!
processing ---level 20X,non-tumor tiles
/mnt/wangyh/TCGA_patches/L/2ad01582-9313-4252-9cc8-1fcd0195e11f
Done!
processing ---level 40X,non-tumor tiles
/mnt/wangyh/TCGA_patches/L/2ad01582-9313-4252-9cc8-1fcd0195e11f
Done!
All levels processed!!
Time consumed : 41.9137415766716 min
******0/39 remain unextract******
processing  36/39:------/mnt/wangyh/TCGA_svs/a120406a-3b58-4329-9374-bae4eaadfa4b/TCGA-CF-A8HX-01Z-00-DX1.92B22756-3D98-4DE6-A077-36C9F1AF1EC2.svs
masks groups includes :['tumor', 'artificial', 'necrosis', 'stroma']
processing ---level 5X,tumor tiles
/mnt/wangyh/TCGA_patches/L/8021356d-5af7-4084-bcaf-a82a47b0dc61
Done!
processing ---level 10X,tumor tiles
/mnt/wangyh/TCGA_patches/L/8021356d-5af7-4084-bcaf-a82a47b0dc61
Done!
processing ---level 20X,tumor tiles
/mnt/wangyh/TCGA_patches/L/8021356d-5af7-4084-bcaf-a82a47b0dc61
Done!
processing ---level 40X,tumor tiles
/mnt/wangyh/TCGA_patches/L/8021356d-5af7-4084-bcaf-a82a47b0dc61
Done!
All levels processed!!
processing ---level 5X,non-tumor tiles
/mnt/wangyh/TCGA_patches/L/8021356d-5af7-4084-bcaf-a82a47b0dc61
Done!
processing ---level 10X,non-tumor tiles
/mnt/wangyh/TCGA_patches/L/8021356d-5af7-4084-bcaf-a82a47b0dc61
Done!
processing ---level 20X,non-tumor tiles
/mnt/wangyh/TCGA_patches/L/8021356d-5af7-4084-bcaf-a82a47b0dc61
Done!
processing ---level 40X,non-tumor tiles
/mnt/wangyh/TCGA_patches/L/8021356d-5af7-4084-bcaf-a82a47b0dc61
Done!
All levels processed!!
Time consumed : 43.78162015676499 min
******0/39 remain unextract******
processing  37/39:------/mnt/wangyh/TCGA_svs/1642d12f-12fb-4576-8d0d-a4971c7fcf64/TCGA-CF-A8HY-01Z-00-DX1.53F599FE-3A6D-4BAC-92B2-CBE3F183BB71.svs
masks groups includes :['tumor', 'stroma', 'artificial', 'necrosis']
processing ---level 5X,tumor tiles
/mnt/wangyh/TCGA_patches/L/aec6ae3a-375a-430a-9411-cd1129d5eca6
Done!
processing ---level 10X,tumor tiles
/mnt/wangyh/TCGA_patches/L/aec6ae3a-375a-430a-9411-cd1129d5eca6
Done!
processing ---level 20X,tumor tiles
/mnt/wangyh/TCGA_patches/L/aec6ae3a-375a-430a-9411-cd1129d5eca6
Done!
processing ---level 40X,tumor tiles
/mnt/wangyh/TCGA_patches/L/aec6ae3a-375a-430a-9411-cd1129d5eca6
Done!
All levels processed!!
processing ---level 5X,non-tumor tiles
/mnt/wangyh/TCGA_patches/L/aec6ae3a-375a-430a-9411-cd1129d5eca6
Done!
processing ---level 10X,non-tumor tiles
/mnt/wangyh/TCGA_patches/L/aec6ae3a-375a-430a-9411-cd1129d5eca6
Done!
processing ---level 20X,non-tumor tiles
/mnt/wangyh/TCGA_patches/L/aec6ae3a-375a-430a-9411-cd1129d5eca6
Done!
processing ---level 40X,non-tumor tiles
/mnt/wangyh/TCGA_patches/L/aec6ae3a-375a-430a-9411-cd1129d5eca6
Done!
All levels processed!!
Time consumed : 82.6092650771141 min
******0/39 remain unextract******
processing  38/39:------/mnt/wangyh/TCGA_svs/efea7832-44a1-453a-af43-c9267181e8b4/TCGA-CF-A9FF-01Z-00-DX1.69267287-0015-4BC2-A965-CEE9D0CFC5AA.svs
masks groups includes :['tumor', 'stroma', 'artificial', 'necrosis']
processing ---level 5X,tumor tiles
/mnt/wangyh/TCGA_patches/L/962d3290-06dc-4368-a432-5ae171304722
Done!
processing ---level 10X,tumor tiles
/mnt/wangyh/TCGA_patches/L/962d3290-06dc-4368-a432-5ae171304722
Done!
processing ---level 20X,tumor tiles
/mnt/wangyh/TCGA_patches/L/962d3290-06dc-4368-a432-5ae171304722
Done!
processing ---level 40X,tumor tiles
/mnt/wangyh/TCGA_patches/L/962d3290-06dc-4368-a432-5ae171304722
Done!
All levels processed!!
processing ---level 5X,non-tumor tiles
/mnt/wangyh/TCGA_patches/L/962d3290-06dc-4368-a432-5ae171304722
Done!
processing ---level 10X,non-tumor tiles
/mnt/wangyh/TCGA_patches/L/962d3290-06dc-4368-a432-5ae171304722
Done!
processing ---level 20X,non-tumor tiles
/mnt/wangyh/TCGA_patches/L/962d3290-06dc-4368-a432-5ae171304722
Done!
processing ---level 40X,non-tumor tiles
/mnt/wangyh/TCGA_patches/L/962d3290-06dc-4368-a432-5ae171304722
Done!
All levels processed!!
Time consumed : 40.487389826774596 min
******0/39 remain unextract******
processing  39/39:------/mnt/wangyh/TCGA_svs/a1e8b4e3-d48e-45e6-a45c-d3c14b4ea5f3/TCGA-CF-A9FH-01Z-00-DX1.26AACDC9-1C0B-4AD4-A484-E093515F42B1.svs
masks groups includes :['tumor', 'artificial', 'necrosis', 'stroma']
processing ---level 5X,tumor tiles
/mnt/wangyh/TCGA_patches/L/f4ca3ddd-dc53-4ab0-b55b-942603b64e57
Done!
processing ---level 10X,tumor tiles
/mnt/wangyh/TCGA_patches/L/f4ca3ddd-dc53-4ab0-b55b-942603b64e57
Done!
processing ---level 20X,tumor tiles
/mnt/wangyh/TCGA_patches/L/f4ca3ddd-dc53-4ab0-b55b-942603b64e57
Done!
processing ---level 40X,tumor tiles
/mnt/wangyh/TCGA_patches/L/f4ca3ddd-dc53-4ab0-b55b-942603b64e57
Done!
All levels processed!!
processing ---level 5X,non-tumor tiles
/mnt/wangyh/TCGA_patches/L/f4ca3ddd-dc53-4ab0-b55b-942603b64e57
Done!
processing ---level 10X,non-tumor tiles
/mnt/wangyh/TCGA_patches/L/f4ca3ddd-dc53-4ab0-b55b-942603b64e57
Done!
processing ---level 20X,non-tumor tiles
/mnt/wangyh/TCGA_patches/L/f4ca3ddd-dc53-4ab0-b55b-942603b64e57
Done!
processing ---level 40X,non-tumor tiles
/mnt/wangyh/TCGA_patches/L/f4ca3ddd-dc53-4ab0-b55b-942603b64e57
Done!
All levels processed!!
Time consumed : 182.74126496712367 min
******0/39 remain unextract******
