processing  1/39:------/mnt/wangyh/TCGA_svs/e985b2b4-dde3-4c7b-a20e-868dd29a431c/TCGA-FJ-A3ZE-01Z-00-DX2.147C2363-55A3-4C02-BAF5-4F1256E30542.svs
extract_patches.py:86: DeprecationWarning: `np.float` is a deprecated alias for the builtin `float`. To silence this warning, use `float` by itself. Doing this will not modify any behavior and is safe. If you specifically wanted the numpy scalar type, use `np.float64` here.
Deprecated in NumPy 1.20; for more details and guidance: https://numpy.org/devdocs/release/1.20.0-notes.html#deprecations
  x = np.float(coord.attrib["X"])
extract_patches.py:87: DeprecationWarning: `np.float` is a deprecated alias for the builtin `float`. To silence this warning, use `float` by itself. Doing this will not modify any behavior and is safe. If you specifically wanted the numpy scalar type, use `np.float64` here.
Deprecated in NumPy 1.20; for more details and guidance: https://numpy.org/devdocs/release/1.20.0-notes.html#deprecations
  y = np.float(coord.attrib["Y"])
extract_patches.py:120: VisibleDeprecationWarning: Creating an ndarray from ragged nested sequences (which is a list-or-tuple of lists-or-tuples-or ndarrays with different lengths or shapes) is deprecated. If you meant to do this, you must specify 'dtype=object' when creating the ndarray.
  contours = np.array(mask_coords[cls])
masks groups includes :['tumor', 'artificial', 'necrosis', 'stroma']
processing ---level 5X,tumor tiles
/mnt/wangyh/TCGA_patches/H/d2e43ec6-5027-4f2c-932b-28a681da7cd9
Done!
processing ---level 10X,tumor tiles
/mnt/wangyh/TCGA_patches/H/d2e43ec6-5027-4f2c-932b-28a681da7cd9
Done!
processing ---level 20X,tumor tiles
/mnt/wangyh/TCGA_patches/H/d2e43ec6-5027-4f2c-932b-28a681da7cd9
Done!
processing ---level 40X,tumor tiles
/mnt/wangyh/TCGA_patches/H/d2e43ec6-5027-4f2c-932b-28a681da7cd9
