processing  1/39:------/mnt/wangyh/TCGA_svs/409bca43-add7-4c7f-9e4e-483e459a242b/TCGA-XF-A9SJ-01Z-00-DX1.AED4FF1B-441D-47EE-B7E5-CC6C595D3D98.svs
extract_patches.py:86: DeprecationWarning: `np.float` is a deprecated alias for the builtin `float`. To silence this warning, use `float` by itself. Doing this will not modify any behavior and is safe. If you specifically wanted the numpy scalar type, use `np.float64` here.
Deprecated in NumPy 1.20; for more details and guidance: https://numpy.org/devdocs/release/1.20.0-notes.html#deprecations
  x = np.float(coord.attrib["X"])
extract_patches.py:87: DeprecationWarning: `np.float` is a deprecated alias for the builtin `float`. To silence this warning, use `float` by itself. Doing this will not modify any behavior and is safe. If you specifically wanted the numpy scalar type, use `np.float64` here.
Deprecated in NumPy 1.20; for more details and guidance: https://numpy.org/devdocs/release/1.20.0-notes.html#deprecations
  y = np.float(coord.attrib["Y"])
extract_patches.py:120: VisibleDeprecationWarning: Creating an ndarray from ragged nested sequences (which is a list-or-tuple of lists-or-tuples-or ndarrays with different lengths or shapes) is deprecated. If you meant to do this, you must specify 'dtype=object' when creating the ndarray.
  contours = np.array(mask_coords[cls])
masks groups includes :['tumor', 'artificial', 'necrosis', 'stroma']
processing ---level 5X,tumor tiles
/mnt/wangyh/TCGA_patches/L/d2e43ec6-5027-4f2c-932b-28a681da7cd9
Done!
processing ---level 10X,tumor tiles
/mnt/wangyh/TCGA_patches/L/d2e43ec6-5027-4f2c-932b-28a681da7cd9
Done!
processing ---level 20X,tumor tiles
/mnt/wangyh/TCGA_patches/L/d2e43ec6-5027-4f2c-932b-28a681da7cd9
Done!
processing ---level 40X,tumor tiles
/mnt/wangyh/TCGA_patches/L/d2e43ec6-5027-4f2c-932b-28a681da7cd9
Done!
All levels processed!!
processing ---level 5X,non-tumor tiles
/mnt/wangyh/TCGA_patches/L/d2e43ec6-5027-4f2c-932b-28a681da7cd9
Done!
processing ---level 10X,non-tumor tiles
/mnt/wangyh/TCGA_patches/L/d2e43ec6-5027-4f2c-932b-28a681da7cd9
Done!
processing ---level 20X,non-tumor tiles
/mnt/wangyh/TCGA_patches/L/d2e43ec6-5027-4f2c-932b-28a681da7cd9
Done!
processing ---level 40X,non-tumor tiles
/mnt/wangyh/TCGA_patches/L/d2e43ec6-5027-4f2c-932b-28a681da7cd9
Done!
All levels processed!!
Time consumed : 37.941803399721785 min
******0/39 remain unextract******
processing  2/39:------/mnt/wangyh/TCGA_svs/ca3fe1b9-0eed-4821-91c6-f3c2d5f0ac0d/TCGA-XF-A9SK-01Z-00-DX1.1D198106-323F-463B-832B-CB3A03E7B343.svs
masks groups includes :['tumor', 'artificial', 'necrosis', 'stroma']
processing ---level 5X,tumor tiles
/mnt/wangyh/TCGA_patches/L/bff29d20-3a8f-4a5d-a2de-0e142390551d
Done!
processing ---level 10X,tumor tiles
/mnt/wangyh/TCGA_patches/L/bff29d20-3a8f-4a5d-a2de-0e142390551d
Done!
processing ---level 20X,tumor tiles
/mnt/wangyh/TCGA_patches/L/bff29d20-3a8f-4a5d-a2de-0e142390551d
Done!
processing ---level 40X,tumor tiles
/mnt/wangyh/TCGA_patches/L/bff29d20-3a8f-4a5d-a2de-0e142390551d
Done!
All levels processed!!
processing ---level 5X,non-tumor tiles
/mnt/wangyh/TCGA_patches/L/bff29d20-3a8f-4a5d-a2de-0e142390551d
Done!
processing ---level 10X,non-tumor tiles
/mnt/wangyh/TCGA_patches/L/bff29d20-3a8f-4a5d-a2de-0e142390551d
Done!
processing ---level 20X,non-tumor tiles
/mnt/wangyh/TCGA_patches/L/bff29d20-3a8f-4a5d-a2de-0e142390551d
Done!
processing ---level 40X,non-tumor tiles
/mnt/wangyh/TCGA_patches/L/bff29d20-3a8f-4a5d-a2de-0e142390551d
Done!
All levels processed!!
Time consumed : 34.129640984535214 min
******0/39 remain unextract******
processing  3/39:------/mnt/wangyh/TCGA_svs/e3c39d18-255d-4e17-aca5-af519ec7ff4f/TCGA-XF-A9SL-01Z-00-DX1.AA56A70C-28E1-4140-9B15-72AB0D5051A6.svs
masks groups includes :['tumor', 'artificial', 'necrosis', 'stroma']
processing ---level 5X,tumor tiles
/mnt/wangyh/TCGA_patches/L/edcf4ae6-c985-40ad-aff4-a0ce31b46aeb
Done!
processing ---level 10X,tumor tiles
/mnt/wangyh/TCGA_patches/L/edcf4ae6-c985-40ad-aff4-a0ce31b46aeb
Done!
processing ---level 20X,tumor tiles
/mnt/wangyh/TCGA_patches/L/edcf4ae6-c985-40ad-aff4-a0ce31b46aeb
Done!
processing ---level 40X,tumor tiles
/mnt/wangyh/TCGA_patches/L/edcf4ae6-c985-40ad-aff4-a0ce31b46aeb
Done!
All levels processed!!
processing ---level 5X,non-tumor tiles
/mnt/wangyh/TCGA_patches/L/edcf4ae6-c985-40ad-aff4-a0ce31b46aeb
Done!
processing ---level 10X,non-tumor tiles
/mnt/wangyh/TCGA_patches/L/edcf4ae6-c985-40ad-aff4-a0ce31b46aeb
Done!
processing ---level 20X,non-tumor tiles
/mnt/wangyh/TCGA_patches/L/edcf4ae6-c985-40ad-aff4-a0ce31b46aeb
Done!
processing ---level 40X,non-tumor tiles
/mnt/wangyh/TCGA_patches/L/edcf4ae6-c985-40ad-aff4-a0ce31b46aeb
Done!
All levels processed!!
Time consumed : 54.730884889761604 min
******0/39 remain unextract******
processing  4/39:------/mnt/wangyh/TCGA_svs/dfa1a04d-b28a-42b6-b35d-b595a4caa797/TCGA-XF-A9SM-01Z-00-DX1.7AADC753-E07E-44A5-91EC-D1740ED5A168.svs
masks groups includes :['tumor', 'artificial', 'necrosis', 'stroma']
processing ---level 5X,tumor tiles
/mnt/wangyh/TCGA_patches/L/e20c2176-2b57-4cc9-a68a-eb6933bf60b1
Done!
processing ---level 10X,tumor tiles
/mnt/wangyh/TCGA_patches/L/e20c2176-2b57-4cc9-a68a-eb6933bf60b1
Done!
processing ---level 20X,tumor tiles
/mnt/wangyh/TCGA_patches/L/e20c2176-2b57-4cc9-a68a-eb6933bf60b1
Done!
processing ---level 40X,tumor tiles
/mnt/wangyh/TCGA_patches/L/e20c2176-2b57-4cc9-a68a-eb6933bf60b1
Done!
All levels processed!!
processing ---level 5X,non-tumor tiles
/mnt/wangyh/TCGA_patches/L/e20c2176-2b57-4cc9-a68a-eb6933bf60b1
Done!
processing ---level 10X,non-tumor tiles
/mnt/wangyh/TCGA_patches/L/e20c2176-2b57-4cc9-a68a-eb6933bf60b1
Done!
processing ---level 20X,non-tumor tiles
/mnt/wangyh/TCGA_patches/L/e20c2176-2b57-4cc9-a68a-eb6933bf60b1
Done!
processing ---level 40X,non-tumor tiles
/mnt/wangyh/TCGA_patches/L/e20c2176-2b57-4cc9-a68a-eb6933bf60b1
Done!
All levels processed!!
Time consumed : 97.26711250543595 min
******0/39 remain unextract******
processing  5/39:------/mnt/wangyh/TCGA_svs/e3468c66-4b82-4e13-9c94-a04d4947a494/TCGA-XF-A9SP-01Z-00-DX1.7F3BF700-89AD-4045-AFCD-C94F1F959B41.svs
masks groups includes :['tumor', 'stroma', 'artificial', 'necrosis']
processing ---level 5X,tumor tiles
/mnt/wangyh/TCGA_patches/L/a085fe18-1709-417a-a779-fe69f5964766
Done!
processing ---level 10X,tumor tiles
/mnt/wangyh/TCGA_patches/L/a085fe18-1709-417a-a779-fe69f5964766
Done!
processing ---level 20X,tumor tiles
/mnt/wangyh/TCGA_patches/L/a085fe18-1709-417a-a779-fe69f5964766
Done!
processing ---level 40X,tumor tiles
/mnt/wangyh/TCGA_patches/L/a085fe18-1709-417a-a779-fe69f5964766
Done!
All levels processed!!
processing ---level 5X,non-tumor tiles
/mnt/wangyh/TCGA_patches/L/a085fe18-1709-417a-a779-fe69f5964766
Done!
processing ---level 10X,non-tumor tiles
/mnt/wangyh/TCGA_patches/L/a085fe18-1709-417a-a779-fe69f5964766
Done!
processing ---level 20X,non-tumor tiles
/mnt/wangyh/TCGA_patches/L/a085fe18-1709-417a-a779-fe69f5964766
Done!
processing ---level 40X,non-tumor tiles
/mnt/wangyh/TCGA_patches/L/a085fe18-1709-417a-a779-fe69f5964766
Done!
All levels processed!!
Time consumed : 65.29559272925059 min
******0/39 remain unextract******
processing  6/39:------/mnt/wangyh/TCGA_svs/7891a10f-a49f-488d-aa91-d230a1239fa5/TCGA-XF-A9ST-01Z-00-DX1.C135C4EB-6A64-4B9E-A8A0-87B72594568C.svs
masks groups includes :['tumor', 'artificial', 'necrosis', 'stroma']
processing ---level 5X,tumor tiles
/mnt/wangyh/TCGA_patches/H/70e383bf-91cb-4a65-b12a-950f365c4d62
Done!
processing ---level 10X,tumor tiles
/mnt/wangyh/TCGA_patches/H/70e383bf-91cb-4a65-b12a-950f365c4d62
Done!
processing ---level 20X,tumor tiles
/mnt/wangyh/TCGA_patches/H/70e383bf-91cb-4a65-b12a-950f365c4d62
Done!
processing ---level 40X,tumor tiles
/mnt/wangyh/TCGA_patches/H/70e383bf-91cb-4a65-b12a-950f365c4d62
Done!
All levels processed!!
processing ---level 5X,non-tumor tiles
/mnt/wangyh/TCGA_patches/H/70e383bf-91cb-4a65-b12a-950f365c4d62
Done!
processing ---level 10X,non-tumor tiles
/mnt/wangyh/TCGA_patches/H/70e383bf-91cb-4a65-b12a-950f365c4d62
Done!
processing ---level 20X,non-tumor tiles
/mnt/wangyh/TCGA_patches/H/70e383bf-91cb-4a65-b12a-950f365c4d62
Done!
processing ---level 40X,non-tumor tiles
/mnt/wangyh/TCGA_patches/H/70e383bf-91cb-4a65-b12a-950f365c4d62
Done!
All levels processed!!
Time consumed : 38.60880681673686 min
******0/39 remain unextract******
processing  7/39:------/mnt/wangyh/TCGA_svs/de408939-5535-4eed-b193-f9916bc51df3/TCGA-XF-A9SU-01Z-00-DX1.35E2DDBE-5BB9-443B-A3D5-20F77D1C6B92.svs
masks groups includes :['tumor', 'artificial', 'necrosis', 'stroma']
processing ---level 5X,tumor tiles
/mnt/wangyh/TCGA_patches/L/790d96d7-1191-4cf7-9c78-3e879723afd8
Done!
processing ---level 10X,tumor tiles
/mnt/wangyh/TCGA_patches/L/790d96d7-1191-4cf7-9c78-3e879723afd8
Done!
processing ---level 20X,tumor tiles
/mnt/wangyh/TCGA_patches/L/790d96d7-1191-4cf7-9c78-3e879723afd8
Done!
processing ---level 40X,tumor tiles
/mnt/wangyh/TCGA_patches/L/790d96d7-1191-4cf7-9c78-3e879723afd8
Done!
All levels processed!!
processing ---level 5X,non-tumor tiles
/mnt/wangyh/TCGA_patches/L/790d96d7-1191-4cf7-9c78-3e879723afd8
Done!
processing ---level 10X,non-tumor tiles
/mnt/wangyh/TCGA_patches/L/790d96d7-1191-4cf7-9c78-3e879723afd8
Done!
processing ---level 20X,non-tumor tiles
/mnt/wangyh/TCGA_patches/L/790d96d7-1191-4cf7-9c78-3e879723afd8
Done!
processing ---level 40X,non-tumor tiles
/mnt/wangyh/TCGA_patches/L/790d96d7-1191-4cf7-9c78-3e879723afd8
Done!
All levels processed!!
Time consumed : 29.9850106159846 min
******0/39 remain unextract******
processing  8/39:------/mnt/wangyh/TCGA_svs/0fcdc140-1ee5-4c7a-a210-f2b4990690af/TCGA-XF-A9SV-01Z-00-DX1.2ACAA181-2EFA-4E63-B692-D968BCC56031.svs
masks groups includes :['tumor', 'artificial', 'necrosis', 'stroma']
processing ---level 5X,tumor tiles
/mnt/wangyh/TCGA_patches/L/741d4359-8615-4783-98ab-0f04bb10c52c
Done!
processing ---level 10X,tumor tiles
/mnt/wangyh/TCGA_patches/L/741d4359-8615-4783-98ab-0f04bb10c52c
Done!
processing ---level 20X,tumor tiles
/mnt/wangyh/TCGA_patches/L/741d4359-8615-4783-98ab-0f04bb10c52c
Done!
processing ---level 40X,tumor tiles
/mnt/wangyh/TCGA_patches/L/741d4359-8615-4783-98ab-0f04bb10c52c
Done!
All levels processed!!
processing ---level 5X,non-tumor tiles
/mnt/wangyh/TCGA_patches/L/741d4359-8615-4783-98ab-0f04bb10c52c
Done!
processing ---level 10X,non-tumor tiles
/mnt/wangyh/TCGA_patches/L/741d4359-8615-4783-98ab-0f04bb10c52c
Done!
processing ---level 20X,non-tumor tiles
/mnt/wangyh/TCGA_patches/L/741d4359-8615-4783-98ab-0f04bb10c52c
Done!
processing ---level 40X,non-tumor tiles
/mnt/wangyh/TCGA_patches/L/741d4359-8615-4783-98ab-0f04bb10c52c
Done!
All levels processed!!
Time consumed : 60.82730440298716 min
******0/39 remain unextract******
processing  9/39:------/mnt/wangyh/TCGA_svs/947eb4d7-eafa-4748-9aee-1ed60e233c3d/TCGA-XF-A9SW-01Z-00-DX1.3FC62DD6-E5D2-4F74-A937-A2A62946E5C0.svs
masks groups includes :['tumor', 'artificial', 'necrosis', 'stroma']
processing ---level 5X,tumor tiles
/mnt/wangyh/TCGA_patches/L/cf1884cf-8262-45b4-841a-e1ef212c0a3a
Done!
processing ---level 10X,tumor tiles
/mnt/wangyh/TCGA_patches/L/cf1884cf-8262-45b4-841a-e1ef212c0a3a
Done!
processing ---level 20X,tumor tiles
/mnt/wangyh/TCGA_patches/L/cf1884cf-8262-45b4-841a-e1ef212c0a3a
Done!
processing ---level 40X,tumor tiles
/mnt/wangyh/TCGA_patches/L/cf1884cf-8262-45b4-841a-e1ef212c0a3a
Done!
All levels processed!!
processing ---level 5X,non-tumor tiles
/mnt/wangyh/TCGA_patches/L/cf1884cf-8262-45b4-841a-e1ef212c0a3a
Done!
processing ---level 10X,non-tumor tiles
/mnt/wangyh/TCGA_patches/L/cf1884cf-8262-45b4-841a-e1ef212c0a3a
Done!
processing ---level 20X,non-tumor tiles
/mnt/wangyh/TCGA_patches/L/cf1884cf-8262-45b4-841a-e1ef212c0a3a
Done!
processing ---level 40X,non-tumor tiles
/mnt/wangyh/TCGA_patches/L/cf1884cf-8262-45b4-841a-e1ef212c0a3a
Done!
All levels processed!!
Time consumed : 43.25886647303899 min
******0/39 remain unextract******
processing  10/39:------/mnt/wangyh/TCGA_svs/efa8dad3-2767-46cf-ad46-927866d54d0f/TCGA-XF-A9SX-01Z-00-DX1.6DB4572E-915C-491F-BE68-99C019799E20.svs
masks groups includes :['tumor', 'artificial', 'necrosis', 'stroma']
processing ---level 5X,tumor tiles
/mnt/wangyh/TCGA_patches/L/a29135be-c1a9-4402-b7a5-47cc8172a5ad
Done!
processing ---level 10X,tumor tiles
/mnt/wangyh/TCGA_patches/L/a29135be-c1a9-4402-b7a5-47cc8172a5ad
Done!
processing ---level 20X,tumor tiles
/mnt/wangyh/TCGA_patches/L/a29135be-c1a9-4402-b7a5-47cc8172a5ad
Done!
processing ---level 40X,tumor tiles
/mnt/wangyh/TCGA_patches/L/a29135be-c1a9-4402-b7a5-47cc8172a5ad
Done!
All levels processed!!
processing ---level 5X,non-tumor tiles
/mnt/wangyh/TCGA_patches/L/a29135be-c1a9-4402-b7a5-47cc8172a5ad
Done!
processing ---level 10X,non-tumor tiles
/mnt/wangyh/TCGA_patches/L/a29135be-c1a9-4402-b7a5-47cc8172a5ad
Done!
processing ---level 20X,non-tumor tiles
/mnt/wangyh/TCGA_patches/L/a29135be-c1a9-4402-b7a5-47cc8172a5ad
Done!
processing ---level 40X,non-tumor tiles
/mnt/wangyh/TCGA_patches/L/a29135be-c1a9-4402-b7a5-47cc8172a5ad
Done!
All levels processed!!
Time consumed : 42.177101186911266 min
******0/39 remain unextract******
processing  11/39:------/mnt/wangyh/TCGA_svs/365a7020-e94e-4ce3-9542-ab19d143f90b/TCGA-XF-A9SY-01Z-00-DX1.758C5D9F-274B-4D4A-92D3-78728CB35139.svs
masks groups includes :['tumor', 'artificial', 'necrosis', 'stroma']
processing ---level 5X,tumor tiles
/mnt/wangyh/TCGA_patches/H/0f5b4de3-f7ed-4439-bf2d-621d0af6a2a3
Done!
processing ---level 10X,tumor tiles
/mnt/wangyh/TCGA_patches/H/0f5b4de3-f7ed-4439-bf2d-621d0af6a2a3
Done!
processing ---level 20X,tumor tiles
/mnt/wangyh/TCGA_patches/H/0f5b4de3-f7ed-4439-bf2d-621d0af6a2a3
Done!
processing ---level 40X,tumor tiles
/mnt/wangyh/TCGA_patches/H/0f5b4de3-f7ed-4439-bf2d-621d0af6a2a3
Done!
All levels processed!!
processing ---level 5X,non-tumor tiles
/mnt/wangyh/TCGA_patches/H/0f5b4de3-f7ed-4439-bf2d-621d0af6a2a3
Done!
processing ---level 10X,non-tumor tiles
/mnt/wangyh/TCGA_patches/H/0f5b4de3-f7ed-4439-bf2d-621d0af6a2a3
Done!
processing ---level 20X,non-tumor tiles
/mnt/wangyh/TCGA_patches/H/0f5b4de3-f7ed-4439-bf2d-621d0af6a2a3
Done!
processing ---level 40X,non-tumor tiles
/mnt/wangyh/TCGA_patches/H/0f5b4de3-f7ed-4439-bf2d-621d0af6a2a3
Done!
All levels processed!!
Time consumed : 131.47307625611623 min
******0/39 remain unextract******
processing  12/39:------/mnt/wangyh/TCGA_svs/aa5d720c-f74e-4c18-8d34-bb611f27b45d/TCGA-XF-A9SZ-01Z-00-DX1.42A301F5-42E9-4618-A85A-51C1AEC8B8D1.svs
masks groups includes :['tumor', 'necrosis', 'artificial', 'stroma']
processing ---level 5X,tumor tiles
/mnt/wangyh/TCGA_patches/L/fe9ee61c-f3cb-4d98-8bd4-dde12859a181
Done!
processing ---level 10X,tumor tiles
/mnt/wangyh/TCGA_patches/L/fe9ee61c-f3cb-4d98-8bd4-dde12859a181
Done!
processing ---level 20X,tumor tiles
/mnt/wangyh/TCGA_patches/L/fe9ee61c-f3cb-4d98-8bd4-dde12859a181
Done!
processing ---level 40X,tumor tiles
/mnt/wangyh/TCGA_patches/L/fe9ee61c-f3cb-4d98-8bd4-dde12859a181
Done!
All levels processed!!
processing ---level 5X,non-tumor tiles
/mnt/wangyh/TCGA_patches/L/fe9ee61c-f3cb-4d98-8bd4-dde12859a181
Done!
processing ---level 10X,non-tumor tiles
/mnt/wangyh/TCGA_patches/L/fe9ee61c-f3cb-4d98-8bd4-dde12859a181
Done!
processing ---level 20X,non-tumor tiles
/mnt/wangyh/TCGA_patches/L/fe9ee61c-f3cb-4d98-8bd4-dde12859a181
Done!
processing ---level 40X,non-tumor tiles
/mnt/wangyh/TCGA_patches/L/fe9ee61c-f3cb-4d98-8bd4-dde12859a181
Done!
All levels processed!!
Time consumed : 54.936282165845235 min
******0/39 remain unextract******
processing  13/39:------/mnt/wangyh/TCGA_svs/fbc28279-1401-4312-b41a-03be510af446/TCGA-XF-A9T0-01Z-00-DX1.63C52F23-3DE3-4D3A-914E-E7F3CB23D410.svs
masks groups includes :['tumor', 'artificial', 'necrosis', 'stroma']
processing ---level 5X,tumor tiles
/mnt/wangyh/TCGA_patches/H/636589bf-d553-44b0-bebc-d75c308fb351
Done!
processing ---level 10X,tumor tiles
/mnt/wangyh/TCGA_patches/H/636589bf-d553-44b0-bebc-d75c308fb351
Done!
processing ---level 20X,tumor tiles
/mnt/wangyh/TCGA_patches/H/636589bf-d553-44b0-bebc-d75c308fb351
Done!
processing ---level 40X,tumor tiles
/mnt/wangyh/TCGA_patches/H/636589bf-d553-44b0-bebc-d75c308fb351
Done!
All levels processed!!
processing ---level 5X,non-tumor tiles
/mnt/wangyh/TCGA_patches/H/636589bf-d553-44b0-bebc-d75c308fb351
Done!
processing ---level 10X,non-tumor tiles
/mnt/wangyh/TCGA_patches/H/636589bf-d553-44b0-bebc-d75c308fb351
Done!
processing ---level 20X,non-tumor tiles
/mnt/wangyh/TCGA_patches/H/636589bf-d553-44b0-bebc-d75c308fb351
Done!
processing ---level 40X,non-tumor tiles
/mnt/wangyh/TCGA_patches/H/636589bf-d553-44b0-bebc-d75c308fb351
Done!
All levels processed!!
Time consumed : 157.18486189842224 min
******0/39 remain unextract******
processing  14/39:------/mnt/wangyh/TCGA_svs/ea3d866b-c995-4c38-ad7b-514c21da83c1/TCGA-XF-A9T2-01Z-00-DX1.E33F796C-46EB-44C4-AC65-ED6098EE3043.svs
masks groups includes :['tumor', 'stroma', 'artificial', 'necrosis']
processing ---level 5X,tumor tiles
/mnt/wangyh/TCGA_patches/L/1fa739c1-75f2-433b-91c7-f743bdf0fce0
Done!
processing ---level 10X,tumor tiles
/mnt/wangyh/TCGA_patches/L/1fa739c1-75f2-433b-91c7-f743bdf0fce0
Done!
processing ---level 20X,tumor tiles
/mnt/wangyh/TCGA_patches/L/1fa739c1-75f2-433b-91c7-f743bdf0fce0
Done!
processing ---level 40X,tumor tiles
/mnt/wangyh/TCGA_patches/L/1fa739c1-75f2-433b-91c7-f743bdf0fce0
Done!
All levels processed!!
processing ---level 5X,non-tumor tiles
/mnt/wangyh/TCGA_patches/L/1fa739c1-75f2-433b-91c7-f743bdf0fce0
Done!
processing ---level 10X,non-tumor tiles
/mnt/wangyh/TCGA_patches/L/1fa739c1-75f2-433b-91c7-f743bdf0fce0
Done!
processing ---level 20X,non-tumor tiles
/mnt/wangyh/TCGA_patches/L/1fa739c1-75f2-433b-91c7-f743bdf0fce0
Done!
processing ---level 40X,non-tumor tiles
/mnt/wangyh/TCGA_patches/L/1fa739c1-75f2-433b-91c7-f743bdf0fce0
Done!
All levels processed!!
Time consumed : 72.40844577948252 min
******0/39 remain unextract******
processing  15/39:------/mnt/wangyh/TCGA_svs/801f4b0c-876f-40fa-9830-649cb90b3150/TCGA-XF-A9T3-01Z-00-DX1.408F9901-F442-420B-BE89-ADBD01D1E256.svs
masks groups includes :['tumor', 'necrosis', 'artificial', 'stroma']
processing ---level 5X,tumor tiles
/mnt/wangyh/TCGA_patches/H/d1becbe5-78d6-46f1-952f-f66796856883
Done!
processing ---level 10X,tumor tiles
/mnt/wangyh/TCGA_patches/H/d1becbe5-78d6-46f1-952f-f66796856883
Done!
processing ---level 20X,tumor tiles
/mnt/wangyh/TCGA_patches/H/d1becbe5-78d6-46f1-952f-f66796856883
Done!
processing ---level 40X,tumor tiles
/mnt/wangyh/TCGA_patches/H/d1becbe5-78d6-46f1-952f-f66796856883
Done!
All levels processed!!
processing ---level 5X,non-tumor tiles
/mnt/wangyh/TCGA_patches/H/d1becbe5-78d6-46f1-952f-f66796856883
Done!
processing ---level 10X,non-tumor tiles
/mnt/wangyh/TCGA_patches/H/d1becbe5-78d6-46f1-952f-f66796856883
Done!
processing ---level 20X,non-tumor tiles
/mnt/wangyh/TCGA_patches/H/d1becbe5-78d6-46f1-952f-f66796856883
Done!
processing ---level 40X,non-tumor tiles
/mnt/wangyh/TCGA_patches/H/d1becbe5-78d6-46f1-952f-f66796856883
Done!
All levels processed!!
Time consumed : 64.86778677304586 min
******0/39 remain unextract******
processing  16/39:------/mnt/wangyh/TCGA_svs/54ad0663-36cd-4c28-9ceb-b674c4a004e6/TCGA-XF-A9T4-01Z-00-DX1.1F44D95D-E341-4FBA-BCB5-43E89E6C359E.svs
masks groups includes :['tumor', 'artificial', 'necrosis', 'stroma']
processing ---level 5X,tumor tiles
/mnt/wangyh/TCGA_patches/L/57e5981d-94c6-4a4c-bb93-b3fff877b495
Done!
processing ---level 10X,tumor tiles
/mnt/wangyh/TCGA_patches/L/57e5981d-94c6-4a4c-bb93-b3fff877b495
Done!
processing ---level 20X,tumor tiles
/mnt/wangyh/TCGA_patches/L/57e5981d-94c6-4a4c-bb93-b3fff877b495
Done!
processing ---level 40X,tumor tiles
/mnt/wangyh/TCGA_patches/L/57e5981d-94c6-4a4c-bb93-b3fff877b495
Done!
All levels processed!!
processing ---level 5X,non-tumor tiles
/mnt/wangyh/TCGA_patches/L/57e5981d-94c6-4a4c-bb93-b3fff877b495
Done!
processing ---level 10X,non-tumor tiles
/mnt/wangyh/TCGA_patches/L/57e5981d-94c6-4a4c-bb93-b3fff877b495
Done!
processing ---level 20X,non-tumor tiles
/mnt/wangyh/TCGA_patches/L/57e5981d-94c6-4a4c-bb93-b3fff877b495
Done!
processing ---level 40X,non-tumor tiles
/mnt/wangyh/TCGA_patches/L/57e5981d-94c6-4a4c-bb93-b3fff877b495
Done!
All levels processed!!
Time consumed : 77.51551412343979 min
******0/39 remain unextract******
processing  17/39:------/mnt/wangyh/TCGA_svs/1b3e7310-f11c-4964-ba7a-6331f415bf02/TCGA-XF-A9T5-01Z-00-DX1.B0A44AF2-B075-4280-809E-DDACCDB20E3D.svs
masks groups includes :['tumor', 'stroma', 'artificial', 'necrosis']
processing ---level 5X,tumor tiles
/mnt/wangyh/TCGA_patches/H/a6679cb9-b463-49b3-a5b5-7e46a79d4b85
Done!
processing ---level 10X,tumor tiles
/mnt/wangyh/TCGA_patches/H/a6679cb9-b463-49b3-a5b5-7e46a79d4b85
Done!
processing ---level 20X,tumor tiles
/mnt/wangyh/TCGA_patches/H/a6679cb9-b463-49b3-a5b5-7e46a79d4b85
Done!
processing ---level 40X,tumor tiles
/mnt/wangyh/TCGA_patches/H/a6679cb9-b463-49b3-a5b5-7e46a79d4b85
Done!
All levels processed!!
processing ---level 5X,non-tumor tiles
/mnt/wangyh/TCGA_patches/H/a6679cb9-b463-49b3-a5b5-7e46a79d4b85
Done!
processing ---level 10X,non-tumor tiles
/mnt/wangyh/TCGA_patches/H/a6679cb9-b463-49b3-a5b5-7e46a79d4b85
Done!
processing ---level 20X,non-tumor tiles
/mnt/wangyh/TCGA_patches/H/a6679cb9-b463-49b3-a5b5-7e46a79d4b85
Done!
processing ---level 40X,non-tumor tiles
/mnt/wangyh/TCGA_patches/H/a6679cb9-b463-49b3-a5b5-7e46a79d4b85
Done!
All levels processed!!
Time consumed : 218.27426908810932 min
******0/39 remain unextract******
processing  18/39:------/mnt/wangyh/TCGA_svs/2e07a200-4e0f-494d-af4f-db9940baa0ab/TCGA-XF-A9T6-01Z-00-DX1.57AE17FC-DB4C-4D2B-A53F-A259E8482064.svs
masks groups includes :['tumor', 'artificial', 'necrosis', 'stroma']
processing ---level 5X,tumor tiles
/mnt/wangyh/TCGA_patches/L/49839b8d-742a-41da-81fe-bb0f610b6316
Done!
processing ---level 10X,tumor tiles
/mnt/wangyh/TCGA_patches/L/49839b8d-742a-41da-81fe-bb0f610b6316
Done!
processing ---level 20X,tumor tiles
/mnt/wangyh/TCGA_patches/L/49839b8d-742a-41da-81fe-bb0f610b6316
Done!
processing ---level 40X,tumor tiles
/mnt/wangyh/TCGA_patches/L/49839b8d-742a-41da-81fe-bb0f610b6316
Done!
All levels processed!!
processing ---level 5X,non-tumor tiles
/mnt/wangyh/TCGA_patches/L/49839b8d-742a-41da-81fe-bb0f610b6316
Done!
processing ---level 10X,non-tumor tiles
/mnt/wangyh/TCGA_patches/L/49839b8d-742a-41da-81fe-bb0f610b6316
Done!
processing ---level 20X,non-tumor tiles
/mnt/wangyh/TCGA_patches/L/49839b8d-742a-41da-81fe-bb0f610b6316
Done!
processing ---level 40X,non-tumor tiles
/mnt/wangyh/TCGA_patches/L/49839b8d-742a-41da-81fe-bb0f610b6316
Done!
All levels processed!!
Time consumed : 61.75835063457489 min
******0/39 remain unextract******
processing  19/39:------/mnt/wangyh/TCGA_svs/357cbd39-d23a-4a11-b23f-f804351536ae/TCGA-XF-A9T8-01Z-00-DX1.C18E4176-C0C1-4F5A-B128-23DF5CE77C05.svs
masks groups includes :['tumor', 'artificial', 'necrosis', 'stroma']
processing ---level 5X,tumor tiles
/mnt/wangyh/TCGA_patches/H/66119642-bd0f-4108-b80a-08a14de5a7d4
Done!
processing ---level 10X,tumor tiles
/mnt/wangyh/TCGA_patches/H/66119642-bd0f-4108-b80a-08a14de5a7d4
Done!
processing ---level 20X,tumor tiles
/mnt/wangyh/TCGA_patches/H/66119642-bd0f-4108-b80a-08a14de5a7d4
Done!
processing ---level 40X,tumor tiles
/mnt/wangyh/TCGA_patches/H/66119642-bd0f-4108-b80a-08a14de5a7d4
Done!
All levels processed!!
processing ---level 5X,non-tumor tiles
/mnt/wangyh/TCGA_patches/H/66119642-bd0f-4108-b80a-08a14de5a7d4
Done!
processing ---level 10X,non-tumor tiles
/mnt/wangyh/TCGA_patches/H/66119642-bd0f-4108-b80a-08a14de5a7d4
Done!
processing ---level 20X,non-tumor tiles
/mnt/wangyh/TCGA_patches/H/66119642-bd0f-4108-b80a-08a14de5a7d4
Done!
processing ---level 40X,non-tumor tiles
/mnt/wangyh/TCGA_patches/H/66119642-bd0f-4108-b80a-08a14de5a7d4
Done!
All levels processed!!
Time consumed : 172.03963504632313 min
******0/39 remain unextract******
processing  20/39:------/mnt/wangyh/TCGA_svs/0f58bf66-d0e7-4514-b10d-07ccb0a2e108/TCGA-XF-AAME-01Z-00-DX1.90E1555F-CBAF-434C-9C7E-5BAC38069AC7.svs
masks groups includes :['tumor', 'artificial', 'necrosis', 'stroma']
processing ---level 5X,tumor tiles
/mnt/wangyh/TCGA_patches/L/702ab1dd-5bf0-4cc9-b6ff-147d093d8d1c
Done!
processing ---level 10X,tumor tiles
/mnt/wangyh/TCGA_patches/L/702ab1dd-5bf0-4cc9-b6ff-147d093d8d1c
Done!
processing ---level 20X,tumor tiles
/mnt/wangyh/TCGA_patches/L/702ab1dd-5bf0-4cc9-b6ff-147d093d8d1c
Done!
processing ---level 40X,tumor tiles
/mnt/wangyh/TCGA_patches/L/702ab1dd-5bf0-4cc9-b6ff-147d093d8d1c
Done!
All levels processed!!
processing ---level 5X,non-tumor tiles
/mnt/wangyh/TCGA_patches/L/702ab1dd-5bf0-4cc9-b6ff-147d093d8d1c
Done!
processing ---level 10X,non-tumor tiles
/mnt/wangyh/TCGA_patches/L/702ab1dd-5bf0-4cc9-b6ff-147d093d8d1c
Done!
processing ---level 20X,non-tumor tiles
/mnt/wangyh/TCGA_patches/L/702ab1dd-5bf0-4cc9-b6ff-147d093d8d1c
Done!
processing ---level 40X,non-tumor tiles
/mnt/wangyh/TCGA_patches/L/702ab1dd-5bf0-4cc9-b6ff-147d093d8d1c
Done!
All levels processed!!
Time consumed : 51.20452084143957 min
******0/39 remain unextract******
processing  21/39:------/mnt/wangyh/TCGA_svs/fb7e3a1a-9e28-485c-8d40-b17627146c96/TCGA-XF-AAMG-01Z-00-DX1.E0234C99-915C-4190-805A-147D4E3B10D9.svs
masks groups includes :['tumor', 'artificial', 'necrosis', 'stroma']
processing ---level 5X,tumor tiles
/mnt/wangyh/TCGA_patches/H/e73a1081-4a74-483e-84ab-9b4a614a86fb
Done!
processing ---level 10X,tumor tiles
/mnt/wangyh/TCGA_patches/H/e73a1081-4a74-483e-84ab-9b4a614a86fb
Done!
processing ---level 20X,tumor tiles
/mnt/wangyh/TCGA_patches/H/e73a1081-4a74-483e-84ab-9b4a614a86fb
Done!
processing ---level 40X,tumor tiles
/mnt/wangyh/TCGA_patches/H/e73a1081-4a74-483e-84ab-9b4a614a86fb
Done!
All levels processed!!
processing ---level 5X,non-tumor tiles
/mnt/wangyh/TCGA_patches/H/e73a1081-4a74-483e-84ab-9b4a614a86fb
Done!
processing ---level 10X,non-tumor tiles
/mnt/wangyh/TCGA_patches/H/e73a1081-4a74-483e-84ab-9b4a614a86fb
Done!
processing ---level 20X,non-tumor tiles
/mnt/wangyh/TCGA_patches/H/e73a1081-4a74-483e-84ab-9b4a614a86fb
Done!
processing ---level 40X,non-tumor tiles
/mnt/wangyh/TCGA_patches/H/e73a1081-4a74-483e-84ab-9b4a614a86fb
Done!
All levels processed!!
Time consumed : 36.1155313372612 min
******0/39 remain unextract******
processing  22/39:------/mnt/wangyh/TCGA_svs/e4d92f12-b4c5-430c-87cd-65a8d256c6e2/TCGA-XF-AAMH-01Z-00-DX1.AB5E1C7D-C3BF-4A69-B614-0ED69F8A3C07.svs
masks groups includes :['tumor', 'artificial', 'necrosis', 'stroma']
processing ---level 5X,tumor tiles
/mnt/wangyh/TCGA_patches/L/2d3b8809-ce5d-4843-ab97-4f5d40b8ec12
Done!
processing ---level 10X,tumor tiles
/mnt/wangyh/TCGA_patches/L/2d3b8809-ce5d-4843-ab97-4f5d40b8ec12
Done!
processing ---level 20X,tumor tiles
/mnt/wangyh/TCGA_patches/L/2d3b8809-ce5d-4843-ab97-4f5d40b8ec12
Done!
processing ---level 40X,tumor tiles
/mnt/wangyh/TCGA_patches/L/2d3b8809-ce5d-4843-ab97-4f5d40b8ec12
Done!
All levels processed!!
processing ---level 5X,non-tumor tiles
/mnt/wangyh/TCGA_patches/L/2d3b8809-ce5d-4843-ab97-4f5d40b8ec12
Done!
processing ---level 10X,non-tumor tiles
/mnt/wangyh/TCGA_patches/L/2d3b8809-ce5d-4843-ab97-4f5d40b8ec12
Done!
processing ---level 20X,non-tumor tiles
/mnt/wangyh/TCGA_patches/L/2d3b8809-ce5d-4843-ab97-4f5d40b8ec12
Done!
processing ---level 40X,non-tumor tiles
/mnt/wangyh/TCGA_patches/L/2d3b8809-ce5d-4843-ab97-4f5d40b8ec12
Done!
All levels processed!!
Time consumed : 29.89659346739451 min
******0/39 remain unextract******
processing  23/39:------/mnt/wangyh/TCGA_svs/e6d859da-0cf2-44b2-8e5e-bfef9f8b7994/TCGA-XF-AAMJ-01Z-00-DX1.726E3D84-8370-45AC-9C98-ACA30CAB2359.svs
masks groups includes :['tumor', 'artificial', 'necrosis', 'stroma']
processing ---level 5X,tumor tiles
/mnt/wangyh/TCGA_patches/L/8261c7c7-972b-4ad6-bdda-0762ee5c4907
Done!
processing ---level 10X,tumor tiles
/mnt/wangyh/TCGA_patches/L/8261c7c7-972b-4ad6-bdda-0762ee5c4907
Done!
processing ---level 20X,tumor tiles
/mnt/wangyh/TCGA_patches/L/8261c7c7-972b-4ad6-bdda-0762ee5c4907
Done!
processing ---level 40X,tumor tiles
/mnt/wangyh/TCGA_patches/L/8261c7c7-972b-4ad6-bdda-0762ee5c4907
Done!
All levels processed!!
processing ---level 5X,non-tumor tiles
/mnt/wangyh/TCGA_patches/L/8261c7c7-972b-4ad6-bdda-0762ee5c4907
Done!
processing ---level 10X,non-tumor tiles
/mnt/wangyh/TCGA_patches/L/8261c7c7-972b-4ad6-bdda-0762ee5c4907
Done!
processing ---level 20X,non-tumor tiles
/mnt/wangyh/TCGA_patches/L/8261c7c7-972b-4ad6-bdda-0762ee5c4907
Done!
processing ---level 40X,non-tumor tiles
/mnt/wangyh/TCGA_patches/L/8261c7c7-972b-4ad6-bdda-0762ee5c4907
Done!
All levels processed!!
Time consumed : 26.589244755109153 min
******0/39 remain unextract******
processing  24/39:------/mnt/wangyh/TCGA_svs/44f9dbf5-7683-4bb4-9f48-9c281d2fdc86/TCGA-XF-AAML-01Z-00-DX1.E2780FA6-641F-4A5A-B755-9ABD3C57C13E.svs
masks groups includes :['tumor', 'artificial', 'necrosis', 'stroma']
processing ---level 5X,tumor tiles
/mnt/wangyh/TCGA_patches/H/80797b10-10fc-4b97-8eae-71de50f315e9
Done!
processing ---level 10X,tumor tiles
/mnt/wangyh/TCGA_patches/H/80797b10-10fc-4b97-8eae-71de50f315e9
Done!
processing ---level 20X,tumor tiles
/mnt/wangyh/TCGA_patches/H/80797b10-10fc-4b97-8eae-71de50f315e9
Done!
processing ---level 40X,tumor tiles
/mnt/wangyh/TCGA_patches/H/80797b10-10fc-4b97-8eae-71de50f315e9
Done!
All levels processed!!
processing ---level 5X,non-tumor tiles
/mnt/wangyh/TCGA_patches/H/80797b10-10fc-4b97-8eae-71de50f315e9
Done!
processing ---level 10X,non-tumor tiles
/mnt/wangyh/TCGA_patches/H/80797b10-10fc-4b97-8eae-71de50f315e9
Done!
processing ---level 20X,non-tumor tiles
/mnt/wangyh/TCGA_patches/H/80797b10-10fc-4b97-8eae-71de50f315e9
Done!
processing ---level 40X,non-tumor tiles
/mnt/wangyh/TCGA_patches/H/80797b10-10fc-4b97-8eae-71de50f315e9
Done!
All levels processed!!
Time consumed : 205.72796658674875 min
******0/39 remain unextract******
processing  25/39:------/mnt/wangyh/TCGA_svs/83446a9f-ed11-4106-9ac8-972286c8c6fa/TCGA-XF-AAMQ-01Z-00-DX1.E8D304A9-4BD0-4C62-8B01-4C00994F8EE9.svs
masks groups includes :['tumor', 'artificial', 'necrosis', 'stroma']
processing ---level 5X,tumor tiles
/mnt/wangyh/TCGA_patches/L/a70f2fd4-7516-4c3f-9683-5eb88bf794f7
Done!
processing ---level 10X,tumor tiles
/mnt/wangyh/TCGA_patches/L/a70f2fd4-7516-4c3f-9683-5eb88bf794f7
Done!
processing ---level 20X,tumor tiles
/mnt/wangyh/TCGA_patches/L/a70f2fd4-7516-4c3f-9683-5eb88bf794f7
Done!
processing ---level 40X,tumor tiles
/mnt/wangyh/TCGA_patches/L/a70f2fd4-7516-4c3f-9683-5eb88bf794f7
Done!
All levels processed!!
processing ---level 5X,non-tumor tiles
/mnt/wangyh/TCGA_patches/L/a70f2fd4-7516-4c3f-9683-5eb88bf794f7
Done!
processing ---level 10X,non-tumor tiles
/mnt/wangyh/TCGA_patches/L/a70f2fd4-7516-4c3f-9683-5eb88bf794f7
Done!
processing ---level 20X,non-tumor tiles
/mnt/wangyh/TCGA_patches/L/a70f2fd4-7516-4c3f-9683-5eb88bf794f7
Done!
processing ---level 40X,non-tumor tiles
/mnt/wangyh/TCGA_patches/L/a70f2fd4-7516-4c3f-9683-5eb88bf794f7
Done!
All levels processed!!
Time consumed : 34.24402720133464 min
******0/39 remain unextract******
processing  26/39:------/mnt/wangyh/TCGA_svs/169f3822-c236-42b4-b160-6d7167e17726/TCGA-XF-AAMR-01Z-00-DX1.7BFF4F04-9B60-41AA-9977-AF63547748AB.svs
masks groups includes :['tumor', 'artificial', 'necrosis', 'stroma']
processing ---level 5X,tumor tiles
/mnt/wangyh/TCGA_patches/L/dcb80bf2-320b-4f9f-8905-9272dbf8a889
Done!
processing ---level 10X,tumor tiles
/mnt/wangyh/TCGA_patches/L/dcb80bf2-320b-4f9f-8905-9272dbf8a889
Done!
processing ---level 20X,tumor tiles
/mnt/wangyh/TCGA_patches/L/dcb80bf2-320b-4f9f-8905-9272dbf8a889
Done!
processing ---level 40X,tumor tiles
/mnt/wangyh/TCGA_patches/L/dcb80bf2-320b-4f9f-8905-9272dbf8a889
Done!
All levels processed!!
processing ---level 5X,non-tumor tiles
/mnt/wangyh/TCGA_patches/L/dcb80bf2-320b-4f9f-8905-9272dbf8a889
Done!
processing ---level 10X,non-tumor tiles
/mnt/wangyh/TCGA_patches/L/dcb80bf2-320b-4f9f-8905-9272dbf8a889
Done!
processing ---level 20X,non-tumor tiles
/mnt/wangyh/TCGA_patches/L/dcb80bf2-320b-4f9f-8905-9272dbf8a889
Done!
processing ---level 40X,non-tumor tiles
/mnt/wangyh/TCGA_patches/L/dcb80bf2-320b-4f9f-8905-9272dbf8a889
Done!
All levels processed!!
Time consumed : 53.3491556763649 min
******0/39 remain unextract******
processing  27/39:------/mnt/wangyh/TCGA_svs/664b2464-4637-40b6-9701-7d9e69d87224/TCGA-XF-AAMT-01Z-00-DX1.F5A3715A-55DC-46C1-A6F9-4B1BFE1176EC.svs
masks groups includes :['tumor', 'artificial', 'necrosis', 'stroma']
processing ---level 5X,tumor tiles
/mnt/wangyh/TCGA_patches/L/383812ea-a509-45a8-959d-782c45bac5b8
Done!
processing ---level 10X,tumor tiles
/mnt/wangyh/TCGA_patches/L/383812ea-a509-45a8-959d-782c45bac5b8
Done!
processing ---level 20X,tumor tiles
/mnt/wangyh/TCGA_patches/L/383812ea-a509-45a8-959d-782c45bac5b8
Done!
processing ---level 40X,tumor tiles
/mnt/wangyh/TCGA_patches/L/383812ea-a509-45a8-959d-782c45bac5b8
Done!
All levels processed!!
processing ---level 5X,non-tumor tiles
/mnt/wangyh/TCGA_patches/L/383812ea-a509-45a8-959d-782c45bac5b8
Done!
processing ---level 10X,non-tumor tiles
/mnt/wangyh/TCGA_patches/L/383812ea-a509-45a8-959d-782c45bac5b8
Done!
processing ---level 20X,non-tumor tiles
/mnt/wangyh/TCGA_patches/L/383812ea-a509-45a8-959d-782c45bac5b8
Done!
processing ---level 40X,non-tumor tiles
/mnt/wangyh/TCGA_patches/L/383812ea-a509-45a8-959d-782c45bac5b8
Done!
All levels processed!!
Time consumed : 75.87467308839162 min
******0/39 remain unextract******
processing  28/39:------/mnt/wangyh/TCGA_svs/429fd062-c0a4-4564-84a3-b2e18ed62341/TCGA-XF-AAMW-01Z-00-DX1.875DED6D-805B-418C-8C9E-AE45FDECC504.svs
masks groups includes :['tumor', 'artificial', 'necrosis', 'stroma']
processing ---level 5X,tumor tiles
/mnt/wangyh/TCGA_patches/L/4f4fb3ea-56bb-4dcf-bd16-72833b9a18c8
Done!
processing ---level 10X,tumor tiles
/mnt/wangyh/TCGA_patches/L/4f4fb3ea-56bb-4dcf-bd16-72833b9a18c8
Done!
processing ---level 20X,tumor tiles
/mnt/wangyh/TCGA_patches/L/4f4fb3ea-56bb-4dcf-bd16-72833b9a18c8
Done!
processing ---level 40X,tumor tiles
/mnt/wangyh/TCGA_patches/L/4f4fb3ea-56bb-4dcf-bd16-72833b9a18c8
Done!
All levels processed!!
processing ---level 5X,non-tumor tiles
/mnt/wangyh/TCGA_patches/L/4f4fb3ea-56bb-4dcf-bd16-72833b9a18c8
Done!
processing ---level 10X,non-tumor tiles
/mnt/wangyh/TCGA_patches/L/4f4fb3ea-56bb-4dcf-bd16-72833b9a18c8
Done!
processing ---level 20X,non-tumor tiles
/mnt/wangyh/TCGA_patches/L/4f4fb3ea-56bb-4dcf-bd16-72833b9a18c8
Done!
processing ---level 40X,non-tumor tiles
/mnt/wangyh/TCGA_patches/L/4f4fb3ea-56bb-4dcf-bd16-72833b9a18c8
Done!
All levels processed!!
Time consumed : 86.41549551486969 min
******0/39 remain unextract******
processing  29/39:------/mnt/wangyh/TCGA_svs/c833499f-4d59-4f76-bcb8-447e9c4edb41/TCGA-XF-AAMX-01Z-00-DX1.453214DD-54FF-42DF-8BD6-E6BC4B376EFF.svs
masks groups includes :['tumor', 'artificial', 'necrosis', 'stroma']
processing ---level 5X,tumor tiles
/mnt/wangyh/TCGA_patches/L/638e30db-305d-45e1-a8ec-05d125f72c0b
Done!
processing ---level 10X,tumor tiles
/mnt/wangyh/TCGA_patches/L/638e30db-305d-45e1-a8ec-05d125f72c0b
Done!
processing ---level 20X,tumor tiles
/mnt/wangyh/TCGA_patches/L/638e30db-305d-45e1-a8ec-05d125f72c0b
Done!
processing ---level 40X,tumor tiles
/mnt/wangyh/TCGA_patches/L/638e30db-305d-45e1-a8ec-05d125f72c0b
Done!
All levels processed!!
processing ---level 5X,non-tumor tiles
/mnt/wangyh/TCGA_patches/L/638e30db-305d-45e1-a8ec-05d125f72c0b
Done!
processing ---level 10X,non-tumor tiles
/mnt/wangyh/TCGA_patches/L/638e30db-305d-45e1-a8ec-05d125f72c0b
Done!
processing ---level 20X,non-tumor tiles
/mnt/wangyh/TCGA_patches/L/638e30db-305d-45e1-a8ec-05d125f72c0b
Done!
processing ---level 40X,non-tumor tiles
/mnt/wangyh/TCGA_patches/L/638e30db-305d-45e1-a8ec-05d125f72c0b
Done!
All levels processed!!
Time consumed : 110.30882519483566 min
******0/39 remain unextract******
processing  30/39:------/mnt/wangyh/TCGA_svs/b1c30f09-e9f9-41eb-90ea-7e477136a8b1/TCGA-XF-AAMY-01Z-00-DX1.44D91D18-357D-4FB2-A7CA-38792E3CB839.svs
masks groups includes :['tumor', 'artificial', 'necrosis', 'stroma']
processing ---level 5X,tumor tiles
/mnt/wangyh/TCGA_patches/L/a8e44f7c-85a0-43af-882c-16b148c6dc1e
Done!
processing ---level 10X,tumor tiles
/mnt/wangyh/TCGA_patches/L/a8e44f7c-85a0-43af-882c-16b148c6dc1e
Done!
processing ---level 20X,tumor tiles
/mnt/wangyh/TCGA_patches/L/a8e44f7c-85a0-43af-882c-16b148c6dc1e
Done!
processing ---level 40X,tumor tiles
/mnt/wangyh/TCGA_patches/L/a8e44f7c-85a0-43af-882c-16b148c6dc1e
Done!
All levels processed!!
processing ---level 5X,non-tumor tiles
/mnt/wangyh/TCGA_patches/L/a8e44f7c-85a0-43af-882c-16b148c6dc1e
Done!
processing ---level 10X,non-tumor tiles
/mnt/wangyh/TCGA_patches/L/a8e44f7c-85a0-43af-882c-16b148c6dc1e
Done!
processing ---level 20X,non-tumor tiles
/mnt/wangyh/TCGA_patches/L/a8e44f7c-85a0-43af-882c-16b148c6dc1e
Done!
processing ---level 40X,non-tumor tiles
/mnt/wangyh/TCGA_patches/L/a8e44f7c-85a0-43af-882c-16b148c6dc1e
Done!
All levels processed!!
Time consumed : 112.32895563443502 min
******0/39 remain unextract******
processing  31/39:------/mnt/wangyh/TCGA_svs/da33060f-a6f1-436d-952c-d470eef5e311/TCGA-XF-AAMZ-01Z-00-DX1.05AB4629-F59E-4877-B7F3-CF4336557EE0.svs
masks groups includes :['tumor', 'artificial', 'necrosis', 'stroma']
processing ---level 5X,tumor tiles
/mnt/wangyh/TCGA_patches/L/f7006cc5-8462-4c5b-ba2d-7a5593547c8d
Done!
processing ---level 10X,tumor tiles
/mnt/wangyh/TCGA_patches/L/f7006cc5-8462-4c5b-ba2d-7a5593547c8d
Done!
processing ---level 20X,tumor tiles
/mnt/wangyh/TCGA_patches/L/f7006cc5-8462-4c5b-ba2d-7a5593547c8d
Done!
processing ---level 40X,tumor tiles
/mnt/wangyh/TCGA_patches/L/f7006cc5-8462-4c5b-ba2d-7a5593547c8d
Done!
All levels processed!!
processing ---level 5X,non-tumor tiles
/mnt/wangyh/TCGA_patches/L/f7006cc5-8462-4c5b-ba2d-7a5593547c8d
Done!
processing ---level 10X,non-tumor tiles
/mnt/wangyh/TCGA_patches/L/f7006cc5-8462-4c5b-ba2d-7a5593547c8d
Done!
processing ---level 20X,non-tumor tiles
/mnt/wangyh/TCGA_patches/L/f7006cc5-8462-4c5b-ba2d-7a5593547c8d
Done!
processing ---level 40X,non-tumor tiles
/mnt/wangyh/TCGA_patches/L/f7006cc5-8462-4c5b-ba2d-7a5593547c8d
Done!
All levels processed!!
Time consumed : 96.04047477245331 min
******0/39 remain unextract******
processing  32/39:------/mnt/wangyh/TCGA_svs/bd764527-5aac-4307-a00e-9a5ab36c6bd9/TCGA-XF-AAN0-01Z-00-DX1.B9D6C207-F124-4558-ABD4-2846F42C5F66.svs
masks groups includes :['tumor', 'stroma', 'artificial', 'necrosis']
processing ---level 5X,tumor tiles
/mnt/wangyh/TCGA_patches/H/e133ed95-c177-41ab-a71f-ad5460ea52b8
Done!
processing ---level 10X,tumor tiles
/mnt/wangyh/TCGA_patches/H/e133ed95-c177-41ab-a71f-ad5460ea52b8
Done!
processing ---level 20X,tumor tiles
/mnt/wangyh/TCGA_patches/H/e133ed95-c177-41ab-a71f-ad5460ea52b8
Done!
processing ---level 40X,tumor tiles
/mnt/wangyh/TCGA_patches/H/e133ed95-c177-41ab-a71f-ad5460ea52b8
Done!
All levels processed!!
processing ---level 5X,non-tumor tiles
/mnt/wangyh/TCGA_patches/H/e133ed95-c177-41ab-a71f-ad5460ea52b8
Done!
processing ---level 10X,non-tumor tiles
/mnt/wangyh/TCGA_patches/H/e133ed95-c177-41ab-a71f-ad5460ea52b8
Done!
processing ---level 20X,non-tumor tiles
/mnt/wangyh/TCGA_patches/H/e133ed95-c177-41ab-a71f-ad5460ea52b8
Done!
processing ---level 40X,non-tumor tiles
/mnt/wangyh/TCGA_patches/H/e133ed95-c177-41ab-a71f-ad5460ea52b8
Done!
All levels processed!!
Time consumed : 248.5710948308309 min
******0/39 remain unextract******
processing  33/39:------/mnt/wangyh/TCGA_svs/c45debec-123e-4d25-a5b3-5e4bef5c7d5f/TCGA-XF-AAN1-01Z-00-DX1.F6F0E65A-0D01-4C00-AEAC-359D52C802BF.svs
masks groups includes :['tumor', 'artificial', 'necrosis', 'stroma']
processing ---level 5X,tumor tiles
/mnt/wangyh/TCGA_patches/L/bb1acd98-e82a-42be-93d0-99bfb95d1c8d
Done!
processing ---level 10X,tumor tiles
/mnt/wangyh/TCGA_patches/L/bb1acd98-e82a-42be-93d0-99bfb95d1c8d
Done!
processing ---level 20X,tumor tiles
/mnt/wangyh/TCGA_patches/L/bb1acd98-e82a-42be-93d0-99bfb95d1c8d
Done!
processing ---level 40X,tumor tiles
/mnt/wangyh/TCGA_patches/L/bb1acd98-e82a-42be-93d0-99bfb95d1c8d
Done!
All levels processed!!
processing ---level 5X,non-tumor tiles
/mnt/wangyh/TCGA_patches/L/bb1acd98-e82a-42be-93d0-99bfb95d1c8d
Done!
processing ---level 10X,non-tumor tiles
/mnt/wangyh/TCGA_patches/L/bb1acd98-e82a-42be-93d0-99bfb95d1c8d
Done!
processing ---level 20X,non-tumor tiles
/mnt/wangyh/TCGA_patches/L/bb1acd98-e82a-42be-93d0-99bfb95d1c8d
Done!
processing ---level 40X,non-tumor tiles
/mnt/wangyh/TCGA_patches/L/bb1acd98-e82a-42be-93d0-99bfb95d1c8d
Done!
All levels processed!!
Time consumed : 41.09033742745717 min
******0/39 remain unextract******
processing  34/39:------/mnt/wangyh/TCGA_svs/1605621a-7385-4465-91fb-b706c8e25787/TCGA-XF-AAN2-01Z-00-DX1.EB523A3A-0DE0-4FFC-9FE7-CF4FB2FB36CF.svs
masks groups includes :['tumor', 'artificial', 'necrosis', 'stroma']
processing ---level 5X,tumor tiles
/mnt/wangyh/TCGA_patches/H/76715a6d-d1e1-4780-9d52-a79625b00217
Done!
processing ---level 10X,tumor tiles
/mnt/wangyh/TCGA_patches/H/76715a6d-d1e1-4780-9d52-a79625b00217
Done!
processing ---level 20X,tumor tiles
/mnt/wangyh/TCGA_patches/H/76715a6d-d1e1-4780-9d52-a79625b00217
Done!
processing ---level 40X,tumor tiles
/mnt/wangyh/TCGA_patches/H/76715a6d-d1e1-4780-9d52-a79625b00217
Done!
All levels processed!!
processing ---level 5X,non-tumor tiles
/mnt/wangyh/TCGA_patches/H/76715a6d-d1e1-4780-9d52-a79625b00217
Done!
processing ---level 10X,non-tumor tiles
/mnt/wangyh/TCGA_patches/H/76715a6d-d1e1-4780-9d52-a79625b00217
Done!
processing ---level 20X,non-tumor tiles
/mnt/wangyh/TCGA_patches/H/76715a6d-d1e1-4780-9d52-a79625b00217
Done!
processing ---level 40X,non-tumor tiles
/mnt/wangyh/TCGA_patches/H/76715a6d-d1e1-4780-9d52-a79625b00217
Done!
All levels processed!!
Time consumed : 136.92760074536005 min
******0/39 remain unextract******
processing  35/39:------/mnt/wangyh/TCGA_svs/08387ecf-22f5-4c5a-97a2-f274efd1a622/TCGA-XF-AAN3-01Z-00-DX1.2F004F0A-57C1-42CA-A07C-CE0FE8F876D5.svs
masks groups includes :['tumor', 'stroma', 'artificial', 'necrosis']
processing ---level 5X,tumor tiles
/mnt/wangyh/TCGA_patches/L/2ad01582-9313-4252-9cc8-1fcd0195e11f
Done!
processing ---level 10X,tumor tiles
/mnt/wangyh/TCGA_patches/L/2ad01582-9313-4252-9cc8-1fcd0195e11f
Done!
processing ---level 20X,tumor tiles
/mnt/wangyh/TCGA_patches/L/2ad01582-9313-4252-9cc8-1fcd0195e11f
Done!
processing ---level 40X,tumor tiles
/mnt/wangyh/TCGA_patches/L/2ad01582-9313-4252-9cc8-1fcd0195e11f
Done!
All levels processed!!
processing ---level 5X,non-tumor tiles
/mnt/wangyh/TCGA_patches/L/2ad01582-9313-4252-9cc8-1fcd0195e11f
Done!
processing ---level 10X,non-tumor tiles
/mnt/wangyh/TCGA_patches/L/2ad01582-9313-4252-9cc8-1fcd0195e11f
Done!
processing ---level 20X,non-tumor tiles
/mnt/wangyh/TCGA_patches/L/2ad01582-9313-4252-9cc8-1fcd0195e11f
Done!
processing ---level 40X,non-tumor tiles
/mnt/wangyh/TCGA_patches/L/2ad01582-9313-4252-9cc8-1fcd0195e11f
Done!
All levels processed!!
Time consumed : 44.11393179098765 min
******0/39 remain unextract******
processing  36/39:------/mnt/wangyh/TCGA_svs/192e25d4-ebbf-430a-a363-8b92a671dd44/TCGA-XF-AAN4-01Z-00-DX1.F9F1800B-9945-4695-B851-A4585E9D56D6.svs
masks groups includes :['tumor', 'stroma', 'artificial', 'necrosis']
processing ---level 5X,tumor tiles
/mnt/wangyh/TCGA_patches/L/8021356d-5af7-4084-bcaf-a82a47b0dc61
Done!
processing ---level 10X,tumor tiles
/mnt/wangyh/TCGA_patches/L/8021356d-5af7-4084-bcaf-a82a47b0dc61
Done!
processing ---level 20X,tumor tiles
/mnt/wangyh/TCGA_patches/L/8021356d-5af7-4084-bcaf-a82a47b0dc61
Done!
processing ---level 40X,tumor tiles
/mnt/wangyh/TCGA_patches/L/8021356d-5af7-4084-bcaf-a82a47b0dc61
Done!
All levels processed!!
processing ---level 5X,non-tumor tiles
/mnt/wangyh/TCGA_patches/L/8021356d-5af7-4084-bcaf-a82a47b0dc61
Done!
processing ---level 10X,non-tumor tiles
/mnt/wangyh/TCGA_patches/L/8021356d-5af7-4084-bcaf-a82a47b0dc61
Done!
processing ---level 20X,non-tumor tiles
/mnt/wangyh/TCGA_patches/L/8021356d-5af7-4084-bcaf-a82a47b0dc61
Done!
processing ---level 40X,non-tumor tiles
/mnt/wangyh/TCGA_patches/L/8021356d-5af7-4084-bcaf-a82a47b0dc61
Done!
All levels processed!!
Time consumed : 62.27964975833893 min
******0/39 remain unextract******
processing  37/39:------/mnt/wangyh/TCGA_svs/8d99f088-8d0d-4825-b792-e1ebc012aac3/TCGA-XF-AAN5-01Z-00-DX1.DACB5253-366B-40A2-AD52-376F26C103A6.svs
masks groups includes :['tumor', 'stroma', 'artificial', 'necrosis']
processing ---level 5X,tumor tiles
/mnt/wangyh/TCGA_patches/L/aec6ae3a-375a-430a-9411-cd1129d5eca6
Done!
processing ---level 10X,tumor tiles
/mnt/wangyh/TCGA_patches/L/aec6ae3a-375a-430a-9411-cd1129d5eca6
Done!
processing ---level 20X,tumor tiles
/mnt/wangyh/TCGA_patches/L/aec6ae3a-375a-430a-9411-cd1129d5eca6
Done!
processing ---level 40X,tumor tiles
/mnt/wangyh/TCGA_patches/L/aec6ae3a-375a-430a-9411-cd1129d5eca6
Done!
All levels processed!!
processing ---level 5X,non-tumor tiles
/mnt/wangyh/TCGA_patches/L/aec6ae3a-375a-430a-9411-cd1129d5eca6
Done!
processing ---level 10X,non-tumor tiles
/mnt/wangyh/TCGA_patches/L/aec6ae3a-375a-430a-9411-cd1129d5eca6
Done!
processing ---level 20X,non-tumor tiles
/mnt/wangyh/TCGA_patches/L/aec6ae3a-375a-430a-9411-cd1129d5eca6
Done!
processing ---level 40X,non-tumor tiles
/mnt/wangyh/TCGA_patches/L/aec6ae3a-375a-430a-9411-cd1129d5eca6
Done!
All levels processed!!
Time consumed : 72.97335433562597 min
******0/39 remain unextract******
processing  38/39:------/mnt/wangyh/TCGA_svs/f2cd1dc2-5d66-491c-8fd6-fd6792979dca/TCGA-XF-AAN7-01Z-00-DX1.B8EDF045-604C-48CB-8E54-A60564CAE2AD.svs
masks groups includes :['tumor', 'artificial', 'necrosis', 'stroma']
processing ---level 5X,tumor tiles
/mnt/wangyh/TCGA_patches/L/962d3290-06dc-4368-a432-5ae171304722
Done!
processing ---level 10X,tumor tiles
/mnt/wangyh/TCGA_patches/L/962d3290-06dc-4368-a432-5ae171304722
Done!
processing ---level 20X,tumor tiles
/mnt/wangyh/TCGA_patches/L/962d3290-06dc-4368-a432-5ae171304722
Done!
processing ---level 40X,tumor tiles
/mnt/wangyh/TCGA_patches/L/962d3290-06dc-4368-a432-5ae171304722
Done!
All levels processed!!
processing ---level 5X,non-tumor tiles
/mnt/wangyh/TCGA_patches/L/962d3290-06dc-4368-a432-5ae171304722
Done!
processing ---level 10X,non-tumor tiles
/mnt/wangyh/TCGA_patches/L/962d3290-06dc-4368-a432-5ae171304722
Done!
processing ---level 20X,non-tumor tiles
/mnt/wangyh/TCGA_patches/L/962d3290-06dc-4368-a432-5ae171304722
Done!
processing ---level 40X,non-tumor tiles
/mnt/wangyh/TCGA_patches/L/962d3290-06dc-4368-a432-5ae171304722
Done!
All levels processed!!
Time consumed : 132.20898092587788 min
******0/39 remain unextract******
processing  39/39:------/mnt/wangyh/TCGA_svs/ea5a7ac8-371c-4283-86fa-c6e858f51ac7/TCGA-XF-AAN8-01Z-00-DX1.2962EEBB-A4F1-4958-85C9-480B7CA769A8.svs
masks groups includes :['tumor', 'artificial', 'necrosis', 'stroma']
processing ---level 5X,tumor tiles
/mnt/wangyh/TCGA_patches/L/f4ca3ddd-dc53-4ab0-b55b-942603b64e57
Done!
processing ---level 10X,tumor tiles
/mnt/wangyh/TCGA_patches/L/f4ca3ddd-dc53-4ab0-b55b-942603b64e57
Done!
processing ---level 20X,tumor tiles
/mnt/wangyh/TCGA_patches/L/f4ca3ddd-dc53-4ab0-b55b-942603b64e57
Done!
processing ---level 40X,tumor tiles
/mnt/wangyh/TCGA_patches/L/f4ca3ddd-dc53-4ab0-b55b-942603b64e57
Done!
All levels processed!!
processing ---level 5X,non-tumor tiles
/mnt/wangyh/TCGA_patches/L/f4ca3ddd-dc53-4ab0-b55b-942603b64e57
Done!
processing ---level 10X,non-tumor tiles
/mnt/wangyh/TCGA_patches/L/f4ca3ddd-dc53-4ab0-b55b-942603b64e57
Done!
processing ---level 20X,non-tumor tiles
/mnt/wangyh/TCGA_patches/L/f4ca3ddd-dc53-4ab0-b55b-942603b64e57
Done!
processing ---level 40X,non-tumor tiles
/mnt/wangyh/TCGA_patches/L/f4ca3ddd-dc53-4ab0-b55b-942603b64e57
Done!
All levels processed!!
Time consumed : 65.11866088708241 min
******0/39 remain unextract******
