processing  1/39:------/mnt/wangyh/TCGA_svs/5da5dc42-e676-4068-83a6-9ee2367306f0/TCGA-FD-A3SP-01Z-00-DX1.05986238-A4B9-497D-9D00-8DB37B0040FE.svs
extract_patches.py:86: DeprecationWarning: `np.float` is a deprecated alias for the builtin `float`. To silence this warning, use `float` by itself. Doing this will not modify any behavior and is safe. If you specifically wanted the numpy scalar type, use `np.float64` here.
Deprecated in NumPy 1.20; for more details and guidance: https://numpy.org/devdocs/release/1.20.0-notes.html#deprecations
  x = np.float(coord.attrib["X"])
extract_patches.py:87: DeprecationWarning: `np.float` is a deprecated alias for the builtin `float`. To silence this warning, use `float` by itself. Doing this will not modify any behavior and is safe. If you specifically wanted the numpy scalar type, use `np.float64` here.
Deprecated in NumPy 1.20; for more details and guidance: https://numpy.org/devdocs/release/1.20.0-notes.html#deprecations
  y = np.float(coord.attrib["Y"])
extract_patches.py:120: VisibleDeprecationWarning: Creating an ndarray from ragged nested sequences (which is a list-or-tuple of lists-or-tuples-or ndarrays with different lengths or shapes) is deprecated. If you meant to do this, you must specify 'dtype=object' when creating the ndarray.
  contours = np.array(mask_coords[cls])
masks groups includes :['tumor', 'artificial', 'necrosis', 'stroma']
processing ---level 5X,tumor tiles
/mnt/wangyh/TCGA_patches/L/d2e43ec6-5027-4f2c-932b-28a681da7cd9
Done!
processing ---level 10X,tumor tiles
/mnt/wangyh/TCGA_patches/L/d2e43ec6-5027-4f2c-932b-28a681da7cd9
Done!
processing ---level 20X,tumor tiles
/mnt/wangyh/TCGA_patches/L/d2e43ec6-5027-4f2c-932b-28a681da7cd9
Done!
processing ---level 40X,tumor tiles
/mnt/wangyh/TCGA_patches/L/d2e43ec6-5027-4f2c-932b-28a681da7cd9
Done!
All levels processed!!
processing ---level 5X,non-tumor tiles
/mnt/wangyh/TCGA_patches/L/d2e43ec6-5027-4f2c-932b-28a681da7cd9
Done!
processing ---level 10X,non-tumor tiles
/mnt/wangyh/TCGA_patches/L/d2e43ec6-5027-4f2c-932b-28a681da7cd9
Done!
processing ---level 20X,non-tumor tiles
/mnt/wangyh/TCGA_patches/L/d2e43ec6-5027-4f2c-932b-28a681da7cd9
Done!
processing ---level 40X,non-tumor tiles
/mnt/wangyh/TCGA_patches/L/d2e43ec6-5027-4f2c-932b-28a681da7cd9
Done!
All levels processed!!
Time consumed : 38.25512690544129 min
******0/39 remain unextract******
processing  2/39:------/mnt/wangyh/TCGA_svs/eb6a01b7-2fbb-466e-8e42-0aaa350686fe/TCGA-FD-A3SQ-01Z-00-DX1.86DF2023-BD72-4D84-B7AA-2330AA433DB9.svs
masks groups includes :['tumor', 'stroma', 'artificial', 'necrosis']
processing ---level 5X,tumor tiles
/mnt/wangyh/TCGA_patches/L/bff29d20-3a8f-4a5d-a2de-0e142390551d
Done!
processing ---level 10X,tumor tiles
/mnt/wangyh/TCGA_patches/L/bff29d20-3a8f-4a5d-a2de-0e142390551d
Done!
processing ---level 20X,tumor tiles
/mnt/wangyh/TCGA_patches/L/bff29d20-3a8f-4a5d-a2de-0e142390551d
Done!
processing ---level 40X,tumor tiles
/mnt/wangyh/TCGA_patches/L/bff29d20-3a8f-4a5d-a2de-0e142390551d
Done!
All levels processed!!
processing ---level 5X,non-tumor tiles
/mnt/wangyh/TCGA_patches/L/bff29d20-3a8f-4a5d-a2de-0e142390551d
Done!
processing ---level 10X,non-tumor tiles
/mnt/wangyh/TCGA_patches/L/bff29d20-3a8f-4a5d-a2de-0e142390551d
Done!
processing ---level 20X,non-tumor tiles
/mnt/wangyh/TCGA_patches/L/bff29d20-3a8f-4a5d-a2de-0e142390551d
Done!
processing ---level 40X,non-tumor tiles
/mnt/wangyh/TCGA_patches/L/bff29d20-3a8f-4a5d-a2de-0e142390551d
Done!
All levels processed!!
Time consumed : 25.52365207274755 min
******0/39 remain unextract******
processing  3/39:------/mnt/wangyh/TCGA_svs/69d09faa-615f-4923-8342-b8c642790fbf/TCGA-FD-A3SR-01Z-00-DX1.7E2FB51A-9562-4B3D-8431-6283342B4311.svs
masks groups includes :['tumor', 'artificial', 'necrosis', 'stroma']
processing ---level 5X,tumor tiles
/mnt/wangyh/TCGA_patches/L/edcf4ae6-c985-40ad-aff4-a0ce31b46aeb
Done!
processing ---level 10X,tumor tiles
/mnt/wangyh/TCGA_patches/L/edcf4ae6-c985-40ad-aff4-a0ce31b46aeb
Done!
processing ---level 20X,tumor tiles
/mnt/wangyh/TCGA_patches/L/edcf4ae6-c985-40ad-aff4-a0ce31b46aeb
Done!
processing ---level 40X,tumor tiles
/mnt/wangyh/TCGA_patches/L/edcf4ae6-c985-40ad-aff4-a0ce31b46aeb
Done!
All levels processed!!
processing ---level 5X,non-tumor tiles
/mnt/wangyh/TCGA_patches/L/edcf4ae6-c985-40ad-aff4-a0ce31b46aeb
Done!
processing ---level 10X,non-tumor tiles
/mnt/wangyh/TCGA_patches/L/edcf4ae6-c985-40ad-aff4-a0ce31b46aeb
Done!
processing ---level 20X,non-tumor tiles
/mnt/wangyh/TCGA_patches/L/edcf4ae6-c985-40ad-aff4-a0ce31b46aeb
Done!
processing ---level 40X,non-tumor tiles
/mnt/wangyh/TCGA_patches/L/edcf4ae6-c985-40ad-aff4-a0ce31b46aeb
Done!
All levels processed!!
Time consumed : 32.851966202259064 min
******0/39 remain unextract******
processing  4/39:------/mnt/wangyh/TCGA_svs/64640bd2-b476-4815-a10d-3cb3f44ff97f/TCGA-FD-A3SS-01Z-00-DX1.FEEC4D8E-E87D-4742-B377-5DA2999D6997.svs
masks groups includes :['necrosis', 'tumor', 'artificial', 'stroma']
processing ---level 5X,tumor tiles
/mnt/wangyh/TCGA_patches/H/e20c2176-2b57-4cc9-a68a-eb6933bf60b1
Done!
processing ---level 10X,tumor tiles
/mnt/wangyh/TCGA_patches/H/e20c2176-2b57-4cc9-a68a-eb6933bf60b1
Done!
processing ---level 20X,tumor tiles
/mnt/wangyh/TCGA_patches/H/e20c2176-2b57-4cc9-a68a-eb6933bf60b1
Done!
processing ---level 40X,tumor tiles
/mnt/wangyh/TCGA_patches/H/e20c2176-2b57-4cc9-a68a-eb6933bf60b1
Done!
All levels processed!!
processing ---level 5X,non-tumor tiles
/mnt/wangyh/TCGA_patches/H/e20c2176-2b57-4cc9-a68a-eb6933bf60b1
Done!
processing ---level 10X,non-tumor tiles
/mnt/wangyh/TCGA_patches/H/e20c2176-2b57-4cc9-a68a-eb6933bf60b1
Done!
processing ---level 20X,non-tumor tiles
/mnt/wangyh/TCGA_patches/H/e20c2176-2b57-4cc9-a68a-eb6933bf60b1
Done!
processing ---level 40X,non-tumor tiles
/mnt/wangyh/TCGA_patches/H/e20c2176-2b57-4cc9-a68a-eb6933bf60b1
Done!
All levels processed!!
Time consumed : 49.326394720872244 min
******0/39 remain unextract******
processing  5/39:------/mnt/wangyh/TCGA_svs/24888e1f-487f-408a-82d0-b7947e57f95d/TCGA-FD-A43N-01Z-00-DX1.57422C5F-A3A1-4595-9E06-C05C7FF5944B.svs
masks groups includes :['tumor', 'artificial', 'necrosis', 'stroma']
processing ---level 5X,tumor tiles
/mnt/wangyh/TCGA_patches/L/a085fe18-1709-417a-a779-fe69f5964766
Done!
processing ---level 10X,tumor tiles
/mnt/wangyh/TCGA_patches/L/a085fe18-1709-417a-a779-fe69f5964766
Done!
processing ---level 20X,tumor tiles
/mnt/wangyh/TCGA_patches/L/a085fe18-1709-417a-a779-fe69f5964766
Done!
processing ---level 40X,tumor tiles
/mnt/wangyh/TCGA_patches/L/a085fe18-1709-417a-a779-fe69f5964766
Done!
All levels processed!!
processing ---level 5X,non-tumor tiles
/mnt/wangyh/TCGA_patches/L/a085fe18-1709-417a-a779-fe69f5964766
Done!
processing ---level 10X,non-tumor tiles
/mnt/wangyh/TCGA_patches/L/a085fe18-1709-417a-a779-fe69f5964766
Done!
processing ---level 20X,non-tumor tiles
/mnt/wangyh/TCGA_patches/L/a085fe18-1709-417a-a779-fe69f5964766
Done!
processing ---level 40X,non-tumor tiles
/mnt/wangyh/TCGA_patches/L/a085fe18-1709-417a-a779-fe69f5964766
Done!
All levels processed!!
Time consumed : 59.64957890907923 min
******0/39 remain unextract******
processing  6/39:------/mnt/wangyh/TCGA_svs/8229c2df-d006-4e70-b80b-7d1b167684e0/TCGA-FD-A43P-01Z-00-DX1.792612F7-802C-4A90-A2B5-A6A82FCDE92F.svs
masks groups includes :['tumor', 'artificial', 'necrosis', 'stroma']
processing ---level 5X,tumor tiles
/mnt/wangyh/TCGA_patches/H/70e383bf-91cb-4a65-b12a-950f365c4d62
Done!
processing ---level 10X,tumor tiles
/mnt/wangyh/TCGA_patches/H/70e383bf-91cb-4a65-b12a-950f365c4d62
Done!
processing ---level 20X,tumor tiles
/mnt/wangyh/TCGA_patches/H/70e383bf-91cb-4a65-b12a-950f365c4d62
Done!
processing ---level 40X,tumor tiles
/mnt/wangyh/TCGA_patches/H/70e383bf-91cb-4a65-b12a-950f365c4d62
Done!
All levels processed!!
processing ---level 5X,non-tumor tiles
/mnt/wangyh/TCGA_patches/H/70e383bf-91cb-4a65-b12a-950f365c4d62
Done!
processing ---level 10X,non-tumor tiles
/mnt/wangyh/TCGA_patches/H/70e383bf-91cb-4a65-b12a-950f365c4d62
Done!
processing ---level 20X,non-tumor tiles
/mnt/wangyh/TCGA_patches/H/70e383bf-91cb-4a65-b12a-950f365c4d62
Done!
processing ---level 40X,non-tumor tiles
/mnt/wangyh/TCGA_patches/H/70e383bf-91cb-4a65-b12a-950f365c4d62
Done!
All levels processed!!
Time consumed : 91.86136918862661 min
******0/39 remain unextract******
processing  7/39:------/mnt/wangyh/TCGA_svs/fe9fd668-2122-401c-8b8d-955969082f61/TCGA-FD-A43S-01Z-00-DX1.528CA6F1-B53B-4396-B776-9761B578DCDE.svs
masks groups includes :['tumor', 'artificial', 'necrosis', 'stroma']
processing ---level 5X,tumor tiles
/mnt/wangyh/TCGA_patches/L/790d96d7-1191-4cf7-9c78-3e879723afd8
Done!
processing ---level 10X,tumor tiles
/mnt/wangyh/TCGA_patches/L/790d96d7-1191-4cf7-9c78-3e879723afd8
Done!
processing ---level 20X,tumor tiles
/mnt/wangyh/TCGA_patches/L/790d96d7-1191-4cf7-9c78-3e879723afd8
Done!
processing ---level 40X,tumor tiles
/mnt/wangyh/TCGA_patches/L/790d96d7-1191-4cf7-9c78-3e879723afd8
Done!
All levels processed!!
processing ---level 5X,non-tumor tiles
/mnt/wangyh/TCGA_patches/L/790d96d7-1191-4cf7-9c78-3e879723afd8
Done!
processing ---level 10X,non-tumor tiles
/mnt/wangyh/TCGA_patches/L/790d96d7-1191-4cf7-9c78-3e879723afd8
Done!
processing ---level 20X,non-tumor tiles
/mnt/wangyh/TCGA_patches/L/790d96d7-1191-4cf7-9c78-3e879723afd8
Done!
processing ---level 40X,non-tumor tiles
/mnt/wangyh/TCGA_patches/L/790d96d7-1191-4cf7-9c78-3e879723afd8
Done!
All levels processed!!
Time consumed : 34.2174272497495 min
******0/39 remain unextract******
processing  8/39:------/mnt/wangyh/TCGA_svs/21e91565-a65e-42cc-b5ac-49cab3a431a5/TCGA-FD-A43U-01Z-00-DX1.003EC6EC-229E-4578-BF5B-1FB3EBF68845.svs
masks groups includes :['tumor', 'artificial', 'necrosis', 'stroma']
processing ---level 5X,tumor tiles
/mnt/wangyh/TCGA_patches/L/741d4359-8615-4783-98ab-0f04bb10c52c
Done!
processing ---level 10X,tumor tiles
/mnt/wangyh/TCGA_patches/L/741d4359-8615-4783-98ab-0f04bb10c52c
Done!
processing ---level 20X,tumor tiles
/mnt/wangyh/TCGA_patches/L/741d4359-8615-4783-98ab-0f04bb10c52c
Done!
processing ---level 40X,tumor tiles
/mnt/wangyh/TCGA_patches/L/741d4359-8615-4783-98ab-0f04bb10c52c
Done!
All levels processed!!
processing ---level 5X,non-tumor tiles
/mnt/wangyh/TCGA_patches/L/741d4359-8615-4783-98ab-0f04bb10c52c
Done!
processing ---level 10X,non-tumor tiles
/mnt/wangyh/TCGA_patches/L/741d4359-8615-4783-98ab-0f04bb10c52c
Done!
processing ---level 20X,non-tumor tiles
/mnt/wangyh/TCGA_patches/L/741d4359-8615-4783-98ab-0f04bb10c52c
Done!
processing ---level 40X,non-tumor tiles
/mnt/wangyh/TCGA_patches/L/741d4359-8615-4783-98ab-0f04bb10c52c
Done!
All levels processed!!
Time consumed : 56.0201189716657 min
******0/39 remain unextract******
processing  9/39:------/mnt/wangyh/TCGA_svs/adee8df6-2d5a-4f49-b058-4a92ad3995da/TCGA-FD-A43X-01Z-00-DX1.CB2A73D9-F64C-4553-8D11-4C25CEF98C45.svs
masks groups includes :['tumor', 'artificial', 'necrosis', 'stroma']
processing ---level 5X,tumor tiles
/mnt/wangyh/TCGA_patches/L/cf1884cf-8262-45b4-841a-e1ef212c0a3a
Done!
processing ---level 10X,tumor tiles
/mnt/wangyh/TCGA_patches/L/cf1884cf-8262-45b4-841a-e1ef212c0a3a
Done!
processing ---level 20X,tumor tiles
/mnt/wangyh/TCGA_patches/L/cf1884cf-8262-45b4-841a-e1ef212c0a3a
Done!
processing ---level 40X,tumor tiles
/mnt/wangyh/TCGA_patches/L/cf1884cf-8262-45b4-841a-e1ef212c0a3a
Done!
All levels processed!!
processing ---level 5X,non-tumor tiles
/mnt/wangyh/TCGA_patches/L/cf1884cf-8262-45b4-841a-e1ef212c0a3a
Done!
processing ---level 10X,non-tumor tiles
/mnt/wangyh/TCGA_patches/L/cf1884cf-8262-45b4-841a-e1ef212c0a3a
Done!
processing ---level 20X,non-tumor tiles
/mnt/wangyh/TCGA_patches/L/cf1884cf-8262-45b4-841a-e1ef212c0a3a
Done!
processing ---level 40X,non-tumor tiles
/mnt/wangyh/TCGA_patches/L/cf1884cf-8262-45b4-841a-e1ef212c0a3a
Done!
All levels processed!!
Time consumed : 89.58644027312597 min
******0/39 remain unextract******
processing  10/39:------/mnt/wangyh/TCGA_svs/32a5150f-7e7a-465b-b851-f14c280b8d1a/TCGA-FD-A43Y-01Z-00-DX1.6516167F-A303-4524-98D6-E32CB521ED08.svs
masks groups includes :['tumor', 'artificial', 'necrosis', 'stroma']
processing ---level 5X,tumor tiles
/mnt/wangyh/TCGA_patches/L/a29135be-c1a9-4402-b7a5-47cc8172a5ad
Done!
processing ---level 10X,tumor tiles
/mnt/wangyh/TCGA_patches/L/a29135be-c1a9-4402-b7a5-47cc8172a5ad
Done!
processing ---level 20X,tumor tiles
/mnt/wangyh/TCGA_patches/L/a29135be-c1a9-4402-b7a5-47cc8172a5ad
Done!
processing ---level 40X,tumor tiles
/mnt/wangyh/TCGA_patches/L/a29135be-c1a9-4402-b7a5-47cc8172a5ad
Done!
All levels processed!!
processing ---level 5X,non-tumor tiles
/mnt/wangyh/TCGA_patches/L/a29135be-c1a9-4402-b7a5-47cc8172a5ad
Done!
processing ---level 10X,non-tumor tiles
/mnt/wangyh/TCGA_patches/L/a29135be-c1a9-4402-b7a5-47cc8172a5ad
Done!
processing ---level 20X,non-tumor tiles
/mnt/wangyh/TCGA_patches/L/a29135be-c1a9-4402-b7a5-47cc8172a5ad
Done!
processing ---level 40X,non-tumor tiles
/mnt/wangyh/TCGA_patches/L/a29135be-c1a9-4402-b7a5-47cc8172a5ad
Done!
All levels processed!!
Time consumed : 48.7602640748024 min
******0/39 remain unextract******
processing  11/39:------/mnt/wangyh/TCGA_svs/99e6b57d-327d-47ad-9aa0-0f7a422a2301/TCGA-FD-A5BR-01Z-00-DX1.53CA363B-8DA6-465A-9FEA-2D120B5787A8.svs
masks groups includes :['tumor', 'artificial', 'necrosis', 'stroma']
processing ---level 5X,tumor tiles
/mnt/wangyh/TCGA_patches/L/0f5b4de3-f7ed-4439-bf2d-621d0af6a2a3
Done!
processing ---level 10X,tumor tiles
/mnt/wangyh/TCGA_patches/L/0f5b4de3-f7ed-4439-bf2d-621d0af6a2a3
Done!
processing ---level 20X,tumor tiles
/mnt/wangyh/TCGA_patches/L/0f5b4de3-f7ed-4439-bf2d-621d0af6a2a3
Done!
processing ---level 40X,tumor tiles
/mnt/wangyh/TCGA_patches/L/0f5b4de3-f7ed-4439-bf2d-621d0af6a2a3
Done!
All levels processed!!
processing ---level 5X,non-tumor tiles
/mnt/wangyh/TCGA_patches/L/0f5b4de3-f7ed-4439-bf2d-621d0af6a2a3
Done!
processing ---level 10X,non-tumor tiles
/mnt/wangyh/TCGA_patches/L/0f5b4de3-f7ed-4439-bf2d-621d0af6a2a3
Done!
processing ---level 20X,non-tumor tiles
/mnt/wangyh/TCGA_patches/L/0f5b4de3-f7ed-4439-bf2d-621d0af6a2a3
Done!
processing ---level 40X,non-tumor tiles
/mnt/wangyh/TCGA_patches/L/0f5b4de3-f7ed-4439-bf2d-621d0af6a2a3
Done!
All levels processed!!
Time consumed : 59.50818385283152 min
******0/39 remain unextract******
processing  12/39:------/mnt/wangyh/TCGA_svs/153deaff-1f21-4daf-bc1b-49f1f531b3dd/TCGA-FD-A5BS-01Z-00-DX1.A7155CEB-37C9-4AD2-B229-B76F18814585.svs
masks groups includes :['tumor', 'necrosis', 'artificial', 'stroma']
processing ---level 5X,tumor tiles
/mnt/wangyh/TCGA_patches/L/fe9ee61c-f3cb-4d98-8bd4-dde12859a181
Done!
processing ---level 10X,tumor tiles
/mnt/wangyh/TCGA_patches/L/fe9ee61c-f3cb-4d98-8bd4-dde12859a181
Done!
processing ---level 20X,tumor tiles
/mnt/wangyh/TCGA_patches/L/fe9ee61c-f3cb-4d98-8bd4-dde12859a181
Done!
processing ---level 40X,tumor tiles
/mnt/wangyh/TCGA_patches/L/fe9ee61c-f3cb-4d98-8bd4-dde12859a181
Done!
All levels processed!!
processing ---level 5X,non-tumor tiles
/mnt/wangyh/TCGA_patches/L/fe9ee61c-f3cb-4d98-8bd4-dde12859a181
Done!
processing ---level 10X,non-tumor tiles
/mnt/wangyh/TCGA_patches/L/fe9ee61c-f3cb-4d98-8bd4-dde12859a181
Done!
processing ---level 20X,non-tumor tiles
/mnt/wangyh/TCGA_patches/L/fe9ee61c-f3cb-4d98-8bd4-dde12859a181
Done!
processing ---level 40X,non-tumor tiles
/mnt/wangyh/TCGA_patches/L/fe9ee61c-f3cb-4d98-8bd4-dde12859a181
Done!
All levels processed!!
Time consumed : 69.42128804922103 min
******0/39 remain unextract******
processing  13/39:------/mnt/wangyh/TCGA_svs/478071ff-fe3e-4416-b9df-84d9b752745a/TCGA-FD-A5BT-01Z-00-DX1.2A4716E6-A5C0-4C69-82FD-E771ABB3B28D.svs
masks groups includes :['tumor', 'artificial', 'necrosis', 'stroma']
processing ---level 5X,tumor tiles
/mnt/wangyh/TCGA_patches/L/636589bf-d553-44b0-bebc-d75c308fb351
Done!
processing ---level 10X,tumor tiles
/mnt/wangyh/TCGA_patches/L/636589bf-d553-44b0-bebc-d75c308fb351
Done!
processing ---level 20X,tumor tiles
/mnt/wangyh/TCGA_patches/L/636589bf-d553-44b0-bebc-d75c308fb351
Done!
processing ---level 40X,tumor tiles
/mnt/wangyh/TCGA_patches/L/636589bf-d553-44b0-bebc-d75c308fb351
Done!
All levels processed!!
processing ---level 5X,non-tumor tiles
/mnt/wangyh/TCGA_patches/L/636589bf-d553-44b0-bebc-d75c308fb351
Done!
processing ---level 10X,non-tumor tiles
/mnt/wangyh/TCGA_patches/L/636589bf-d553-44b0-bebc-d75c308fb351
Done!
processing ---level 20X,non-tumor tiles
/mnt/wangyh/TCGA_patches/L/636589bf-d553-44b0-bebc-d75c308fb351
Done!
processing ---level 40X,non-tumor tiles
/mnt/wangyh/TCGA_patches/L/636589bf-d553-44b0-bebc-d75c308fb351
Done!
All levels processed!!
Time consumed : 32.915388802687325 min
******0/39 remain unextract******
processing  14/39:------/mnt/wangyh/TCGA_svs/c82a89e1-01ae-45dc-9db5-0e0c911f0b37/TCGA-FD-A5BU-01Z-00-DX1.94A8468C-59E7-4185-A877-CC271EA01C90.svs
masks groups includes :['tumor', 'artificial', 'necrosis', 'stroma']
processing ---level 5X,tumor tiles
/mnt/wangyh/TCGA_patches/L/1fa739c1-75f2-433b-91c7-f743bdf0fce0
Done!
processing ---level 10X,tumor tiles
/mnt/wangyh/TCGA_patches/L/1fa739c1-75f2-433b-91c7-f743bdf0fce0
Done!
processing ---level 20X,tumor tiles
/mnt/wangyh/TCGA_patches/L/1fa739c1-75f2-433b-91c7-f743bdf0fce0
Done!
processing ---level 40X,tumor tiles
/mnt/wangyh/TCGA_patches/L/1fa739c1-75f2-433b-91c7-f743bdf0fce0
Done!
All levels processed!!
processing ---level 5X,non-tumor tiles
/mnt/wangyh/TCGA_patches/L/1fa739c1-75f2-433b-91c7-f743bdf0fce0
Done!
processing ---level 10X,non-tumor tiles
/mnt/wangyh/TCGA_patches/L/1fa739c1-75f2-433b-91c7-f743bdf0fce0
Done!
processing ---level 20X,non-tumor tiles
/mnt/wangyh/TCGA_patches/L/1fa739c1-75f2-433b-91c7-f743bdf0fce0
Done!
processing ---level 40X,non-tumor tiles
/mnt/wangyh/TCGA_patches/L/1fa739c1-75f2-433b-91c7-f743bdf0fce0
Done!
All levels processed!!
Time consumed : 85.95701024532318 min
******0/39 remain unextract******
processing  15/39:------/mnt/wangyh/TCGA_svs/ca3038f5-ceb7-4355-aa3b-44057d51e581/TCGA-FD-A5BV-01Z-00-DX1.FD47C060-5104-45AC-95F8-0C4C5924FE26.svs
masks groups includes :['tumor', 'artificial', 'necrosis', 'stroma']
processing ---level 5X,tumor tiles
/mnt/wangyh/TCGA_patches/L/d1becbe5-78d6-46f1-952f-f66796856883
Done!
processing ---level 10X,tumor tiles
/mnt/wangyh/TCGA_patches/L/d1becbe5-78d6-46f1-952f-f66796856883
Done!
processing ---level 20X,tumor tiles
/mnt/wangyh/TCGA_patches/L/d1becbe5-78d6-46f1-952f-f66796856883
Done!
processing ---level 40X,tumor tiles
/mnt/wangyh/TCGA_patches/L/d1becbe5-78d6-46f1-952f-f66796856883
Done!
All levels processed!!
processing ---level 5X,non-tumor tiles
/mnt/wangyh/TCGA_patches/L/d1becbe5-78d6-46f1-952f-f66796856883
Done!
processing ---level 10X,non-tumor tiles
/mnt/wangyh/TCGA_patches/L/d1becbe5-78d6-46f1-952f-f66796856883
Done!
processing ---level 20X,non-tumor tiles
/mnt/wangyh/TCGA_patches/L/d1becbe5-78d6-46f1-952f-f66796856883
Done!
processing ---level 40X,non-tumor tiles
/mnt/wangyh/TCGA_patches/L/d1becbe5-78d6-46f1-952f-f66796856883
Done!
All levels processed!!
Time consumed : 152.91663149197896 min
******0/39 remain unextract******
processing  16/39:------/mnt/wangyh/TCGA_svs/2116c300-f48a-47ac-8862-1602ca23ba99/TCGA-FD-A5BX-01Z-00-DX1.172B23F4-4651-4C93-93E1-D0E81331DCA7.svs
masks groups includes :['tumor', 'artificial', 'necrosis', 'stroma']
processing ---level 5X,tumor tiles
/mnt/wangyh/TCGA_patches/L/57e5981d-94c6-4a4c-bb93-b3fff877b495
Done!
processing ---level 10X,tumor tiles
/mnt/wangyh/TCGA_patches/L/57e5981d-94c6-4a4c-bb93-b3fff877b495
Done!
processing ---level 20X,tumor tiles
/mnt/wangyh/TCGA_patches/L/57e5981d-94c6-4a4c-bb93-b3fff877b495
Done!
processing ---level 40X,tumor tiles
/mnt/wangyh/TCGA_patches/L/57e5981d-94c6-4a4c-bb93-b3fff877b495
Done!
All levels processed!!
processing ---level 5X,non-tumor tiles
/mnt/wangyh/TCGA_patches/L/57e5981d-94c6-4a4c-bb93-b3fff877b495
Done!
processing ---level 10X,non-tumor tiles
/mnt/wangyh/TCGA_patches/L/57e5981d-94c6-4a4c-bb93-b3fff877b495
Done!
processing ---level 20X,non-tumor tiles
/mnt/wangyh/TCGA_patches/L/57e5981d-94c6-4a4c-bb93-b3fff877b495
Done!
processing ---level 40X,non-tumor tiles
/mnt/wangyh/TCGA_patches/L/57e5981d-94c6-4a4c-bb93-b3fff877b495
Done!
All levels processed!!
Time consumed : 66.27402180433273 min
******0/39 remain unextract******
processing  17/39:------/mnt/wangyh/TCGA_svs/63a42a79-93e6-456c-957e-94b97ad35600/TCGA-FD-A5BY-01Z-00-DX1.9DF7C69C-FABA-46DC-9954-A7120C65061F.svs
masks groups includes :['tumor', 'artificial', 'necrosis', 'stroma']
processing ---level 5X,tumor tiles
/mnt/wangyh/TCGA_patches/L/a6679cb9-b463-49b3-a5b5-7e46a79d4b85
Done!
processing ---level 10X,tumor tiles
/mnt/wangyh/TCGA_patches/L/a6679cb9-b463-49b3-a5b5-7e46a79d4b85
Done!
processing ---level 20X,tumor tiles
/mnt/wangyh/TCGA_patches/L/a6679cb9-b463-49b3-a5b5-7e46a79d4b85
Done!
processing ---level 40X,tumor tiles
/mnt/wangyh/TCGA_patches/L/a6679cb9-b463-49b3-a5b5-7e46a79d4b85
Done!
All levels processed!!
processing ---level 5X,non-tumor tiles
/mnt/wangyh/TCGA_patches/L/a6679cb9-b463-49b3-a5b5-7e46a79d4b85
Done!
processing ---level 10X,non-tumor tiles
/mnt/wangyh/TCGA_patches/L/a6679cb9-b463-49b3-a5b5-7e46a79d4b85
Done!
processing ---level 20X,non-tumor tiles
/mnt/wangyh/TCGA_patches/L/a6679cb9-b463-49b3-a5b5-7e46a79d4b85
Done!
processing ---level 40X,non-tumor tiles
/mnt/wangyh/TCGA_patches/L/a6679cb9-b463-49b3-a5b5-7e46a79d4b85
Done!
All levels processed!!
Time consumed : 28.543319416046142 min
******0/39 remain unextract******
processing  18/39:------/mnt/wangyh/TCGA_svs/68fb5196-1a48-4619-9101-4d91054d8c9f/TCGA-FD-A5BZ-01Z-00-DX1.344B1F8F-3B3A-4D42-894E-27C5AE265F42.svs
masks groups includes :['tumor', 'artificial', 'necrosis', 'stroma']
processing ---level 5X,tumor tiles
/mnt/wangyh/TCGA_patches/L/49839b8d-742a-41da-81fe-bb0f610b6316
Done!
processing ---level 10X,tumor tiles
/mnt/wangyh/TCGA_patches/L/49839b8d-742a-41da-81fe-bb0f610b6316
Done!
processing ---level 20X,tumor tiles
/mnt/wangyh/TCGA_patches/L/49839b8d-742a-41da-81fe-bb0f610b6316
Done!
processing ---level 40X,tumor tiles
/mnt/wangyh/TCGA_patches/L/49839b8d-742a-41da-81fe-bb0f610b6316
Done!
All levels processed!!
processing ---level 5X,non-tumor tiles
/mnt/wangyh/TCGA_patches/L/49839b8d-742a-41da-81fe-bb0f610b6316
Done!
processing ---level 10X,non-tumor tiles
/mnt/wangyh/TCGA_patches/L/49839b8d-742a-41da-81fe-bb0f610b6316
Done!
processing ---level 20X,non-tumor tiles
/mnt/wangyh/TCGA_patches/L/49839b8d-742a-41da-81fe-bb0f610b6316
Done!
processing ---level 40X,non-tumor tiles
/mnt/wangyh/TCGA_patches/L/49839b8d-742a-41da-81fe-bb0f610b6316
Done!
All levels processed!!
Time consumed : 106.51460008621216 min
******0/39 remain unextract******
processing  19/39:------/mnt/wangyh/TCGA_svs/69ec4071-35cb-44f1-8105-03b934a0058a/TCGA-FD-A5C0-01Z-00-DX1.D11E8348-04DE-4934-B063-2E3F3AD8D110.svs
masks groups includes :['tumor', 'artificial', 'necrosis', 'stroma']
processing ---level 5X,tumor tiles
/mnt/wangyh/TCGA_patches/L/66119642-bd0f-4108-b80a-08a14de5a7d4
Done!
processing ---level 10X,tumor tiles
/mnt/wangyh/TCGA_patches/L/66119642-bd0f-4108-b80a-08a14de5a7d4
Done!
processing ---level 20X,tumor tiles
/mnt/wangyh/TCGA_patches/L/66119642-bd0f-4108-b80a-08a14de5a7d4
Done!
processing ---level 40X,tumor tiles
/mnt/wangyh/TCGA_patches/L/66119642-bd0f-4108-b80a-08a14de5a7d4
Done!
All levels processed!!
processing ---level 5X,non-tumor tiles
/mnt/wangyh/TCGA_patches/L/66119642-bd0f-4108-b80a-08a14de5a7d4
Done!
processing ---level 10X,non-tumor tiles
/mnt/wangyh/TCGA_patches/L/66119642-bd0f-4108-b80a-08a14de5a7d4
Done!
processing ---level 20X,non-tumor tiles
/mnt/wangyh/TCGA_patches/L/66119642-bd0f-4108-b80a-08a14de5a7d4
Done!
processing ---level 40X,non-tumor tiles
/mnt/wangyh/TCGA_patches/L/66119642-bd0f-4108-b80a-08a14de5a7d4
Done!
All levels processed!!
Time consumed : 158.34097467263538 min
******0/39 remain unextract******
processing  20/39:------/mnt/wangyh/TCGA_svs/62eda100-574d-49b8-8dc3-3f58fbdc38d4/TCGA-FD-A5C1-01Z-00-DX1.EAD87C49-A25C-4D37-AF27-E27F7016E065.svs
masks groups includes :['tumor', 'artificial', 'necrosis', 'stroma']
processing ---level 5X,tumor tiles
/mnt/wangyh/TCGA_patches/L/702ab1dd-5bf0-4cc9-b6ff-147d093d8d1c
Done!
processing ---level 10X,tumor tiles
/mnt/wangyh/TCGA_patches/L/702ab1dd-5bf0-4cc9-b6ff-147d093d8d1c
Done!
processing ---level 20X,tumor tiles
/mnt/wangyh/TCGA_patches/L/702ab1dd-5bf0-4cc9-b6ff-147d093d8d1c
Done!
processing ---level 40X,tumor tiles
/mnt/wangyh/TCGA_patches/L/702ab1dd-5bf0-4cc9-b6ff-147d093d8d1c
Done!
All levels processed!!
processing ---level 5X,non-tumor tiles
/mnt/wangyh/TCGA_patches/L/702ab1dd-5bf0-4cc9-b6ff-147d093d8d1c
Done!
processing ---level 10X,non-tumor tiles
/mnt/wangyh/TCGA_patches/L/702ab1dd-5bf0-4cc9-b6ff-147d093d8d1c
Done!
processing ---level 20X,non-tumor tiles
/mnt/wangyh/TCGA_patches/L/702ab1dd-5bf0-4cc9-b6ff-147d093d8d1c
Done!
processing ---level 40X,non-tumor tiles
/mnt/wangyh/TCGA_patches/L/702ab1dd-5bf0-4cc9-b6ff-147d093d8d1c
Done!
All levels processed!!
Time consumed : 115.6947207013766 min
******0/39 remain unextract******
processing  21/39:------/mnt/wangyh/TCGA_svs/40ebd187-030a-4e7c-ba5e-76a69ae555ce/TCGA-FD-A62N-01Z-00-DX1.204E48B7-51D1-49D7-88F3-4BD33A07146A.svs
masks groups includes :['tumor', 'artificial', 'necrosis', 'stroma']
processing ---level 5X,tumor tiles
/mnt/wangyh/TCGA_patches/L/e73a1081-4a74-483e-84ab-9b4a614a86fb
Done!
processing ---level 10X,tumor tiles
/mnt/wangyh/TCGA_patches/L/e73a1081-4a74-483e-84ab-9b4a614a86fb
Done!
processing ---level 20X,tumor tiles
/mnt/wangyh/TCGA_patches/L/e73a1081-4a74-483e-84ab-9b4a614a86fb
Done!
processing ---level 40X,tumor tiles
/mnt/wangyh/TCGA_patches/L/e73a1081-4a74-483e-84ab-9b4a614a86fb
Done!
All levels processed!!
processing ---level 5X,non-tumor tiles
/mnt/wangyh/TCGA_patches/L/e73a1081-4a74-483e-84ab-9b4a614a86fb
Done!
processing ---level 10X,non-tumor tiles
/mnt/wangyh/TCGA_patches/L/e73a1081-4a74-483e-84ab-9b4a614a86fb
Done!
processing ---level 20X,non-tumor tiles
/mnt/wangyh/TCGA_patches/L/e73a1081-4a74-483e-84ab-9b4a614a86fb
Done!
processing ---level 40X,non-tumor tiles
/mnt/wangyh/TCGA_patches/L/e73a1081-4a74-483e-84ab-9b4a614a86fb
Done!
All levels processed!!
Time consumed : 113.5519659558932 min
******0/39 remain unextract******
processing  22/39:------/mnt/wangyh/TCGA_svs/c02336c7-0a4d-4e4f-98cf-9d4fae455b2b/TCGA-FD-A62O-01Z-00-DX1.4DD5E512-EF71-498B-8C25-18F42D0E1F1F.svs
masks groups includes :['tumor', 'artificial', 'necrosis', 'stroma']
processing ---level 5X,tumor tiles
/mnt/wangyh/TCGA_patches/L/2d3b8809-ce5d-4843-ab97-4f5d40b8ec12
Done!
processing ---level 10X,tumor tiles
/mnt/wangyh/TCGA_patches/L/2d3b8809-ce5d-4843-ab97-4f5d40b8ec12
Done!
processing ---level 20X,tumor tiles
/mnt/wangyh/TCGA_patches/L/2d3b8809-ce5d-4843-ab97-4f5d40b8ec12
Done!
processing ---level 40X,tumor tiles
/mnt/wangyh/TCGA_patches/L/2d3b8809-ce5d-4843-ab97-4f5d40b8ec12
Done!
All levels processed!!
processing ---level 5X,non-tumor tiles
/mnt/wangyh/TCGA_patches/L/2d3b8809-ce5d-4843-ab97-4f5d40b8ec12
Done!
processing ---level 10X,non-tumor tiles
/mnt/wangyh/TCGA_patches/L/2d3b8809-ce5d-4843-ab97-4f5d40b8ec12
Done!
processing ---level 20X,non-tumor tiles
/mnt/wangyh/TCGA_patches/L/2d3b8809-ce5d-4843-ab97-4f5d40b8ec12
Done!
processing ---level 40X,non-tumor tiles
/mnt/wangyh/TCGA_patches/L/2d3b8809-ce5d-4843-ab97-4f5d40b8ec12
Done!
All levels processed!!
Time consumed : 80.18827312787374 min
******0/39 remain unextract******
processing  23/39:------/mnt/wangyh/TCGA_svs/a4db0ad7-d28c-4ae0-a59b-19afe959562e/TCGA-FD-A62P-01Z-00-DX1.56B14555-896E-420A-AE8B-4E2D35D87871.svs
masks groups includes :['tumor', 'artificial', 'stroma', 'necrosis']
processing ---level 5X,tumor tiles
/mnt/wangyh/TCGA_patches/L/8261c7c7-972b-4ad6-bdda-0762ee5c4907
Done!
processing ---level 10X,tumor tiles
/mnt/wangyh/TCGA_patches/L/8261c7c7-972b-4ad6-bdda-0762ee5c4907
Done!
processing ---level 20X,tumor tiles
/mnt/wangyh/TCGA_patches/L/8261c7c7-972b-4ad6-bdda-0762ee5c4907
Done!
processing ---level 40X,tumor tiles
/mnt/wangyh/TCGA_patches/L/8261c7c7-972b-4ad6-bdda-0762ee5c4907
Done!
All levels processed!!
processing ---level 5X,non-tumor tiles
/mnt/wangyh/TCGA_patches/L/8261c7c7-972b-4ad6-bdda-0762ee5c4907
Done!
processing ---level 10X,non-tumor tiles
/mnt/wangyh/TCGA_patches/L/8261c7c7-972b-4ad6-bdda-0762ee5c4907
Done!
processing ---level 20X,non-tumor tiles
/mnt/wangyh/TCGA_patches/L/8261c7c7-972b-4ad6-bdda-0762ee5c4907
Done!
processing ---level 40X,non-tumor tiles
/mnt/wangyh/TCGA_patches/L/8261c7c7-972b-4ad6-bdda-0762ee5c4907
Done!
All levels processed!!
Time consumed : 98.23324862718582 min
******0/39 remain unextract******
processing  24/39:------/mnt/wangyh/TCGA_svs/3c117774-3649-41dd-8531-3ec123819b45/TCGA-FD-A6TA-01Z-00-DX1.FC156A8A-B71C-46A3-B83F-99DB0FC41FC8.svs
masks groups includes :['tumor', 'necrosis', 'artificial', 'stroma']
processing ---level 5X,tumor tiles
/mnt/wangyh/TCGA_patches/L/80797b10-10fc-4b97-8eae-71de50f315e9
Done!
processing ---level 10X,tumor tiles
/mnt/wangyh/TCGA_patches/L/80797b10-10fc-4b97-8eae-71de50f315e9
Done!
processing ---level 20X,tumor tiles
/mnt/wangyh/TCGA_patches/L/80797b10-10fc-4b97-8eae-71de50f315e9
Done!
processing ---level 40X,tumor tiles
/mnt/wangyh/TCGA_patches/L/80797b10-10fc-4b97-8eae-71de50f315e9
Done!
All levels processed!!
processing ---level 5X,non-tumor tiles
/mnt/wangyh/TCGA_patches/L/80797b10-10fc-4b97-8eae-71de50f315e9
Done!
processing ---level 10X,non-tumor tiles
/mnt/wangyh/TCGA_patches/L/80797b10-10fc-4b97-8eae-71de50f315e9
Done!
processing ---level 20X,non-tumor tiles
/mnt/wangyh/TCGA_patches/L/80797b10-10fc-4b97-8eae-71de50f315e9
Done!
processing ---level 40X,non-tumor tiles
/mnt/wangyh/TCGA_patches/L/80797b10-10fc-4b97-8eae-71de50f315e9
Done!
All levels processed!!
Time consumed : 106.16910549799601 min
******0/39 remain unextract******
processing  25/39:------/mnt/wangyh/TCGA_svs/ca0a7ff1-a487-4927-a9f6-f69b6a238fd3/TCGA-FD-A6TB-01Z-00-DX1.CDCC077C-2DFE-4B04-A0D0-69E1CFE80AC5.svs
masks groups includes :['tumor', 'artificial', 'necrosis', 'stroma']
processing ---level 5X,tumor tiles
/mnt/wangyh/TCGA_patches/L/a70f2fd4-7516-4c3f-9683-5eb88bf794f7
Done!
processing ---level 10X,tumor tiles
/mnt/wangyh/TCGA_patches/L/a70f2fd4-7516-4c3f-9683-5eb88bf794f7
Done!
processing ---level 20X,tumor tiles
/mnt/wangyh/TCGA_patches/L/a70f2fd4-7516-4c3f-9683-5eb88bf794f7
Done!
processing ---level 40X,tumor tiles
/mnt/wangyh/TCGA_patches/L/a70f2fd4-7516-4c3f-9683-5eb88bf794f7
Done!
All levels processed!!
processing ---level 5X,non-tumor tiles
/mnt/wangyh/TCGA_patches/L/a70f2fd4-7516-4c3f-9683-5eb88bf794f7
Done!
processing ---level 10X,non-tumor tiles
/mnt/wangyh/TCGA_patches/L/a70f2fd4-7516-4c3f-9683-5eb88bf794f7
Done!
processing ---level 20X,non-tumor tiles
/mnt/wangyh/TCGA_patches/L/a70f2fd4-7516-4c3f-9683-5eb88bf794f7
Done!
processing ---level 40X,non-tumor tiles
/mnt/wangyh/TCGA_patches/L/a70f2fd4-7516-4c3f-9683-5eb88bf794f7
Done!
All levels processed!!
Time consumed : 83.37270708084107 min
******0/39 remain unextract******
processing  26/39:------/mnt/wangyh/TCGA_svs/b9370942-f58b-4ac0-b7cd-fd0369830aa2/TCGA-FD-A6TC-01Z-00-DX1.AC96EA62-D56E-4565-88E0-EBAEB8087C4F.svs
masks groups includes :['tumor', 'necrosis', 'artificial', 'stroma']
processing ---level 5X,tumor tiles
/mnt/wangyh/TCGA_patches/H/dcb80bf2-320b-4f9f-8905-9272dbf8a889
Done!
processing ---level 10X,tumor tiles
/mnt/wangyh/TCGA_patches/H/dcb80bf2-320b-4f9f-8905-9272dbf8a889
Done!
processing ---level 20X,tumor tiles
/mnt/wangyh/TCGA_patches/H/dcb80bf2-320b-4f9f-8905-9272dbf8a889
Done!
processing ---level 40X,tumor tiles
/mnt/wangyh/TCGA_patches/H/dcb80bf2-320b-4f9f-8905-9272dbf8a889
Done!
All levels processed!!
processing ---level 5X,non-tumor tiles
/mnt/wangyh/TCGA_patches/H/dcb80bf2-320b-4f9f-8905-9272dbf8a889
Done!
processing ---level 10X,non-tumor tiles
/mnt/wangyh/TCGA_patches/H/dcb80bf2-320b-4f9f-8905-9272dbf8a889
Done!
processing ---level 20X,non-tumor tiles
/mnt/wangyh/TCGA_patches/H/dcb80bf2-320b-4f9f-8905-9272dbf8a889
Done!
processing ---level 40X,non-tumor tiles
/mnt/wangyh/TCGA_patches/H/dcb80bf2-320b-4f9f-8905-9272dbf8a889
Done!
All levels processed!!
Time consumed : 216.70820344289143 min
******0/39 remain unextract******
processing  27/39:------/mnt/wangyh/TCGA_svs/01442178-dcb4-4cd9-b712-a353bb4c26e1/TCGA-FD-A6TD-01Z-00-DX1.836B03BC-CD19-437D-A925-9862BB08AB1D.svs
masks groups includes :['tumor', 'artificial', 'necrosis', 'stroma']
processing ---level 5X,tumor tiles
/mnt/wangyh/TCGA_patches/L/383812ea-a509-45a8-959d-782c45bac5b8
Done!
processing ---level 10X,tumor tiles
/mnt/wangyh/TCGA_patches/L/383812ea-a509-45a8-959d-782c45bac5b8
Done!
processing ---level 20X,tumor tiles
/mnt/wangyh/TCGA_patches/L/383812ea-a509-45a8-959d-782c45bac5b8
Done!
processing ---level 40X,tumor tiles
/mnt/wangyh/TCGA_patches/L/383812ea-a509-45a8-959d-782c45bac5b8
Done!
All levels processed!!
processing ---level 5X,non-tumor tiles
/mnt/wangyh/TCGA_patches/L/383812ea-a509-45a8-959d-782c45bac5b8
Done!
processing ---level 10X,non-tumor tiles
/mnt/wangyh/TCGA_patches/L/383812ea-a509-45a8-959d-782c45bac5b8
Done!
processing ---level 20X,non-tumor tiles
/mnt/wangyh/TCGA_patches/L/383812ea-a509-45a8-959d-782c45bac5b8
Done!
processing ---level 40X,non-tumor tiles
/mnt/wangyh/TCGA_patches/L/383812ea-a509-45a8-959d-782c45bac5b8
Done!
All levels processed!!
Time consumed : 131.0521050254504 min
******0/39 remain unextract******
processing  28/39:------/mnt/wangyh/TCGA_svs/4ff908e6-5a63-4af9-b96d-abcab1b86f66/TCGA-FD-A6TE-01Z-00-DX1.1CD738A0-1D6D-461B-9322-21F77CC3D167.svs
masks groups includes :['tumor', 'artificial', 'necrosis', 'stroma']
processing ---level 5X,tumor tiles
/mnt/wangyh/TCGA_patches/L/4f4fb3ea-56bb-4dcf-bd16-72833b9a18c8
Done!
processing ---level 10X,tumor tiles
/mnt/wangyh/TCGA_patches/L/4f4fb3ea-56bb-4dcf-bd16-72833b9a18c8
Done!
processing ---level 20X,tumor tiles
/mnt/wangyh/TCGA_patches/L/4f4fb3ea-56bb-4dcf-bd16-72833b9a18c8
Done!
processing ---level 40X,tumor tiles
/mnt/wangyh/TCGA_patches/L/4f4fb3ea-56bb-4dcf-bd16-72833b9a18c8
Done!
All levels processed!!
processing ---level 5X,non-tumor tiles
/mnt/wangyh/TCGA_patches/L/4f4fb3ea-56bb-4dcf-bd16-72833b9a18c8
Done!
processing ---level 10X,non-tumor tiles
/mnt/wangyh/TCGA_patches/L/4f4fb3ea-56bb-4dcf-bd16-72833b9a18c8
Done!
processing ---level 20X,non-tumor tiles
/mnt/wangyh/TCGA_patches/L/4f4fb3ea-56bb-4dcf-bd16-72833b9a18c8
Done!
processing ---level 40X,non-tumor tiles
/mnt/wangyh/TCGA_patches/L/4f4fb3ea-56bb-4dcf-bd16-72833b9a18c8
Done!
All levels processed!!
Time consumed : 51.71657517751058 min
******0/39 remain unextract******
processing  29/39:------/mnt/wangyh/TCGA_svs/8425a8ec-8f9c-40c4-a8e4-17134a3b3d37/TCGA-FD-A6TF-01Z-00-DX1.15B2C3E0-A0D7-4879-82B1-6C9AB09AF8E2.svs
masks groups includes :['tumor', 'necrosis', 'artificial', 'stroma']
processing ---level 5X,tumor tiles
/mnt/wangyh/TCGA_patches/L/638e30db-305d-45e1-a8ec-05d125f72c0b
Done!
processing ---level 10X,tumor tiles
/mnt/wangyh/TCGA_patches/L/638e30db-305d-45e1-a8ec-05d125f72c0b
Done!
processing ---level 20X,tumor tiles
/mnt/wangyh/TCGA_patches/L/638e30db-305d-45e1-a8ec-05d125f72c0b
Done!
processing ---level 40X,tumor tiles
/mnt/wangyh/TCGA_patches/L/638e30db-305d-45e1-a8ec-05d125f72c0b
Done!
All levels processed!!
processing ---level 5X,non-tumor tiles
/mnt/wangyh/TCGA_patches/L/638e30db-305d-45e1-a8ec-05d125f72c0b
Done!
processing ---level 10X,non-tumor tiles
/mnt/wangyh/TCGA_patches/L/638e30db-305d-45e1-a8ec-05d125f72c0b
Done!
processing ---level 20X,non-tumor tiles
/mnt/wangyh/TCGA_patches/L/638e30db-305d-45e1-a8ec-05d125f72c0b
Done!
processing ---level 40X,non-tumor tiles
/mnt/wangyh/TCGA_patches/L/638e30db-305d-45e1-a8ec-05d125f72c0b
Done!
All levels processed!!
Time consumed : 77.07456186612447 min
******0/39 remain unextract******
processing  30/39:------/mnt/wangyh/TCGA_svs/474e93f2-2ee8-478d-9a87-ab561286535f/TCGA-FD-A6TG-01Z-00-DX1.C49D520E-3589-4623-9BBE-9676BAC83A8F.svs
something is wrong when parsing
ERROR! This annotation file does not exist.
processing  31/39:------/mnt/wangyh/TCGA_svs/784a074b-cb4d-40d0-abf1-2870296046b8/TCGA-FD-A6TH-01Z-00-DX1.1791761E-876F-4AAB-A0B1-272A37A41E3A.svs
masks groups includes :['tumor', 'artificial', 'necrosis', 'stroma']
processing ---level 5X,tumor tiles
/mnt/wangyh/TCGA_patches/L/f7006cc5-8462-4c5b-ba2d-7a5593547c8d
Done!
processing ---level 10X,tumor tiles
/mnt/wangyh/TCGA_patches/L/f7006cc5-8462-4c5b-ba2d-7a5593547c8d
Done!
processing ---level 20X,tumor tiles
/mnt/wangyh/TCGA_patches/L/f7006cc5-8462-4c5b-ba2d-7a5593547c8d
Done!
processing ---level 40X,tumor tiles
/mnt/wangyh/TCGA_patches/L/f7006cc5-8462-4c5b-ba2d-7a5593547c8d
Done!
All levels processed!!
processing ---level 5X,non-tumor tiles
/mnt/wangyh/TCGA_patches/L/f7006cc5-8462-4c5b-ba2d-7a5593547c8d
Done!
processing ---level 10X,non-tumor tiles
/mnt/wangyh/TCGA_patches/L/f7006cc5-8462-4c5b-ba2d-7a5593547c8d
Done!
processing ---level 20X,non-tumor tiles
/mnt/wangyh/TCGA_patches/L/f7006cc5-8462-4c5b-ba2d-7a5593547c8d
Done!
processing ---level 40X,non-tumor tiles
/mnt/wangyh/TCGA_patches/L/f7006cc5-8462-4c5b-ba2d-7a5593547c8d
Done!
All levels processed!!
Time consumed : 92.86918584505717 min
******0/39 remain unextract******
processing  32/39:------/mnt/wangyh/TCGA_svs/54ccdd03-c424-4e25-9671-1ed18e095821/TCGA-FD-A6TI-01Z-00-DX1.A451F82D-983B-4646-BFC6-E40A66F2B9C8.svs
masks groups includes :['tumor', 'necrosis', 'artificial', 'stroma']
processing ---level 5X,tumor tiles
/mnt/wangyh/TCGA_patches/L/e133ed95-c177-41ab-a71f-ad5460ea52b8
Done!
processing ---level 10X,tumor tiles
/mnt/wangyh/TCGA_patches/L/e133ed95-c177-41ab-a71f-ad5460ea52b8
Done!
processing ---level 20X,tumor tiles
/mnt/wangyh/TCGA_patches/L/e133ed95-c177-41ab-a71f-ad5460ea52b8
Done!
processing ---level 40X,tumor tiles
/mnt/wangyh/TCGA_patches/L/e133ed95-c177-41ab-a71f-ad5460ea52b8
Done!
All levels processed!!
processing ---level 5X,non-tumor tiles
/mnt/wangyh/TCGA_patches/L/e133ed95-c177-41ab-a71f-ad5460ea52b8
Done!
processing ---level 10X,non-tumor tiles
/mnt/wangyh/TCGA_patches/L/e133ed95-c177-41ab-a71f-ad5460ea52b8
Done!
processing ---level 20X,non-tumor tiles
/mnt/wangyh/TCGA_patches/L/e133ed95-c177-41ab-a71f-ad5460ea52b8
Done!
processing ---level 40X,non-tumor tiles
/mnt/wangyh/TCGA_patches/L/e133ed95-c177-41ab-a71f-ad5460ea52b8
Done!
All levels processed!!
Time consumed : 114.79206080039343 min
******0/39 remain unextract******
processing  33/39:------/mnt/wangyh/TCGA_svs/9fd49386-9ab6-4b7f-aeb4-e9a289ea53ce/TCGA-FD-A6TK-01Z-00-DX1.B685DA87-72A6-4C38-8AA1-40B6E543383C.svs
masks groups includes :['tumor', 'artificial', 'necrosis', 'stroma']
processing ---level 5X,tumor tiles
/mnt/wangyh/TCGA_patches/L/bb1acd98-e82a-42be-93d0-99bfb95d1c8d
Done!
processing ---level 10X,tumor tiles
/mnt/wangyh/TCGA_patches/L/bb1acd98-e82a-42be-93d0-99bfb95d1c8d
Done!
processing ---level 20X,tumor tiles
/mnt/wangyh/TCGA_patches/L/bb1acd98-e82a-42be-93d0-99bfb95d1c8d
Done!
processing ---level 40X,tumor tiles
/mnt/wangyh/TCGA_patches/L/bb1acd98-e82a-42be-93d0-99bfb95d1c8d
Done!
All levels processed!!
processing ---level 5X,non-tumor tiles
/mnt/wangyh/TCGA_patches/L/bb1acd98-e82a-42be-93d0-99bfb95d1c8d
Done!
processing ---level 10X,non-tumor tiles
/mnt/wangyh/TCGA_patches/L/bb1acd98-e82a-42be-93d0-99bfb95d1c8d
Done!
processing ---level 20X,non-tumor tiles
/mnt/wangyh/TCGA_patches/L/bb1acd98-e82a-42be-93d0-99bfb95d1c8d
Done!
processing ---level 40X,non-tumor tiles
/mnt/wangyh/TCGA_patches/L/bb1acd98-e82a-42be-93d0-99bfb95d1c8d
Done!
All levels processed!!
Time consumed : 84.2702464501063 min
******0/39 remain unextract******
processing  34/39:------/mnt/wangyh/TCGA_svs/0656b32c-0e05-4b85-96b4-8a28d15da81b/TCGA-FJ-A3Z7-01Z-00-DX1.B36BF723-0E71-4FA9-A915-823634B91EA9.svs
masks groups includes :['tumor', 'artificial', 'necrosis', 'stroma']
processing ---level 5X,tumor tiles
/mnt/wangyh/TCGA_patches/L/76715a6d-d1e1-4780-9d52-a79625b00217
Done!
processing ---level 10X,tumor tiles
/mnt/wangyh/TCGA_patches/L/76715a6d-d1e1-4780-9d52-a79625b00217
Done!
processing ---level 20X,tumor tiles
/mnt/wangyh/TCGA_patches/L/76715a6d-d1e1-4780-9d52-a79625b00217
Done!
processing ---level 40X,tumor tiles
/mnt/wangyh/TCGA_patches/L/76715a6d-d1e1-4780-9d52-a79625b00217
Done!
All levels processed!!
processing ---level 5X,non-tumor tiles
/mnt/wangyh/TCGA_patches/L/76715a6d-d1e1-4780-9d52-a79625b00217
Done!
processing ---level 10X,non-tumor tiles
/mnt/wangyh/TCGA_patches/L/76715a6d-d1e1-4780-9d52-a79625b00217
Done!
processing ---level 20X,non-tumor tiles
/mnt/wangyh/TCGA_patches/L/76715a6d-d1e1-4780-9d52-a79625b00217
Done!
processing ---level 40X,non-tumor tiles
/mnt/wangyh/TCGA_patches/L/76715a6d-d1e1-4780-9d52-a79625b00217
Done!
All levels processed!!
Time consumed : 88.59275388320287 min
******0/39 remain unextract******
processing  35/39:------/mnt/wangyh/TCGA_svs/b59f78d8-3f96-475f-b685-4932fd976177/TCGA-FJ-A3Z7-01Z-00-DX2.C4531060-32B7-4472-8B6D-3E4477810B9F.svs
masks groups includes :['tumor', 'artificial', 'necrosis', 'stroma']
processing ---level 5X,tumor tiles
/mnt/wangyh/TCGA_patches/L/2ad01582-9313-4252-9cc8-1fcd0195e11f
Done!
processing ---level 10X,tumor tiles
/mnt/wangyh/TCGA_patches/L/2ad01582-9313-4252-9cc8-1fcd0195e11f
Done!
processing ---level 20X,tumor tiles
/mnt/wangyh/TCGA_patches/L/2ad01582-9313-4252-9cc8-1fcd0195e11f
Done!
processing ---level 40X,tumor tiles
/mnt/wangyh/TCGA_patches/L/2ad01582-9313-4252-9cc8-1fcd0195e11f
Done!
All levels processed!!
processing ---level 5X,non-tumor tiles
/mnt/wangyh/TCGA_patches/L/2ad01582-9313-4252-9cc8-1fcd0195e11f
Done!
processing ---level 10X,non-tumor tiles
/mnt/wangyh/TCGA_patches/L/2ad01582-9313-4252-9cc8-1fcd0195e11f
Done!
processing ---level 20X,non-tumor tiles
/mnt/wangyh/TCGA_patches/L/2ad01582-9313-4252-9cc8-1fcd0195e11f
Done!
processing ---level 40X,non-tumor tiles
/mnt/wangyh/TCGA_patches/L/2ad01582-9313-4252-9cc8-1fcd0195e11f
Done!
All levels processed!!
Time consumed : 83.5689870874087 min
******0/39 remain unextract******
processing  36/39:------/mnt/wangyh/TCGA_svs/3bf47d5d-c183-4934-9c61-62991a2c2bd7/TCGA-FJ-A3Z7-01Z-00-DX3.6709359F-68F9-4B02-B793-359B83F26372.svs
masks groups includes :['tumor', 'artificial', 'necrosis', 'stroma']
processing ---level 5X,tumor tiles
/mnt/wangyh/TCGA_patches/L/8021356d-5af7-4084-bcaf-a82a47b0dc61
Done!
processing ---level 10X,tumor tiles
/mnt/wangyh/TCGA_patches/L/8021356d-5af7-4084-bcaf-a82a47b0dc61
Done!
processing ---level 20X,tumor tiles
/mnt/wangyh/TCGA_patches/L/8021356d-5af7-4084-bcaf-a82a47b0dc61
Done!
processing ---level 40X,tumor tiles
/mnt/wangyh/TCGA_patches/L/8021356d-5af7-4084-bcaf-a82a47b0dc61
Done!
All levels processed!!
processing ---level 5X,non-tumor tiles
/mnt/wangyh/TCGA_patches/L/8021356d-5af7-4084-bcaf-a82a47b0dc61
Done!
processing ---level 10X,non-tumor tiles
/mnt/wangyh/TCGA_patches/L/8021356d-5af7-4084-bcaf-a82a47b0dc61
Done!
processing ---level 20X,non-tumor tiles
/mnt/wangyh/TCGA_patches/L/8021356d-5af7-4084-bcaf-a82a47b0dc61
Done!
processing ---level 40X,non-tumor tiles
/mnt/wangyh/TCGA_patches/L/8021356d-5af7-4084-bcaf-a82a47b0dc61
Done!
All levels processed!!
Time consumed : 146.67462609608967 min
******0/39 remain unextract******
processing  37/39:------/mnt/wangyh/TCGA_svs/28de5ceb-ba67-484a-b20d-1b9a129483f8/TCGA-FJ-A3Z7-01Z-00-DX4.7DDE20DA-894A-4751-A7C0-D5740CB30DD9.svs
masks groups includes :['tumor', 'artificial', 'necrosis', 'stroma']
processing ---level 5X,tumor tiles
/mnt/wangyh/TCGA_patches/L/aec6ae3a-375a-430a-9411-cd1129d5eca6
Done!
processing ---level 10X,tumor tiles
/mnt/wangyh/TCGA_patches/L/aec6ae3a-375a-430a-9411-cd1129d5eca6
Done!
processing ---level 20X,tumor tiles
/mnt/wangyh/TCGA_patches/L/aec6ae3a-375a-430a-9411-cd1129d5eca6
Done!
processing ---level 40X,tumor tiles
/mnt/wangyh/TCGA_patches/L/aec6ae3a-375a-430a-9411-cd1129d5eca6
Done!
All levels processed!!
processing ---level 5X,non-tumor tiles
/mnt/wangyh/TCGA_patches/L/aec6ae3a-375a-430a-9411-cd1129d5eca6
Done!
processing ---level 10X,non-tumor tiles
/mnt/wangyh/TCGA_patches/L/aec6ae3a-375a-430a-9411-cd1129d5eca6
Done!
processing ---level 20X,non-tumor tiles
/mnt/wangyh/TCGA_patches/L/aec6ae3a-375a-430a-9411-cd1129d5eca6
Done!
processing ---level 40X,non-tumor tiles
/mnt/wangyh/TCGA_patches/L/aec6ae3a-375a-430a-9411-cd1129d5eca6
Done!
All levels processed!!
Time consumed : 104.62258731524149 min
******0/39 remain unextract******
processing  38/39:------/mnt/wangyh/TCGA_svs/0e320c09-bd9c-445b-b4bc-c272c2f15704/TCGA-FJ-A3Z7-01Z-00-DX5.B0ABE3C5-94EC-4650-9698-0D4C57291267.svs
masks groups includes :['tumor', 'artificial', 'necrosis', 'stroma']
processing ---level 5X,tumor tiles
/mnt/wangyh/TCGA_patches/L/962d3290-06dc-4368-a432-5ae171304722
Done!
processing ---level 10X,tumor tiles
/mnt/wangyh/TCGA_patches/L/962d3290-06dc-4368-a432-5ae171304722
Done!
processing ---level 20X,tumor tiles
/mnt/wangyh/TCGA_patches/L/962d3290-06dc-4368-a432-5ae171304722
Done!
processing ---level 40X,tumor tiles
/mnt/wangyh/TCGA_patches/L/962d3290-06dc-4368-a432-5ae171304722
Done!
All levels processed!!
processing ---level 5X,non-tumor tiles
/mnt/wangyh/TCGA_patches/L/962d3290-06dc-4368-a432-5ae171304722
Done!
processing ---level 10X,non-tumor tiles
/mnt/wangyh/TCGA_patches/L/962d3290-06dc-4368-a432-5ae171304722
Done!
processing ---level 20X,non-tumor tiles
/mnt/wangyh/TCGA_patches/L/962d3290-06dc-4368-a432-5ae171304722
Done!
processing ---level 40X,non-tumor tiles
/mnt/wangyh/TCGA_patches/L/962d3290-06dc-4368-a432-5ae171304722
Done!
All levels processed!!
Time consumed : 92.29578731060028 min
******0/39 remain unextract******
processing  39/39:------/mnt/wangyh/TCGA_svs/1b5b9f8c-8266-4a31-8ac7-fac30e5a5502/TCGA-FJ-A3Z7-01Z-00-DX6.28B723F7-1035-4DC2-8DB1-87F08166A9FA.svs
masks groups includes :['tumor', 'artificial', 'necrosis', 'stroma']
processing ---level 5X,tumor tiles
/mnt/wangyh/TCGA_patches/L/f4ca3ddd-dc53-4ab0-b55b-942603b64e57
Done!
processing ---level 10X,tumor tiles
/mnt/wangyh/TCGA_patches/L/f4ca3ddd-dc53-4ab0-b55b-942603b64e57
Done!
processing ---level 20X,tumor tiles
/mnt/wangyh/TCGA_patches/L/f4ca3ddd-dc53-4ab0-b55b-942603b64e57
Done!
processing ---level 40X,tumor tiles
/mnt/wangyh/TCGA_patches/L/f4ca3ddd-dc53-4ab0-b55b-942603b64e57
Done!
All levels processed!!
processing ---level 5X,non-tumor tiles
/mnt/wangyh/TCGA_patches/L/f4ca3ddd-dc53-4ab0-b55b-942603b64e57
Done!
processing ---level 10X,non-tumor tiles
/mnt/wangyh/TCGA_patches/L/f4ca3ddd-dc53-4ab0-b55b-942603b64e57
Done!
processing ---level 20X,non-tumor tiles
/mnt/wangyh/TCGA_patches/L/f4ca3ddd-dc53-4ab0-b55b-942603b64e57
Done!
processing ---level 40X,non-tumor tiles
/mnt/wangyh/TCGA_patches/L/f4ca3ddd-dc53-4ab0-b55b-942603b64e57
Done!
All levels processed!!
Time consumed : 116.29334671497345 min
******0/39 remain unextract******
