processing  1/39:------/mnt/wangyh/TCGA_svs/4460b6fb-b183-4822-b449-f8c7f163f880/TCGA-GC-A6I1-01Z-00-DX1.2AD569EC-372B-4B72-A222-924091ADEE99.svs
extract_patches.py:86: DeprecationWarning: `np.float` is a deprecated alias for the builtin `float`. To silence this warning, use `float` by itself. Doing this will not modify any behavior and is safe. If you specifically wanted the numpy scalar type, use `np.float64` here.
Deprecated in NumPy 1.20; for more details and guidance: https://numpy.org/devdocs/release/1.20.0-notes.html#deprecations
  x = np.float(coord.attrib["X"])
extract_patches.py:87: DeprecationWarning: `np.float` is a deprecated alias for the builtin `float`. To silence this warning, use `float` by itself. Doing this will not modify any behavior and is safe. If you specifically wanted the numpy scalar type, use `np.float64` here.
Deprecated in NumPy 1.20; for more details and guidance: https://numpy.org/devdocs/release/1.20.0-notes.html#deprecations
  y = np.float(coord.attrib["Y"])
extract_patches.py:120: VisibleDeprecationWarning: Creating an ndarray from ragged nested sequences (which is a list-or-tuple of lists-or-tuples-or ndarrays with different lengths or shapes) is deprecated. If you meant to do this, you must specify 'dtype=object' when creating the ndarray.
  contours = np.array(mask_coords[cls])
masks groups includes :['tumor', 'artificial', 'necrosis', 'stroma']
processing ---level 5X,tumor tiles
/mnt/wangyh/TCGA_patches/L/d2e43ec6-5027-4f2c-932b-28a681da7cd9
Done!
processing ---level 10X,tumor tiles
/mnt/wangyh/TCGA_patches/L/d2e43ec6-5027-4f2c-932b-28a681da7cd9
Done!
processing ---level 20X,tumor tiles
/mnt/wangyh/TCGA_patches/L/d2e43ec6-5027-4f2c-932b-28a681da7cd9
Done!
processing ---level 40X,tumor tiles
/mnt/wangyh/TCGA_patches/L/d2e43ec6-5027-4f2c-932b-28a681da7cd9
Done!
All levels processed!!
processing ---level 5X,non-tumor tiles
/mnt/wangyh/TCGA_patches/L/d2e43ec6-5027-4f2c-932b-28a681da7cd9
Done!
processing ---level 10X,non-tumor tiles
/mnt/wangyh/TCGA_patches/L/d2e43ec6-5027-4f2c-932b-28a681da7cd9
Done!
processing ---level 20X,non-tumor tiles
/mnt/wangyh/TCGA_patches/L/d2e43ec6-5027-4f2c-932b-28a681da7cd9
Done!
processing ---level 40X,non-tumor tiles
/mnt/wangyh/TCGA_patches/L/d2e43ec6-5027-4f2c-932b-28a681da7cd9
Done!
All levels processed!!
Time consumed : 4.8575168212254844 min
******0/39 remain unextract******
processing  2/39:------/mnt/wangyh/TCGA_svs/6c741780-9e05-470e-9f31-4787b99738b3/TCGA-GC-A6I3-01Z-00-DX1.1B3D09B9-14FB-4236-9354-3E5CC59354A7.svs
masks groups includes :['tumor', 'artificial', 'necrosis', 'stroma']
processing ---level 5X,tumor tiles
/mnt/wangyh/TCGA_patches/L/bff29d20-3a8f-4a5d-a2de-0e142390551d
Done!
processing ---level 10X,tumor tiles
/mnt/wangyh/TCGA_patches/L/bff29d20-3a8f-4a5d-a2de-0e142390551d
Done!
processing ---level 20X,tumor tiles
/mnt/wangyh/TCGA_patches/L/bff29d20-3a8f-4a5d-a2de-0e142390551d
Done!
processing ---level 40X,tumor tiles
/mnt/wangyh/TCGA_patches/L/bff29d20-3a8f-4a5d-a2de-0e142390551d
Done!
All levels processed!!
processing ---level 5X,non-tumor tiles
/mnt/wangyh/TCGA_patches/L/bff29d20-3a8f-4a5d-a2de-0e142390551d
Done!
processing ---level 10X,non-tumor tiles
/mnt/wangyh/TCGA_patches/L/bff29d20-3a8f-4a5d-a2de-0e142390551d
Done!
processing ---level 20X,non-tumor tiles
/mnt/wangyh/TCGA_patches/L/bff29d20-3a8f-4a5d-a2de-0e142390551d
Done!
processing ---level 40X,non-tumor tiles
/mnt/wangyh/TCGA_patches/L/bff29d20-3a8f-4a5d-a2de-0e142390551d
Done!
All levels processed!!
Time consumed : 9.390238686402638 min
******0/39 remain unextract******
processing  3/39:------/mnt/wangyh/TCGA_svs/28ebbb69-6d0c-43aa-af53-19d268eaf6bd/TCGA-GD-A2C5-01Z-00-DX1.3A81505E-5BF9-466C-938B-28909CD88193.svs
masks groups includes :['tumor', 'artificial', 'necrosis', 'stroma']
processing ---level 5X,tumor tiles
/mnt/wangyh/TCGA_patches/L/edcf4ae6-c985-40ad-aff4-a0ce31b46aeb
Done!
processing ---level 10X,tumor tiles
/mnt/wangyh/TCGA_patches/L/edcf4ae6-c985-40ad-aff4-a0ce31b46aeb
Done!
processing ---level 20X,tumor tiles
/mnt/wangyh/TCGA_patches/L/edcf4ae6-c985-40ad-aff4-a0ce31b46aeb
Done!
processing ---level 40X,tumor tiles
/mnt/wangyh/TCGA_patches/L/edcf4ae6-c985-40ad-aff4-a0ce31b46aeb
Done!
All levels processed!!
processing ---level 5X,non-tumor tiles
/mnt/wangyh/TCGA_patches/L/edcf4ae6-c985-40ad-aff4-a0ce31b46aeb
Done!
processing ---level 10X,non-tumor tiles
/mnt/wangyh/TCGA_patches/L/edcf4ae6-c985-40ad-aff4-a0ce31b46aeb
Done!
processing ---level 20X,non-tumor tiles
/mnt/wangyh/TCGA_patches/L/edcf4ae6-c985-40ad-aff4-a0ce31b46aeb
Done!
processing ---level 40X,non-tumor tiles
/mnt/wangyh/TCGA_patches/L/edcf4ae6-c985-40ad-aff4-a0ce31b46aeb
Done!
All levels processed!!
Time consumed : 20.47256746292114 min
******0/39 remain unextract******
processing  4/39:------/mnt/wangyh/TCGA_svs/6b29de8a-5434-49f0-9f2c-c2fc4ff0b82b/TCGA-GD-A3OP-01Z-00-DX1.A1D66E35-8E4D-4420-AD57-D45016D016D5.svs
masks groups includes :['tumor', 'artificial', 'necrosis', 'stroma']
processing ---level 5X,tumor tiles
/mnt/wangyh/TCGA_patches/L/e20c2176-2b57-4cc9-a68a-eb6933bf60b1
Done!
processing ---level 10X,tumor tiles
/mnt/wangyh/TCGA_patches/L/e20c2176-2b57-4cc9-a68a-eb6933bf60b1
Done!
processing ---level 20X,tumor tiles
/mnt/wangyh/TCGA_patches/L/e20c2176-2b57-4cc9-a68a-eb6933bf60b1
Done!
processing ---level 40X,tumor tiles
/mnt/wangyh/TCGA_patches/L/e20c2176-2b57-4cc9-a68a-eb6933bf60b1
Done!
All levels processed!!
processing ---level 5X,non-tumor tiles
/mnt/wangyh/TCGA_patches/L/e20c2176-2b57-4cc9-a68a-eb6933bf60b1
Done!
processing ---level 10X,non-tumor tiles
/mnt/wangyh/TCGA_patches/L/e20c2176-2b57-4cc9-a68a-eb6933bf60b1
Done!
processing ---level 20X,non-tumor tiles
/mnt/wangyh/TCGA_patches/L/e20c2176-2b57-4cc9-a68a-eb6933bf60b1
Done!
processing ---level 40X,non-tumor tiles
/mnt/wangyh/TCGA_patches/L/e20c2176-2b57-4cc9-a68a-eb6933bf60b1
Done!
All levels processed!!
Time consumed : 77.16103339989981 min
******0/39 remain unextract******
processing  5/39:------/mnt/wangyh/TCGA_svs/032cf95b-7b58-4e3a-ba90-8badde0c7b84/TCGA-GD-A3OQ-01Z-00-DX1.ED8C9F09-57A9-4915-950A-A61FE2FE8538.svs
masks groups includes :['tumor', 'artificial', 'necrosis', 'stroma']
processing ---level 5X,tumor tiles
/mnt/wangyh/TCGA_patches/L/a085fe18-1709-417a-a779-fe69f5964766
Done!
processing ---level 10X,tumor tiles
/mnt/wangyh/TCGA_patches/L/a085fe18-1709-417a-a779-fe69f5964766
Done!
processing ---level 20X,tumor tiles
/mnt/wangyh/TCGA_patches/L/a085fe18-1709-417a-a779-fe69f5964766
Done!
processing ---level 40X,tumor tiles
/mnt/wangyh/TCGA_patches/L/a085fe18-1709-417a-a779-fe69f5964766
Done!
All levels processed!!
processing ---level 5X,non-tumor tiles
/mnt/wangyh/TCGA_patches/L/a085fe18-1709-417a-a779-fe69f5964766
Done!
processing ---level 10X,non-tumor tiles
/mnt/wangyh/TCGA_patches/L/a085fe18-1709-417a-a779-fe69f5964766
Done!
processing ---level 20X,non-tumor tiles
/mnt/wangyh/TCGA_patches/L/a085fe18-1709-417a-a779-fe69f5964766
Done!
processing ---level 40X,non-tumor tiles
/mnt/wangyh/TCGA_patches/L/a085fe18-1709-417a-a779-fe69f5964766
Done!
All levels processed!!
Time consumed : 22.82672273317973 min
******0/39 remain unextract******
processing  6/39:------/mnt/wangyh/TCGA_svs/4aa2e296-0bbc-4d28-ba54-7a2cd6bf3196/TCGA-GD-A3OS-01Z-00-DX1.5EA796F4-E7F3-4421-BDEA-522BED020B5B.svs
masks groups includes :['tumor', 'artificial', 'necrosis', 'stroma']
processing ---level 5X,tumor tiles
/mnt/wangyh/TCGA_patches/L/70e383bf-91cb-4a65-b12a-950f365c4d62
Done!
processing ---level 10X,tumor tiles
/mnt/wangyh/TCGA_patches/L/70e383bf-91cb-4a65-b12a-950f365c4d62
Done!
processing ---level 20X,tumor tiles
/mnt/wangyh/TCGA_patches/L/70e383bf-91cb-4a65-b12a-950f365c4d62
Done!
processing ---level 40X,tumor tiles
/mnt/wangyh/TCGA_patches/L/70e383bf-91cb-4a65-b12a-950f365c4d62
Done!
All levels processed!!
processing ---level 5X,non-tumor tiles
/mnt/wangyh/TCGA_patches/L/70e383bf-91cb-4a65-b12a-950f365c4d62
Done!
processing ---level 10X,non-tumor tiles
/mnt/wangyh/TCGA_patches/L/70e383bf-91cb-4a65-b12a-950f365c4d62
Done!
processing ---level 20X,non-tumor tiles
/mnt/wangyh/TCGA_patches/L/70e383bf-91cb-4a65-b12a-950f365c4d62
Done!
processing ---level 40X,non-tumor tiles
/mnt/wangyh/TCGA_patches/L/70e383bf-91cb-4a65-b12a-950f365c4d62
Done!
All levels processed!!
Time consumed : 46.407699433962506 min
******0/39 remain unextract******
processing  7/39:------/mnt/wangyh/TCGA_svs/c24249a5-5c1a-492b-a8c1-291fcb80b42d/TCGA-GD-A6C6-01Z-00-DX1.5C5F2FA2-6284-4DD8-BE73-D13A88988640.svs
masks groups includes :['tumor', 'artificial', 'necrosis', 'stroma']
processing ---level 5X,tumor tiles
/mnt/wangyh/TCGA_patches/L/790d96d7-1191-4cf7-9c78-3e879723afd8
Done!
processing ---level 10X,tumor tiles
/mnt/wangyh/TCGA_patches/L/790d96d7-1191-4cf7-9c78-3e879723afd8
Done!
processing ---level 20X,tumor tiles
/mnt/wangyh/TCGA_patches/L/790d96d7-1191-4cf7-9c78-3e879723afd8
Done!
processing ---level 40X,tumor tiles
/mnt/wangyh/TCGA_patches/L/790d96d7-1191-4cf7-9c78-3e879723afd8
Done!
All levels processed!!
processing ---level 5X,non-tumor tiles
/mnt/wangyh/TCGA_patches/L/790d96d7-1191-4cf7-9c78-3e879723afd8
Done!
processing ---level 10X,non-tumor tiles
/mnt/wangyh/TCGA_patches/L/790d96d7-1191-4cf7-9c78-3e879723afd8
Done!
processing ---level 20X,non-tumor tiles
/mnt/wangyh/TCGA_patches/L/790d96d7-1191-4cf7-9c78-3e879723afd8
Done!
processing ---level 40X,non-tumor tiles
/mnt/wangyh/TCGA_patches/L/790d96d7-1191-4cf7-9c78-3e879723afd8
Done!
All levels processed!!
Time consumed : 31.285482136408486 min
******0/39 remain unextract******
processing  8/39:------/mnt/wangyh/TCGA_svs/963a3870-33f9-4c96-8eac-ecd641c254bf/TCGA-GU-A42P-01Z-00-DX2.3A4A8614-693F-452C-BB2C-AD16D5AC6F12.svs
masks groups includes :['necrosis', 'tumor', 'artificial', 'stroma']
processing ---level 5X,tumor tiles
/mnt/wangyh/TCGA_patches/L/741d4359-8615-4783-98ab-0f04bb10c52c
Done!
processing ---level 10X,tumor tiles
/mnt/wangyh/TCGA_patches/L/741d4359-8615-4783-98ab-0f04bb10c52c
Done!
processing ---level 20X,tumor tiles
/mnt/wangyh/TCGA_patches/L/741d4359-8615-4783-98ab-0f04bb10c52c
Done!
processing ---level 40X,tumor tiles
/mnt/wangyh/TCGA_patches/L/741d4359-8615-4783-98ab-0f04bb10c52c
Done!
All levels processed!!
processing ---level 5X,non-tumor tiles
/mnt/wangyh/TCGA_patches/L/741d4359-8615-4783-98ab-0f04bb10c52c
Done!
processing ---level 10X,non-tumor tiles
/mnt/wangyh/TCGA_patches/L/741d4359-8615-4783-98ab-0f04bb10c52c
Done!
processing ---level 20X,non-tumor tiles
/mnt/wangyh/TCGA_patches/L/741d4359-8615-4783-98ab-0f04bb10c52c
Done!
processing ---level 40X,non-tumor tiles
/mnt/wangyh/TCGA_patches/L/741d4359-8615-4783-98ab-0f04bb10c52c
Done!
All levels processed!!
Time consumed : 46.20217860539754 min
******0/39 remain unextract******
processing  9/39:------/mnt/wangyh/TCGA_svs/d04836e6-0e71-4f70-ab7b-773ef3d0b017/TCGA-GU-A42Q-01Z-00-DX1.91D8B0D2-538F-4411-9B3C-0E1FAE1A0606.svs
masks groups includes :['tumor', 'artificial', 'necrosis', 'stroma']
processing ---level 5X,tumor tiles
/mnt/wangyh/TCGA_patches/L/cf1884cf-8262-45b4-841a-e1ef212c0a3a
Done!
processing ---level 10X,tumor tiles
/mnt/wangyh/TCGA_patches/L/cf1884cf-8262-45b4-841a-e1ef212c0a3a
Done!
processing ---level 20X,tumor tiles
/mnt/wangyh/TCGA_patches/L/cf1884cf-8262-45b4-841a-e1ef212c0a3a
Done!
processing ---level 40X,tumor tiles
/mnt/wangyh/TCGA_patches/L/cf1884cf-8262-45b4-841a-e1ef212c0a3a
Done!
All levels processed!!
processing ---level 5X,non-tumor tiles
/mnt/wangyh/TCGA_patches/L/cf1884cf-8262-45b4-841a-e1ef212c0a3a
Done!
processing ---level 10X,non-tumor tiles
/mnt/wangyh/TCGA_patches/L/cf1884cf-8262-45b4-841a-e1ef212c0a3a
Done!
processing ---level 20X,non-tumor tiles
/mnt/wangyh/TCGA_patches/L/cf1884cf-8262-45b4-841a-e1ef212c0a3a
Done!
processing ---level 40X,non-tumor tiles
/mnt/wangyh/TCGA_patches/L/cf1884cf-8262-45b4-841a-e1ef212c0a3a
Done!
All levels processed!!
Time consumed : 53.24600596030553 min
******0/39 remain unextract******
processing  10/39:------/mnt/wangyh/TCGA_svs/ec8696f3-a103-45fc-9f8e-18a54a7bad45/TCGA-GU-A42Q-01Z-00-DX2.91D8B0D2-538F-4411-9B3C-0E1FAE1A0606.svs
masks groups includes :['tumor', 'artificial', 'necrosis', 'stroma']
processing ---level 5X,tumor tiles
/mnt/wangyh/TCGA_patches/L/a29135be-c1a9-4402-b7a5-47cc8172a5ad
Done!
processing ---level 10X,tumor tiles
/mnt/wangyh/TCGA_patches/L/a29135be-c1a9-4402-b7a5-47cc8172a5ad
Done!
processing ---level 20X,tumor tiles
/mnt/wangyh/TCGA_patches/L/a29135be-c1a9-4402-b7a5-47cc8172a5ad
Done!
processing ---level 40X,tumor tiles
/mnt/wangyh/TCGA_patches/L/a29135be-c1a9-4402-b7a5-47cc8172a5ad
Done!
All levels processed!!
processing ---level 5X,non-tumor tiles
/mnt/wangyh/TCGA_patches/L/a29135be-c1a9-4402-b7a5-47cc8172a5ad
Done!
processing ---level 10X,non-tumor tiles
/mnt/wangyh/TCGA_patches/L/a29135be-c1a9-4402-b7a5-47cc8172a5ad
Done!
processing ---level 20X,non-tumor tiles
/mnt/wangyh/TCGA_patches/L/a29135be-c1a9-4402-b7a5-47cc8172a5ad
Done!
processing ---level 40X,non-tumor tiles
/mnt/wangyh/TCGA_patches/L/a29135be-c1a9-4402-b7a5-47cc8172a5ad
Done!
All levels processed!!
Time consumed : 72.65371203025182 min
******0/39 remain unextract******
processing  11/39:------/mnt/wangyh/TCGA_svs/007a342d-6d2d-472b-afd6-2978c3e588a2/TCGA-GU-A762-01Z-00-DX1.F01B133E-3744-4430-9752-FDD25EEF58A3.svs
masks groups includes :['tumor', 'artificial', 'necrosis', 'stroma']
processing ---level 5X,tumor tiles
/mnt/wangyh/TCGA_patches/L/0f5b4de3-f7ed-4439-bf2d-621d0af6a2a3
Done!
processing ---level 10X,tumor tiles
/mnt/wangyh/TCGA_patches/L/0f5b4de3-f7ed-4439-bf2d-621d0af6a2a3
Done!
processing ---level 20X,tumor tiles
/mnt/wangyh/TCGA_patches/L/0f5b4de3-f7ed-4439-bf2d-621d0af6a2a3
Done!
processing ---level 40X,tumor tiles
/mnt/wangyh/TCGA_patches/L/0f5b4de3-f7ed-4439-bf2d-621d0af6a2a3
Done!
All levels processed!!
processing ---level 5X,non-tumor tiles
/mnt/wangyh/TCGA_patches/L/0f5b4de3-f7ed-4439-bf2d-621d0af6a2a3
Done!
processing ---level 10X,non-tumor tiles
/mnt/wangyh/TCGA_patches/L/0f5b4de3-f7ed-4439-bf2d-621d0af6a2a3
Done!
processing ---level 20X,non-tumor tiles
/mnt/wangyh/TCGA_patches/L/0f5b4de3-f7ed-4439-bf2d-621d0af6a2a3
Done!
processing ---level 40X,non-tumor tiles
/mnt/wangyh/TCGA_patches/L/0f5b4de3-f7ed-4439-bf2d-621d0af6a2a3
Done!
All levels processed!!
Time consumed : 43.70067669947942 min
******0/39 remain unextract******
processing  12/39:------/mnt/wangyh/TCGA_svs/012f9e9a-787a-4f85-8b1f-297e8bf2431d/TCGA-GU-A763-01Z-00-DX1.2B511825-320B-48D7-B8D6-D97894C02667.svs
masks groups includes :['tumor', 'artificial', 'necrosis', 'stroma']
processing ---level 5X,tumor tiles
/mnt/wangyh/TCGA_patches/L/fe9ee61c-f3cb-4d98-8bd4-dde12859a181
Done!
processing ---level 10X,tumor tiles
/mnt/wangyh/TCGA_patches/L/fe9ee61c-f3cb-4d98-8bd4-dde12859a181
Done!
processing ---level 20X,tumor tiles
/mnt/wangyh/TCGA_patches/L/fe9ee61c-f3cb-4d98-8bd4-dde12859a181
Done!
processing ---level 40X,tumor tiles
/mnt/wangyh/TCGA_patches/L/fe9ee61c-f3cb-4d98-8bd4-dde12859a181
Done!
All levels processed!!
processing ---level 5X,non-tumor tiles
/mnt/wangyh/TCGA_patches/L/fe9ee61c-f3cb-4d98-8bd4-dde12859a181
Done!
processing ---level 10X,non-tumor tiles
/mnt/wangyh/TCGA_patches/L/fe9ee61c-f3cb-4d98-8bd4-dde12859a181
Done!
processing ---level 20X,non-tumor tiles
/mnt/wangyh/TCGA_patches/L/fe9ee61c-f3cb-4d98-8bd4-dde12859a181
Done!
processing ---level 40X,non-tumor tiles
/mnt/wangyh/TCGA_patches/L/fe9ee61c-f3cb-4d98-8bd4-dde12859a181
Done!
All levels processed!!
Time consumed : 29.56821585893631 min
******0/39 remain unextract******
processing  13/39:------/mnt/wangyh/TCGA_svs/00f14e1f-ede0-4969-b86b-7dcb298d31ad/TCGA-GU-A764-01Z-00-DX1.213E1BDD-33DE-454E-BE79-940E5D793D42.svs
masks groups includes :['tumor', 'artificial', 'necrosis', 'stroma']
processing ---level 5X,tumor tiles
/mnt/wangyh/TCGA_patches/L/636589bf-d553-44b0-bebc-d75c308fb351
Done!
processing ---level 10X,tumor tiles
/mnt/wangyh/TCGA_patches/L/636589bf-d553-44b0-bebc-d75c308fb351
Done!
processing ---level 20X,tumor tiles
/mnt/wangyh/TCGA_patches/L/636589bf-d553-44b0-bebc-d75c308fb351
Done!
processing ---level 40X,tumor tiles
/mnt/wangyh/TCGA_patches/L/636589bf-d553-44b0-bebc-d75c308fb351
Done!
All levels processed!!
processing ---level 5X,non-tumor tiles
/mnt/wangyh/TCGA_patches/L/636589bf-d553-44b0-bebc-d75c308fb351
Done!
processing ---level 10X,non-tumor tiles
/mnt/wangyh/TCGA_patches/L/636589bf-d553-44b0-bebc-d75c308fb351
Done!
processing ---level 20X,non-tumor tiles
/mnt/wangyh/TCGA_patches/L/636589bf-d553-44b0-bebc-d75c308fb351
Done!
processing ---level 40X,non-tumor tiles
/mnt/wangyh/TCGA_patches/L/636589bf-d553-44b0-bebc-d75c308fb351
Done!
All levels processed!!
Time consumed : 19.14837253888448 min
******0/39 remain unextract******
processing  14/39:------/mnt/wangyh/TCGA_svs/9cf7130c-f381-45df-ae0a-c14017637537/TCGA-GU-A766-01Z-00-DX1.72BD6744-E817-4B15-BF58-64BDBC1943FF.svs
masks groups includes :['tumor', 'artificial', 'necrosis', 'stroma']
processing ---level 5X,tumor tiles
/mnt/wangyh/TCGA_patches/L/1fa739c1-75f2-433b-91c7-f743bdf0fce0
Done!
processing ---level 10X,tumor tiles
/mnt/wangyh/TCGA_patches/L/1fa739c1-75f2-433b-91c7-f743bdf0fce0
Done!
processing ---level 20X,tumor tiles
/mnt/wangyh/TCGA_patches/L/1fa739c1-75f2-433b-91c7-f743bdf0fce0
Done!
processing ---level 40X,tumor tiles
/mnt/wangyh/TCGA_patches/L/1fa739c1-75f2-433b-91c7-f743bdf0fce0
Done!
All levels processed!!
processing ---level 5X,non-tumor tiles
/mnt/wangyh/TCGA_patches/L/1fa739c1-75f2-433b-91c7-f743bdf0fce0
Done!
processing ---level 10X,non-tumor tiles
/mnt/wangyh/TCGA_patches/L/1fa739c1-75f2-433b-91c7-f743bdf0fce0
Done!
processing ---level 20X,non-tumor tiles
/mnt/wangyh/TCGA_patches/L/1fa739c1-75f2-433b-91c7-f743bdf0fce0
Done!
processing ---level 40X,non-tumor tiles
/mnt/wangyh/TCGA_patches/L/1fa739c1-75f2-433b-91c7-f743bdf0fce0
Done!
All levels processed!!
Time consumed : 65.02722618977229 min
******0/39 remain unextract******
processing  15/39:------/mnt/wangyh/TCGA_svs/3015b9b8-c7d3-4e35-8c69-e4d521f880b1/TCGA-GU-A767-01Z-00-DX1.A8B13490-D25A-45E1-A2D8-02125DB3A6B2.svs
masks groups includes :['tumor', 'artificial', 'necrosis', 'stroma']
processing ---level 5X,tumor tiles
/mnt/wangyh/TCGA_patches/H/d1becbe5-78d6-46f1-952f-f66796856883
Done!
processing ---level 10X,tumor tiles
/mnt/wangyh/TCGA_patches/H/d1becbe5-78d6-46f1-952f-f66796856883
Done!
processing ---level 20X,tumor tiles
/mnt/wangyh/TCGA_patches/H/d1becbe5-78d6-46f1-952f-f66796856883
Done!
processing ---level 40X,tumor tiles
/mnt/wangyh/TCGA_patches/H/d1becbe5-78d6-46f1-952f-f66796856883
Done!
All levels processed!!
processing ---level 5X,non-tumor tiles
/mnt/wangyh/TCGA_patches/H/d1becbe5-78d6-46f1-952f-f66796856883
Done!
processing ---level 10X,non-tumor tiles
/mnt/wangyh/TCGA_patches/H/d1becbe5-78d6-46f1-952f-f66796856883
Done!
processing ---level 20X,non-tumor tiles
/mnt/wangyh/TCGA_patches/H/d1becbe5-78d6-46f1-952f-f66796856883
Done!
processing ---level 40X,non-tumor tiles
/mnt/wangyh/TCGA_patches/H/d1becbe5-78d6-46f1-952f-f66796856883
Done!
All levels processed!!
Time consumed : 128.6755822300911 min
******0/39 remain unextract******
processing  16/39:------/mnt/wangyh/TCGA_svs/86ba814c-a4b2-4b2f-9173-af6de7eaa36a/TCGA-GU-AATO-01Z-00-DX1.1F0F2098-E4DF-4AA3-819E-E0DE23C5A0BE.svs
masks groups includes :['tumor', 'artificial', 'necrosis', 'stroma']
processing ---level 5X,tumor tiles
/mnt/wangyh/TCGA_patches/L/57e5981d-94c6-4a4c-bb93-b3fff877b495
Done!
processing ---level 10X,tumor tiles
/mnt/wangyh/TCGA_patches/L/57e5981d-94c6-4a4c-bb93-b3fff877b495
Done!
processing ---level 20X,tumor tiles
/mnt/wangyh/TCGA_patches/L/57e5981d-94c6-4a4c-bb93-b3fff877b495
Done!
processing ---level 40X,tumor tiles
/mnt/wangyh/TCGA_patches/L/57e5981d-94c6-4a4c-bb93-b3fff877b495
Done!
All levels processed!!
processing ---level 5X,non-tumor tiles
/mnt/wangyh/TCGA_patches/L/57e5981d-94c6-4a4c-bb93-b3fff877b495
Done!
processing ---level 10X,non-tumor tiles
/mnt/wangyh/TCGA_patches/L/57e5981d-94c6-4a4c-bb93-b3fff877b495
Done!
processing ---level 20X,non-tumor tiles
/mnt/wangyh/TCGA_patches/L/57e5981d-94c6-4a4c-bb93-b3fff877b495
Done!
processing ---level 40X,non-tumor tiles
/mnt/wangyh/TCGA_patches/L/57e5981d-94c6-4a4c-bb93-b3fff877b495
Done!
All levels processed!!
Time consumed : 162.128480553627 min
******0/39 remain unextract******
processing  17/39:------/mnt/wangyh/TCGA_svs/bbf670ba-1c44-4dcc-bc43-98cb5dde3a58/TCGA-GU-AATP-01Z-00-DX1.0D8EC37C-88E7-49D5-A76D-F0A4A3FD8AE4.svs
masks groups includes :['tumor', 'artificial', 'necrosis', 'stroma']
processing ---level 5X,tumor tiles
/mnt/wangyh/TCGA_patches/L/a6679cb9-b463-49b3-a5b5-7e46a79d4b85
Done!
processing ---level 10X,tumor tiles
/mnt/wangyh/TCGA_patches/L/a6679cb9-b463-49b3-a5b5-7e46a79d4b85
Done!
processing ---level 20X,tumor tiles
/mnt/wangyh/TCGA_patches/L/a6679cb9-b463-49b3-a5b5-7e46a79d4b85
Done!
processing ---level 40X,tumor tiles
/mnt/wangyh/TCGA_patches/L/a6679cb9-b463-49b3-a5b5-7e46a79d4b85
Done!
All levels processed!!
processing ---level 5X,non-tumor tiles
/mnt/wangyh/TCGA_patches/L/a6679cb9-b463-49b3-a5b5-7e46a79d4b85
Done!
processing ---level 10X,non-tumor tiles
/mnt/wangyh/TCGA_patches/L/a6679cb9-b463-49b3-a5b5-7e46a79d4b85
Done!
processing ---level 20X,non-tumor tiles
/mnt/wangyh/TCGA_patches/L/a6679cb9-b463-49b3-a5b5-7e46a79d4b85
Done!
processing ---level 40X,non-tumor tiles
/mnt/wangyh/TCGA_patches/L/a6679cb9-b463-49b3-a5b5-7e46a79d4b85
Done!
All levels processed!!
Time consumed : 103.30994939009348 min
******0/39 remain unextract******
processing  18/39:------/mnt/wangyh/TCGA_svs/5b1f9818-efa9-4333-a1db-e35c356d10c6/TCGA-GU-AATQ-01Z-00-DX1.6D436809-1238-44CA-9CFC-03DC2277C192.svs
masks groups includes :['tumor', 'artificial', 'necrosis', 'stroma']
processing ---level 5X,tumor tiles
/mnt/wangyh/TCGA_patches/L/49839b8d-742a-41da-81fe-bb0f610b6316
Done!
processing ---level 10X,tumor tiles
/mnt/wangyh/TCGA_patches/L/49839b8d-742a-41da-81fe-bb0f610b6316
Done!
processing ---level 20X,tumor tiles
/mnt/wangyh/TCGA_patches/L/49839b8d-742a-41da-81fe-bb0f610b6316
Done!
processing ---level 40X,tumor tiles
/mnt/wangyh/TCGA_patches/L/49839b8d-742a-41da-81fe-bb0f610b6316
Done!
All levels processed!!
processing ---level 5X,non-tumor tiles
/mnt/wangyh/TCGA_patches/L/49839b8d-742a-41da-81fe-bb0f610b6316
Done!
processing ---level 10X,non-tumor tiles
/mnt/wangyh/TCGA_patches/L/49839b8d-742a-41da-81fe-bb0f610b6316
Done!
processing ---level 20X,non-tumor tiles
/mnt/wangyh/TCGA_patches/L/49839b8d-742a-41da-81fe-bb0f610b6316
Done!
processing ---level 40X,non-tumor tiles
/mnt/wangyh/TCGA_patches/L/49839b8d-742a-41da-81fe-bb0f610b6316
Done!
All levels processed!!
Time consumed : 193.54499957164128 min
******0/39 remain unextract******
processing  19/39:------/mnt/wangyh/TCGA_svs/c7b43e27-0370-47f7-ad48-3959d0337f50/TCGA-GV-A3JV-01Z-00-DX1.F071374F-1290-4A36-9466-D6F1F3EBC17E.svs
masks groups includes :['tumor', 'necrosis', 'artificial', 'stroma']
processing ---level 5X,tumor tiles
/mnt/wangyh/TCGA_patches/L/66119642-bd0f-4108-b80a-08a14de5a7d4
Done!
processing ---level 10X,tumor tiles
/mnt/wangyh/TCGA_patches/L/66119642-bd0f-4108-b80a-08a14de5a7d4
Done!
processing ---level 20X,tumor tiles
/mnt/wangyh/TCGA_patches/L/66119642-bd0f-4108-b80a-08a14de5a7d4
Done!
processing ---level 40X,tumor tiles
/mnt/wangyh/TCGA_patches/L/66119642-bd0f-4108-b80a-08a14de5a7d4
Done!
All levels processed!!
processing ---level 5X,non-tumor tiles
/mnt/wangyh/TCGA_patches/L/66119642-bd0f-4108-b80a-08a14de5a7d4
Done!
processing ---level 10X,non-tumor tiles
/mnt/wangyh/TCGA_patches/L/66119642-bd0f-4108-b80a-08a14de5a7d4
Done!
processing ---level 20X,non-tumor tiles
/mnt/wangyh/TCGA_patches/L/66119642-bd0f-4108-b80a-08a14de5a7d4
Done!
processing ---level 40X,non-tumor tiles
/mnt/wangyh/TCGA_patches/L/66119642-bd0f-4108-b80a-08a14de5a7d4
Done!
All levels processed!!
Time consumed : 156.01602445046106 min
******0/39 remain unextract******
processing  20/39:------/mnt/wangyh/TCGA_svs/9d404614-bf77-44cb-af2b-3d9340b9424c/TCGA-GV-A3JX-01Z-00-DX1.36A00B8A-662D-43EE-AB52-CBBBF373BCFF.svs
masks groups includes :['tumor', 'artificial', 'necrosis', 'stroma']
processing ---level 5X,tumor tiles
/mnt/wangyh/TCGA_patches/L/702ab1dd-5bf0-4cc9-b6ff-147d093d8d1c
Done!
processing ---level 10X,tumor tiles
/mnt/wangyh/TCGA_patches/L/702ab1dd-5bf0-4cc9-b6ff-147d093d8d1c
Done!
processing ---level 20X,tumor tiles
/mnt/wangyh/TCGA_patches/L/702ab1dd-5bf0-4cc9-b6ff-147d093d8d1c
Done!
processing ---level 40X,tumor tiles
/mnt/wangyh/TCGA_patches/L/702ab1dd-5bf0-4cc9-b6ff-147d093d8d1c
Done!
All levels processed!!
processing ---level 5X,non-tumor tiles
/mnt/wangyh/TCGA_patches/L/702ab1dd-5bf0-4cc9-b6ff-147d093d8d1c
Done!
processing ---level 10X,non-tumor tiles
/mnt/wangyh/TCGA_patches/L/702ab1dd-5bf0-4cc9-b6ff-147d093d8d1c
Done!
processing ---level 20X,non-tumor tiles
/mnt/wangyh/TCGA_patches/L/702ab1dd-5bf0-4cc9-b6ff-147d093d8d1c
Done!
processing ---level 40X,non-tumor tiles
/mnt/wangyh/TCGA_patches/L/702ab1dd-5bf0-4cc9-b6ff-147d093d8d1c
Done!
All levels processed!!
Time consumed : 80.7987072666486 min
******0/39 remain unextract******
processing  21/39:------/mnt/wangyh/TCGA_svs/7643e107-be69-49c7-a77d-1910f576c477/TCGA-GV-A3JZ-01Z-00-DX1.5DFDE227-D52D-481F-A8D8-28DF25096BD9.svs
masks groups includes :['tumor', 'artificial', 'necrosis', 'stroma']
processing ---level 5X,tumor tiles
/mnt/wangyh/TCGA_patches/H/e73a1081-4a74-483e-84ab-9b4a614a86fb
Done!
processing ---level 10X,tumor tiles
/mnt/wangyh/TCGA_patches/H/e73a1081-4a74-483e-84ab-9b4a614a86fb
Done!
processing ---level 20X,tumor tiles
/mnt/wangyh/TCGA_patches/H/e73a1081-4a74-483e-84ab-9b4a614a86fb
Done!
processing ---level 40X,tumor tiles
/mnt/wangyh/TCGA_patches/H/e73a1081-4a74-483e-84ab-9b4a614a86fb
Done!
All levels processed!!
processing ---level 5X,non-tumor tiles
/mnt/wangyh/TCGA_patches/H/e73a1081-4a74-483e-84ab-9b4a614a86fb
Done!
processing ---level 10X,non-tumor tiles
/mnt/wangyh/TCGA_patches/H/e73a1081-4a74-483e-84ab-9b4a614a86fb
Done!
processing ---level 20X,non-tumor tiles
/mnt/wangyh/TCGA_patches/H/e73a1081-4a74-483e-84ab-9b4a614a86fb
Done!
processing ---level 40X,non-tumor tiles
/mnt/wangyh/TCGA_patches/H/e73a1081-4a74-483e-84ab-9b4a614a86fb
Done!
All levels processed!!
Time consumed : 211.19421004454296 min
******0/39 remain unextract******
processing  22/39:------/mnt/wangyh/TCGA_svs/99adc1d5-dd49-4050-a9ba-8077f6856bf1/TCGA-GV-A3QF-01Z-00-DX1.C59696CF-C415-46AD-B6D6-70A022AC10FA.svs
masks groups includes :['tumor', 'artificial', 'necrosis', 'stroma']
processing ---level 5X,tumor tiles
/mnt/wangyh/TCGA_patches/L/2d3b8809-ce5d-4843-ab97-4f5d40b8ec12
Done!
processing ---level 10X,tumor tiles
/mnt/wangyh/TCGA_patches/L/2d3b8809-ce5d-4843-ab97-4f5d40b8ec12
Done!
processing ---level 20X,tumor tiles
/mnt/wangyh/TCGA_patches/L/2d3b8809-ce5d-4843-ab97-4f5d40b8ec12
Done!
processing ---level 40X,tumor tiles
/mnt/wangyh/TCGA_patches/L/2d3b8809-ce5d-4843-ab97-4f5d40b8ec12
Done!
All levels processed!!
processing ---level 5X,non-tumor tiles
/mnt/wangyh/TCGA_patches/L/2d3b8809-ce5d-4843-ab97-4f5d40b8ec12
Done!
processing ---level 10X,non-tumor tiles
/mnt/wangyh/TCGA_patches/L/2d3b8809-ce5d-4843-ab97-4f5d40b8ec12
Done!
processing ---level 20X,non-tumor tiles
/mnt/wangyh/TCGA_patches/L/2d3b8809-ce5d-4843-ab97-4f5d40b8ec12
Done!
processing ---level 40X,non-tumor tiles
/mnt/wangyh/TCGA_patches/L/2d3b8809-ce5d-4843-ab97-4f5d40b8ec12
Done!
All levels processed!!
Time consumed : 75.81111582914988 min
******0/39 remain unextract******
processing  23/39:------/mnt/wangyh/TCGA_svs/86024128-cae6-4424-9fcd-b484aa5e7777/TCGA-GV-A3QG-01Z-00-DX1.4A550B20-2A4C-48E5-BFE2-6EBBC59E4041.svs
masks groups includes :['tumor', 'artificial', 'necrosis', 'stroma']
processing ---level 5X,tumor tiles
/mnt/wangyh/TCGA_patches/L/8261c7c7-972b-4ad6-bdda-0762ee5c4907
Done!
processing ---level 10X,tumor tiles
/mnt/wangyh/TCGA_patches/L/8261c7c7-972b-4ad6-bdda-0762ee5c4907
Done!
processing ---level 20X,tumor tiles
/mnt/wangyh/TCGA_patches/L/8261c7c7-972b-4ad6-bdda-0762ee5c4907
Done!
processing ---level 40X,tumor tiles
/mnt/wangyh/TCGA_patches/L/8261c7c7-972b-4ad6-bdda-0762ee5c4907
Done!
All levels processed!!
processing ---level 5X,non-tumor tiles
/mnt/wangyh/TCGA_patches/L/8261c7c7-972b-4ad6-bdda-0762ee5c4907
Done!
processing ---level 10X,non-tumor tiles
/mnt/wangyh/TCGA_patches/L/8261c7c7-972b-4ad6-bdda-0762ee5c4907
Done!
processing ---level 20X,non-tumor tiles
/mnt/wangyh/TCGA_patches/L/8261c7c7-972b-4ad6-bdda-0762ee5c4907
Done!
processing ---level 40X,non-tumor tiles
/mnt/wangyh/TCGA_patches/L/8261c7c7-972b-4ad6-bdda-0762ee5c4907
Done!
All levels processed!!
Time consumed : 54.290696346759795 min
******0/39 remain unextract******
processing  24/39:------/mnt/wangyh/TCGA_svs/071f81b2-504f-4b36-9c81-b24e82364669/TCGA-GV-A3QI-01Z-00-DX1.0B9889AC-06C7-405F-B300-D93EB0F19D9A.svs
masks groups includes :['tumor', 'stroma', 'artificial', 'necrosis']
processing ---level 5X,tumor tiles
/mnt/wangyh/TCGA_patches/H/80797b10-10fc-4b97-8eae-71de50f315e9
Done!
processing ---level 10X,tumor tiles
/mnt/wangyh/TCGA_patches/H/80797b10-10fc-4b97-8eae-71de50f315e9
Done!
processing ---level 20X,tumor tiles
/mnt/wangyh/TCGA_patches/H/80797b10-10fc-4b97-8eae-71de50f315e9
Done!
processing ---level 40X,tumor tiles
/mnt/wangyh/TCGA_patches/H/80797b10-10fc-4b97-8eae-71de50f315e9
Done!
All levels processed!!
processing ---level 5X,non-tumor tiles
/mnt/wangyh/TCGA_patches/H/80797b10-10fc-4b97-8eae-71de50f315e9
Done!
processing ---level 10X,non-tumor tiles
/mnt/wangyh/TCGA_patches/H/80797b10-10fc-4b97-8eae-71de50f315e9
Done!
processing ---level 20X,non-tumor tiles
/mnt/wangyh/TCGA_patches/H/80797b10-10fc-4b97-8eae-71de50f315e9
Done!
processing ---level 40X,non-tumor tiles
/mnt/wangyh/TCGA_patches/H/80797b10-10fc-4b97-8eae-71de50f315e9
Done!
All levels processed!!
Time consumed : 146.54386244217554 min
******0/39 remain unextract******
processing  25/39:------/mnt/wangyh/TCGA_svs/94d2ba2b-55c8-45ed-822b-6c8af3d2c129/TCGA-GV-A3QK-01Z-00-DX1.DACDDD23-0DD8-44EC-9FE2-945ADEA8AC43.svs
masks groups includes :['tumor', 'artificial', 'necrosis', 'stroma']
processing ---level 5X,tumor tiles
/mnt/wangyh/TCGA_patches/L/a70f2fd4-7516-4c3f-9683-5eb88bf794f7
Done!
processing ---level 10X,tumor tiles
/mnt/wangyh/TCGA_patches/L/a70f2fd4-7516-4c3f-9683-5eb88bf794f7
Done!
processing ---level 20X,tumor tiles
/mnt/wangyh/TCGA_patches/L/a70f2fd4-7516-4c3f-9683-5eb88bf794f7
Done!
processing ---level 40X,tumor tiles
/mnt/wangyh/TCGA_patches/L/a70f2fd4-7516-4c3f-9683-5eb88bf794f7
Done!
All levels processed!!
processing ---level 5X,non-tumor tiles
/mnt/wangyh/TCGA_patches/L/a70f2fd4-7516-4c3f-9683-5eb88bf794f7
Done!
processing ---level 10X,non-tumor tiles
/mnt/wangyh/TCGA_patches/L/a70f2fd4-7516-4c3f-9683-5eb88bf794f7
Done!
processing ---level 20X,non-tumor tiles
/mnt/wangyh/TCGA_patches/L/a70f2fd4-7516-4c3f-9683-5eb88bf794f7
Done!
processing ---level 40X,non-tumor tiles
/mnt/wangyh/TCGA_patches/L/a70f2fd4-7516-4c3f-9683-5eb88bf794f7
Done!
All levels processed!!
Time consumed : 67.77382431427638 min
******0/39 remain unextract******
processing  26/39:------/mnt/wangyh/TCGA_svs/24790043-229c-4158-8fb8-c26da3ffa38a/TCGA-GV-A40G-01Z-00-DX1.AD1A709F-A10C-4E69-B4ED-6361777361FD.svs
masks groups includes :['tumor', 'artificial', 'necrosis', 'stroma']
processing ---level 5X,tumor tiles
/mnt/wangyh/TCGA_patches/L/dcb80bf2-320b-4f9f-8905-9272dbf8a889
Done!
processing ---level 10X,tumor tiles
/mnt/wangyh/TCGA_patches/L/dcb80bf2-320b-4f9f-8905-9272dbf8a889
Done!
processing ---level 20X,tumor tiles
/mnt/wangyh/TCGA_patches/L/dcb80bf2-320b-4f9f-8905-9272dbf8a889
Done!
processing ---level 40X,tumor tiles
/mnt/wangyh/TCGA_patches/L/dcb80bf2-320b-4f9f-8905-9272dbf8a889
Done!
All levels processed!!
processing ---level 5X,non-tumor tiles
/mnt/wangyh/TCGA_patches/L/dcb80bf2-320b-4f9f-8905-9272dbf8a889
Done!
processing ---level 10X,non-tumor tiles
/mnt/wangyh/TCGA_patches/L/dcb80bf2-320b-4f9f-8905-9272dbf8a889
Done!
processing ---level 20X,non-tumor tiles
/mnt/wangyh/TCGA_patches/L/dcb80bf2-320b-4f9f-8905-9272dbf8a889
Done!
processing ---level 40X,non-tumor tiles
/mnt/wangyh/TCGA_patches/L/dcb80bf2-320b-4f9f-8905-9272dbf8a889
Done!
All levels processed!!
Time consumed : 69.03567225933075 min
******0/39 remain unextract******
processing  27/39:------/mnt/wangyh/TCGA_svs/d9b643d9-005d-4e00-b10f-b392067d4318/TCGA-GV-A6ZA-01Z-00-DX1.6EBD225D-5EE2-4F0A-BC07-1EF5CEBFE25A.svs
masks groups includes :['tumor', 'artificial', 'necrosis', 'stroma']
processing ---level 5X,tumor tiles
/mnt/wangyh/TCGA_patches/L/383812ea-a509-45a8-959d-782c45bac5b8
Done!
processing ---level 10X,tumor tiles
/mnt/wangyh/TCGA_patches/L/383812ea-a509-45a8-959d-782c45bac5b8
Done!
processing ---level 20X,tumor tiles
/mnt/wangyh/TCGA_patches/L/383812ea-a509-45a8-959d-782c45bac5b8
Done!
processing ---level 40X,tumor tiles
/mnt/wangyh/TCGA_patches/L/383812ea-a509-45a8-959d-782c45bac5b8
Done!
All levels processed!!
processing ---level 5X,non-tumor tiles
/mnt/wangyh/TCGA_patches/L/383812ea-a509-45a8-959d-782c45bac5b8
Done!
processing ---level 10X,non-tumor tiles
/mnt/wangyh/TCGA_patches/L/383812ea-a509-45a8-959d-782c45bac5b8
Done!
processing ---level 20X,non-tumor tiles
/mnt/wangyh/TCGA_patches/L/383812ea-a509-45a8-959d-782c45bac5b8
Done!
processing ---level 40X,non-tumor tiles
/mnt/wangyh/TCGA_patches/L/383812ea-a509-45a8-959d-782c45bac5b8
Done!
All levels processed!!
Time consumed : 79.61145137151082 min
******0/39 remain unextract******
processing  28/39:------/mnt/wangyh/TCGA_svs/e2f437f1-abd6-462f-a829-f23213640d8e/TCGA-H4-A2HO-01Z-00-DX1.37FB76BF-EA5F-430D-89A4-8789ECACC5DB.svs
masks groups includes :['tumor', 'artificial', 'necrosis', 'stroma']
processing ---level 5X,tumor tiles
/mnt/wangyh/TCGA_patches/L/4f4fb3ea-56bb-4dcf-bd16-72833b9a18c8
Done!
processing ---level 10X,tumor tiles
/mnt/wangyh/TCGA_patches/L/4f4fb3ea-56bb-4dcf-bd16-72833b9a18c8
Done!
processing ---level 20X,tumor tiles
/mnt/wangyh/TCGA_patches/L/4f4fb3ea-56bb-4dcf-bd16-72833b9a18c8
Done!
processing ---level 40X,tumor tiles
/mnt/wangyh/TCGA_patches/L/4f4fb3ea-56bb-4dcf-bd16-72833b9a18c8
Done!
All levels processed!!
processing ---level 5X,non-tumor tiles
/mnt/wangyh/TCGA_patches/L/4f4fb3ea-56bb-4dcf-bd16-72833b9a18c8
Done!
processing ---level 10X,non-tumor tiles
/mnt/wangyh/TCGA_patches/L/4f4fb3ea-56bb-4dcf-bd16-72833b9a18c8
Done!
processing ---level 20X,non-tumor tiles
/mnt/wangyh/TCGA_patches/L/4f4fb3ea-56bb-4dcf-bd16-72833b9a18c8
Done!
processing ---level 40X,non-tumor tiles
/mnt/wangyh/TCGA_patches/L/4f4fb3ea-56bb-4dcf-bd16-72833b9a18c8
Done!
All levels processed!!
Time consumed : 38.9067209204038 min
******0/39 remain unextract******
processing  29/39:------/mnt/wangyh/TCGA_svs/4d2ca5b9-16c5-4e43-bf51-8fedf9995228/TCGA-HQ-A2OE-01Z-00-DX1.6F764592-DFDC-4636-BE91-3F1F92EE5A65.svs
masks groups includes :['tumor', 'artificial', 'necrosis', 'stroma']
processing ---level 5X,tumor tiles
/mnt/wangyh/TCGA_patches/L/638e30db-305d-45e1-a8ec-05d125f72c0b
Done!
processing ---level 10X,tumor tiles
/mnt/wangyh/TCGA_patches/L/638e30db-305d-45e1-a8ec-05d125f72c0b
Done!
processing ---level 20X,tumor tiles
/mnt/wangyh/TCGA_patches/L/638e30db-305d-45e1-a8ec-05d125f72c0b
Done!
processing ---level 40X,tumor tiles
/mnt/wangyh/TCGA_patches/L/638e30db-305d-45e1-a8ec-05d125f72c0b
Done!
All levels processed!!
processing ---level 5X,non-tumor tiles
/mnt/wangyh/TCGA_patches/L/638e30db-305d-45e1-a8ec-05d125f72c0b
Done!
processing ---level 10X,non-tumor tiles
/mnt/wangyh/TCGA_patches/L/638e30db-305d-45e1-a8ec-05d125f72c0b
Done!
processing ---level 20X,non-tumor tiles
/mnt/wangyh/TCGA_patches/L/638e30db-305d-45e1-a8ec-05d125f72c0b
Done!
processing ---level 40X,non-tumor tiles
/mnt/wangyh/TCGA_patches/L/638e30db-305d-45e1-a8ec-05d125f72c0b
Done!
All levels processed!!
Time consumed : 39.92605399290721 min
******0/39 remain unextract******
processing  30/39:------/mnt/wangyh/TCGA_svs/f2a9cd7d-b917-4374-ba2e-63e9f989ee13/TCGA-HQ-A2OF-01Z-00-DX1.6D50B772-71C3-40C3-94CF-969946799028.svs
masks groups includes :['tumor', 'stroma', 'artificial', 'necrosis']
processing ---level 5X,tumor tiles
/mnt/wangyh/TCGA_patches/L/a8e44f7c-85a0-43af-882c-16b148c6dc1e
Done!
processing ---level 10X,tumor tiles
/mnt/wangyh/TCGA_patches/L/a8e44f7c-85a0-43af-882c-16b148c6dc1e
Done!
processing ---level 20X,tumor tiles
/mnt/wangyh/TCGA_patches/L/a8e44f7c-85a0-43af-882c-16b148c6dc1e
Done!
processing ---level 40X,tumor tiles
/mnt/wangyh/TCGA_patches/L/a8e44f7c-85a0-43af-882c-16b148c6dc1e
Done!
All levels processed!!
processing ---level 5X,non-tumor tiles
/mnt/wangyh/TCGA_patches/L/a8e44f7c-85a0-43af-882c-16b148c6dc1e
Done!
processing ---level 10X,non-tumor tiles
/mnt/wangyh/TCGA_patches/L/a8e44f7c-85a0-43af-882c-16b148c6dc1e
Done!
processing ---level 20X,non-tumor tiles
/mnt/wangyh/TCGA_patches/L/a8e44f7c-85a0-43af-882c-16b148c6dc1e
Done!
processing ---level 40X,non-tumor tiles
/mnt/wangyh/TCGA_patches/L/a8e44f7c-85a0-43af-882c-16b148c6dc1e
Done!
All levels processed!!
Time consumed : 40.936395943164825 min
******0/39 remain unextract******
processing  31/39:------/mnt/wangyh/TCGA_svs/250924b5-28bb-4fa5-90ad-73a3bd26a1df/TCGA-HQ-A5ND-01Z-00-DX1.EDDFB95C-827E-4533-B49A-56612BC4D9DD.svs
masks groups includes :['tumor', 'stroma', 'artificial', 'necrosis']
processing ---level 5X,tumor tiles
/mnt/wangyh/TCGA_patches/L/f7006cc5-8462-4c5b-ba2d-7a5593547c8d
Done!
processing ---level 10X,tumor tiles
/mnt/wangyh/TCGA_patches/L/f7006cc5-8462-4c5b-ba2d-7a5593547c8d
Done!
processing ---level 20X,tumor tiles
/mnt/wangyh/TCGA_patches/L/f7006cc5-8462-4c5b-ba2d-7a5593547c8d
Done!
processing ---level 40X,tumor tiles
/mnt/wangyh/TCGA_patches/L/f7006cc5-8462-4c5b-ba2d-7a5593547c8d
Done!
All levels processed!!
processing ---level 5X,non-tumor tiles
/mnt/wangyh/TCGA_patches/L/f7006cc5-8462-4c5b-ba2d-7a5593547c8d
Done!
processing ---level 10X,non-tumor tiles
/mnt/wangyh/TCGA_patches/L/f7006cc5-8462-4c5b-ba2d-7a5593547c8d
Done!
processing ---level 20X,non-tumor tiles
/mnt/wangyh/TCGA_patches/L/f7006cc5-8462-4c5b-ba2d-7a5593547c8d
Done!
processing ---level 40X,non-tumor tiles
/mnt/wangyh/TCGA_patches/L/f7006cc5-8462-4c5b-ba2d-7a5593547c8d
Done!
All levels processed!!
Time consumed : 20.746178126335145 min
******0/39 remain unextract******
processing  32/39:------/mnt/wangyh/TCGA_svs/7f9d0ec7-f660-485f-821c-0bc34a0e451d/TCGA-HQ-A5NE-01Z-00-DX1.8046B606-085B-406F-A8D7-92A3E021020A.svs
masks groups includes :['tumor', 'artificial', 'necrosis', 'stroma']
processing ---level 5X,tumor tiles
/mnt/wangyh/TCGA_patches/L/e133ed95-c177-41ab-a71f-ad5460ea52b8
Done!
processing ---level 10X,tumor tiles
/mnt/wangyh/TCGA_patches/L/e133ed95-c177-41ab-a71f-ad5460ea52b8
Done!
processing ---level 20X,tumor tiles
/mnt/wangyh/TCGA_patches/L/e133ed95-c177-41ab-a71f-ad5460ea52b8
Done!
processing ---level 40X,tumor tiles
/mnt/wangyh/TCGA_patches/L/e133ed95-c177-41ab-a71f-ad5460ea52b8
Done!
All levels processed!!
processing ---level 5X,non-tumor tiles
/mnt/wangyh/TCGA_patches/L/e133ed95-c177-41ab-a71f-ad5460ea52b8
Done!
processing ---level 10X,non-tumor tiles
/mnt/wangyh/TCGA_patches/L/e133ed95-c177-41ab-a71f-ad5460ea52b8
Done!
processing ---level 20X,non-tumor tiles
/mnt/wangyh/TCGA_patches/L/e133ed95-c177-41ab-a71f-ad5460ea52b8
Done!
processing ---level 40X,non-tumor tiles
/mnt/wangyh/TCGA_patches/L/e133ed95-c177-41ab-a71f-ad5460ea52b8
Done!
All levels processed!!
Time consumed : 7.785079964001974 min
******0/39 remain unextract******
processing  33/39:------/mnt/wangyh/TCGA_svs/1efb5e6f-788c-4230-90d6-f6a9014d8e97/TCGA-K4-A3WU-01Z-00-DX1.DD4CA7B4-7950-4B7A-820A-74C763AFAE65.svs
masks groups includes :['tumor', 'artificial', 'necrosis', 'stroma']
processing ---level 5X,tumor tiles
/mnt/wangyh/TCGA_patches/L/bb1acd98-e82a-42be-93d0-99bfb95d1c8d
Done!
processing ---level 10X,tumor tiles
/mnt/wangyh/TCGA_patches/L/bb1acd98-e82a-42be-93d0-99bfb95d1c8d
Done!
processing ---level 20X,tumor tiles
/mnt/wangyh/TCGA_patches/L/bb1acd98-e82a-42be-93d0-99bfb95d1c8d
Done!
processing ---level 40X,tumor tiles
/mnt/wangyh/TCGA_patches/L/bb1acd98-e82a-42be-93d0-99bfb95d1c8d
Done!
All levels processed!!
processing ---level 5X,non-tumor tiles
/mnt/wangyh/TCGA_patches/L/bb1acd98-e82a-42be-93d0-99bfb95d1c8d
Done!
processing ---level 10X,non-tumor tiles
/mnt/wangyh/TCGA_patches/L/bb1acd98-e82a-42be-93d0-99bfb95d1c8d
Done!
processing ---level 20X,non-tumor tiles
/mnt/wangyh/TCGA_patches/L/bb1acd98-e82a-42be-93d0-99bfb95d1c8d
Done!
processing ---level 40X,non-tumor tiles
/mnt/wangyh/TCGA_patches/L/bb1acd98-e82a-42be-93d0-99bfb95d1c8d
Done!
All levels processed!!
Time consumed : 178.26726106405258 min
******0/39 remain unextract******
processing  34/39:------/mnt/wangyh/TCGA_svs/20675752-a362-4020-9484-0ab8966ea5b5/TCGA-K4-A3WV-01Z-00-DX1.F44E3C25-920C-4730-9019-D1E993121F08.svs
masks groups includes :['tumor', 'necrosis', 'stroma', 'artificial']
processing ---level 5X,tumor tiles
/mnt/wangyh/TCGA_patches/L/76715a6d-d1e1-4780-9d52-a79625b00217
Done!
processing ---level 10X,tumor tiles
/mnt/wangyh/TCGA_patches/L/76715a6d-d1e1-4780-9d52-a79625b00217
Done!
processing ---level 20X,tumor tiles
/mnt/wangyh/TCGA_patches/L/76715a6d-d1e1-4780-9d52-a79625b00217
Done!
processing ---level 40X,tumor tiles
/mnt/wangyh/TCGA_patches/L/76715a6d-d1e1-4780-9d52-a79625b00217
Done!
All levels processed!!
processing ---level 5X,non-tumor tiles
/mnt/wangyh/TCGA_patches/L/76715a6d-d1e1-4780-9d52-a79625b00217
Done!
processing ---level 10X,non-tumor tiles
/mnt/wangyh/TCGA_patches/L/76715a6d-d1e1-4780-9d52-a79625b00217
Done!
processing ---level 20X,non-tumor tiles
/mnt/wangyh/TCGA_patches/L/76715a6d-d1e1-4780-9d52-a79625b00217
Done!
processing ---level 40X,non-tumor tiles
/mnt/wangyh/TCGA_patches/L/76715a6d-d1e1-4780-9d52-a79625b00217
Done!
All levels processed!!
Time consumed : 348.21581000089645 min
******0/39 remain unextract******
processing  35/39:------/mnt/wangyh/TCGA_svs/c5cd90e2-6358-4f4e-86b4-ca88823d51c8/TCGA-K4-A4AB-01Z-00-DX1.88A9D084-1B3B-4B13-AAD7-18C6587624C0.svs
masks groups includes :['tumor', 'stroma', 'artificial', 'necrosis']
processing ---level 5X,tumor tiles
/mnt/wangyh/TCGA_patches/L/2ad01582-9313-4252-9cc8-1fcd0195e11f
Done!
processing ---level 10X,tumor tiles
/mnt/wangyh/TCGA_patches/L/2ad01582-9313-4252-9cc8-1fcd0195e11f
Done!
processing ---level 20X,tumor tiles
/mnt/wangyh/TCGA_patches/L/2ad01582-9313-4252-9cc8-1fcd0195e11f
Done!
processing ---level 40X,tumor tiles
/mnt/wangyh/TCGA_patches/L/2ad01582-9313-4252-9cc8-1fcd0195e11f
Done!
All levels processed!!
processing ---level 5X,non-tumor tiles
/mnt/wangyh/TCGA_patches/L/2ad01582-9313-4252-9cc8-1fcd0195e11f
Done!
processing ---level 10X,non-tumor tiles
/mnt/wangyh/TCGA_patches/L/2ad01582-9313-4252-9cc8-1fcd0195e11f
Done!
processing ---level 20X,non-tumor tiles
/mnt/wangyh/TCGA_patches/L/2ad01582-9313-4252-9cc8-1fcd0195e11f
Done!
processing ---level 40X,non-tumor tiles
/mnt/wangyh/TCGA_patches/L/2ad01582-9313-4252-9cc8-1fcd0195e11f
Done!
All levels processed!!
Time consumed : 67.86409173409145 min
******0/39 remain unextract******
processing  36/39:------/mnt/wangyh/TCGA_svs/2420da3c-ebf8-466a-b4d9-8595b6f20dad/TCGA-K4-A4AC-01Z-00-DX1.DED1674F-953D-40DB-85AE-9CD595248EC7.svs
masks groups includes :['tumor', 'artificial', 'necrosis', 'stroma']
processing ---level 5X,tumor tiles
/mnt/wangyh/TCGA_patches/L/8021356d-5af7-4084-bcaf-a82a47b0dc61
Done!
processing ---level 10X,tumor tiles
/mnt/wangyh/TCGA_patches/L/8021356d-5af7-4084-bcaf-a82a47b0dc61
Done!
processing ---level 20X,tumor tiles
/mnt/wangyh/TCGA_patches/L/8021356d-5af7-4084-bcaf-a82a47b0dc61
Done!
processing ---level 40X,tumor tiles
/mnt/wangyh/TCGA_patches/L/8021356d-5af7-4084-bcaf-a82a47b0dc61
Done!
All levels processed!!
processing ---level 5X,non-tumor tiles
/mnt/wangyh/TCGA_patches/L/8021356d-5af7-4084-bcaf-a82a47b0dc61
Done!
processing ---level 10X,non-tumor tiles
/mnt/wangyh/TCGA_patches/L/8021356d-5af7-4084-bcaf-a82a47b0dc61
Done!
processing ---level 20X,non-tumor tiles
/mnt/wangyh/TCGA_patches/L/8021356d-5af7-4084-bcaf-a82a47b0dc61
Done!
processing ---level 40X,non-tumor tiles
/mnt/wangyh/TCGA_patches/L/8021356d-5af7-4084-bcaf-a82a47b0dc61
Done!
All levels processed!!
Time consumed : 208.31821865638096 min
******0/39 remain unextract******
processing  37/39:------/mnt/wangyh/TCGA_svs/29b268b2-725f-4242-a805-a40f5f5673e1/TCGA-K4-A54R-01Z-00-DX1.66AAF596-8C68-4857-9944-226F39E82CA8.svs
masks groups includes :['tumor', 'stroma', 'artificial', 'necrosis']
processing ---level 5X,tumor tiles
/mnt/wangyh/TCGA_patches/H/aec6ae3a-375a-430a-9411-cd1129d5eca6
Done!
processing ---level 10X,tumor tiles
/mnt/wangyh/TCGA_patches/H/aec6ae3a-375a-430a-9411-cd1129d5eca6
Done!
processing ---level 20X,tumor tiles
/mnt/wangyh/TCGA_patches/H/aec6ae3a-375a-430a-9411-cd1129d5eca6
Done!
processing ---level 40X,tumor tiles
/mnt/wangyh/TCGA_patches/H/aec6ae3a-375a-430a-9411-cd1129d5eca6
Done!
All levels processed!!
processing ---level 5X,non-tumor tiles
/mnt/wangyh/TCGA_patches/H/aec6ae3a-375a-430a-9411-cd1129d5eca6
Done!
processing ---level 10X,non-tumor tiles
/mnt/wangyh/TCGA_patches/H/aec6ae3a-375a-430a-9411-cd1129d5eca6
Done!
processing ---level 20X,non-tumor tiles
/mnt/wangyh/TCGA_patches/H/aec6ae3a-375a-430a-9411-cd1129d5eca6
Done!
processing ---level 40X,non-tumor tiles
/mnt/wangyh/TCGA_patches/H/aec6ae3a-375a-430a-9411-cd1129d5eca6
Done!
All levels processed!!
Time consumed : 111.33329566319783 min
******0/39 remain unextract******
processing  38/39:------/mnt/wangyh/TCGA_svs/481bf8fd-ff96-497b-8dfa-03f881fbcc71/TCGA-K4-A5RH-01Z-00-DX1.8AA2FC59-CDA4-49F5-BAB7-B14B6792FAF8.svs
masks groups includes :['tumor', 'necrosis', 'artificial', 'stroma']
processing ---level 5X,tumor tiles
/mnt/wangyh/TCGA_patches/L/962d3290-06dc-4368-a432-5ae171304722
Done!
processing ---level 10X,tumor tiles
/mnt/wangyh/TCGA_patches/L/962d3290-06dc-4368-a432-5ae171304722
Done!
processing ---level 20X,tumor tiles
/mnt/wangyh/TCGA_patches/L/962d3290-06dc-4368-a432-5ae171304722
Done!
processing ---level 40X,tumor tiles
/mnt/wangyh/TCGA_patches/L/962d3290-06dc-4368-a432-5ae171304722
Done!
All levels processed!!
processing ---level 5X,non-tumor tiles
/mnt/wangyh/TCGA_patches/L/962d3290-06dc-4368-a432-5ae171304722
Done!
processing ---level 10X,non-tumor tiles
/mnt/wangyh/TCGA_patches/L/962d3290-06dc-4368-a432-5ae171304722
Done!
processing ---level 20X,non-tumor tiles
/mnt/wangyh/TCGA_patches/L/962d3290-06dc-4368-a432-5ae171304722
Done!
processing ---level 40X,non-tumor tiles
/mnt/wangyh/TCGA_patches/L/962d3290-06dc-4368-a432-5ae171304722
Done!
All levels processed!!
Time consumed : 75.99952880144119 min
******0/39 remain unextract******
processing  39/39:------/mnt/wangyh/TCGA_svs/b17fe377-ccb1-48d7-9a7a-ade1c83a5349/TCGA-K4-A5RI-01Z-00-DX1.A56C3CF4-543E-46D6-BA50-52A4C790FAE8.svs
masks groups includes :['tumor', 'artificial', 'necrosis', 'stroma']
processing ---level 5X,tumor tiles
/mnt/wangyh/TCGA_patches/L/f4ca3ddd-dc53-4ab0-b55b-942603b64e57
Done!
processing ---level 10X,tumor tiles
/mnt/wangyh/TCGA_patches/L/f4ca3ddd-dc53-4ab0-b55b-942603b64e57
Done!
processing ---level 20X,tumor tiles
/mnt/wangyh/TCGA_patches/L/f4ca3ddd-dc53-4ab0-b55b-942603b64e57
Done!
processing ---level 40X,tumor tiles
/mnt/wangyh/TCGA_patches/L/f4ca3ddd-dc53-4ab0-b55b-942603b64e57
Done!
All levels processed!!
processing ---level 5X,non-tumor tiles
/mnt/wangyh/TCGA_patches/L/f4ca3ddd-dc53-4ab0-b55b-942603b64e57
Done!
processing ---level 10X,non-tumor tiles
/mnt/wangyh/TCGA_patches/L/f4ca3ddd-dc53-4ab0-b55b-942603b64e57
Done!
processing ---level 20X,non-tumor tiles
/mnt/wangyh/TCGA_patches/L/f4ca3ddd-dc53-4ab0-b55b-942603b64e57
Done!
processing ---level 40X,non-tumor tiles
/mnt/wangyh/TCGA_patches/L/f4ca3ddd-dc53-4ab0-b55b-942603b64e57
Done!
All levels processed!!
Time consumed : 161.12443673213323 min
******0/39 remain unextract******
